<?xml version="1.0" encoding="UTF-8"?>
<robot generator="Robot 3.0.4 (Python 3.6.3 on win32)" generated="20200611 19:55:20.100">
<suite id="s1" name="Moneywallet Test Automation" source="C:\Users\dcTrack\Desktop\STV_Project\moneywallet_test_automation">
<suite id="s1-s1" name="Transaction" source="C:\Users\dcTrack\Desktop\STV_Project\moneywallet_test_automation\Transaction">
<suite id="s1-s1-s1" name="Find Transaction By Search" source="C:\Users\dcTrack\Desktop\STV_Project\moneywallet_test_automation\Transaction\Find Transaction By Search.robot">
<kw name="Run Keywords" library="BuiltIn" type="setup">
<doc>Executes all the given keywords in a sequence.</doc>
<arguments>
<arg>Open App</arg>
<arg>AND</arg>
<arg>Create Wallet</arg>
<arg>AND</arg>
<arg>Create a Transaction</arg>
<arg>Lunch</arg>
<arg>AND</arg>
<arg>Create a Transaction</arg>
<arg>Dinner</arg>
</arguments>
<kw name="Open App" library="Keywords">
<kw name="Open Application" library="AppiumLibrary">
<doc>Opens a new application to given Appium server.</doc>
<arguments>
<arg>http://localhost:4723/wd/hub</arg>
<arg>platformName=Android</arg>
<arg>platformVersion=7.1.1</arg>
<arg>deviceName=Pixel 2 API 25</arg>
<arg>app=${EXECDIR}/../moneywallet/app/proprietaryOsm/release/app-proprietary-osm-release.apk</arg>
<arg>appPackage=com.oriondev.moneywallet</arg>
</arguments>
<status status="PASS" starttime="20200611 19:55:20.380" endtime="20200611 19:55:40.699"></status>
</kw>
<kw name="Click Element After It Is Visible" library="Keywords">
<arguments>
<arg>id=first_start_button</arg>
</arguments>
<kw name="Wait Until Element Is Visible On Page" library="Keywords">
<arguments>
<arg>${locator}</arg>
<arg>timeout=3s</arg>
<arg>error=Element should be visible.</arg>
</arguments>
<kw name="Wait Until Page Contains Element" library="AppiumLibrary">
<doc>Waits until element specified with `locator` appears on current page.</doc>
<arguments>
<arg>${locator}</arg>
<arg>timeout=${timeout}</arg>
<arg>error=${error}</arg>
</arguments>
<status status="PASS" starttime="20200611 19:55:40.702" endtime="20200611 19:55:41.053"></status>
</kw>
<kw name="Wait Until Element Is Visible" library="AppiumLibrary">
<doc>Waits until element specified with `locator` is visible.</doc>
<arguments>
<arg>${locator}</arg>
<arg>timeout=${timeout}</arg>
<arg>error=${error}</arg>
</arguments>
<status status="PASS" starttime="20200611 19:55:41.054" endtime="20200611 19:55:41.083"></status>
</kw>
<status status="PASS" starttime="20200611 19:55:40.702" endtime="20200611 19:55:41.084"></status>
</kw>
<kw name="Click Element" library="AppiumLibrary">
<doc>Click element identified by `locator`.</doc>
<arguments>
<arg>${locator}</arg>
</arguments>
<msg timestamp="20200611 19:55:41.085" level="INFO">Clicking element 'id=first_start_button'.</msg>
<status status="PASS" starttime="20200611 19:55:41.084" endtime="20200611 19:55:41.118"></status>
</kw>
<status status="PASS" starttime="20200611 19:55:40.701" endtime="20200611 19:55:41.118"></status>
</kw>
<kw name="Click Element After It Is Visible" library="Keywords">
<arguments>
<arg>id=skip</arg>
</arguments>
<kw name="Wait Until Element Is Visible On Page" library="Keywords">
<arguments>
<arg>${locator}</arg>
<arg>timeout=3s</arg>
<arg>error=Element should be visible.</arg>
</arguments>
<kw name="Wait Until Page Contains Element" library="AppiumLibrary">
<doc>Waits until element specified with `locator` appears on current page.</doc>
<arguments>
<arg>${locator}</arg>
<arg>timeout=${timeout}</arg>
<arg>error=${error}</arg>
</arguments>
<status status="PASS" starttime="20200611 19:55:41.120" endtime="20200611 19:55:42.353"></status>
</kw>
<kw name="Wait Until Element Is Visible" library="AppiumLibrary">
<doc>Waits until element specified with `locator` is visible.</doc>
<arguments>
<arg>${locator}</arg>
<arg>timeout=${timeout}</arg>
<arg>error=${error}</arg>
</arguments>
<status status="PASS" starttime="20200611 19:55:42.354" endtime="20200611 19:55:42.386"></status>
</kw>
<status status="PASS" starttime="20200611 19:55:41.119" endtime="20200611 19:55:42.386"></status>
</kw>
<kw name="Click Element" library="AppiumLibrary">
<doc>Click element identified by `locator`.</doc>
<arguments>
<arg>${locator}</arg>
</arguments>
<msg timestamp="20200611 19:55:42.388" level="INFO">Clicking element 'id=skip'.</msg>
<status status="PASS" starttime="20200611 19:55:42.387" endtime="20200611 19:55:42.422"></status>
</kw>
<status status="PASS" starttime="20200611 19:55:41.118" endtime="20200611 19:55:42.423"></status>
</kw>
<kw name="Click Element After It Is Visible" library="Keywords">
<arguments>
<arg>id=done</arg>
</arguments>
<kw name="Wait Until Element Is Visible On Page" library="Keywords">
<arguments>
<arg>${locator}</arg>
<arg>timeout=3s</arg>
<arg>error=Element should be visible.</arg>
</arguments>
<kw name="Wait Until Page Contains Element" library="AppiumLibrary">
<doc>Waits until element specified with `locator` appears on current page.</doc>
<arguments>
<arg>${locator}</arg>
<arg>timeout=${timeout}</arg>
<arg>error=${error}</arg>
</arguments>
<status status="PASS" starttime="20200611 19:55:42.424" endtime="20200611 19:55:43.553"></status>
</kw>
<kw name="Wait Until Element Is Visible" library="AppiumLibrary">
<doc>Waits until element specified with `locator` is visible.</doc>
<arguments>
<arg>${locator}</arg>
<arg>timeout=${timeout}</arg>
<arg>error=${error}</arg>
</arguments>
<status status="PASS" starttime="20200611 19:55:43.554" endtime="20200611 19:55:43.582"></status>
</kw>
<status status="PASS" starttime="20200611 19:55:42.423" endtime="20200611 19:55:43.583"></status>
</kw>
<kw name="Click Element" library="AppiumLibrary">
<doc>Click element identified by `locator`.</doc>
<arguments>
<arg>${locator}</arg>
</arguments>
<msg timestamp="20200611 19:55:43.584" level="INFO">Clicking element 'id=done'.</msg>
<status status="PASS" starttime="20200611 19:55:43.583" endtime="20200611 19:55:43.614"></status>
</kw>
<status status="PASS" starttime="20200611 19:55:42.423" endtime="20200611 19:55:43.614"></status>
</kw>
<kw name="Wait Until Element Is Visible On Page" library="Keywords">
<arguments>
<arg>//*[@text="New wallet"]</arg>
<arg>timeout=3s</arg>
<arg>error=Wallet page should be visible.</arg>
</arguments>
<kw name="Wait Until Page Contains Element" library="AppiumLibrary">
<doc>Waits until element specified with `locator` appears on current page.</doc>
<arguments>
<arg>${locator}</arg>
<arg>timeout=${timeout}</arg>
<arg>error=${error}</arg>
</arguments>
<status status="PASS" starttime="20200611 19:55:43.615" endtime="20200611 19:55:45.139"></status>
</kw>
<kw name="Wait Until Element Is Visible" library="AppiumLibrary">
<doc>Waits until element specified with `locator` is visible.</doc>
<arguments>
<arg>${locator}</arg>
<arg>timeout=${timeout}</arg>
<arg>error=${error}</arg>
</arguments>
<status status="PASS" starttime="20200611 19:55:45.140" endtime="20200611 19:55:45.190"></status>
</kw>
<status status="PASS" starttime="20200611 19:55:43.615" endtime="20200611 19:55:45.191"></status>
</kw>
<status status="PASS" starttime="20200611 19:55:20.380" endtime="20200611 19:55:45.192"></status>
</kw>
<kw name="Create Wallet" library="Keywords">
<kw name="Wait Until Element Is Visible On Page" library="Keywords">
<arguments>
<arg>id=name_edit_text</arg>
<arg>timeout=3s</arg>
<arg>error=!!!!</arg>
</arguments>
<kw name="Wait Until Page Contains Element" library="AppiumLibrary">
<doc>Waits until element specified with `locator` appears on current page.</doc>
<arguments>
<arg>${locator}</arg>
<arg>timeout=${timeout}</arg>
<arg>error=${error}</arg>
</arguments>
<status status="PASS" starttime="20200611 19:55:45.193" endtime="20200611 19:55:45.207"></status>
</kw>
<kw name="Wait Until Element Is Visible" library="AppiumLibrary">
<doc>Waits until element specified with `locator` is visible.</doc>
<arguments>
<arg>${locator}</arg>
<arg>timeout=${timeout}</arg>
<arg>error=${error}</arg>
</arguments>
<status status="PASS" starttime="20200611 19:55:45.207" endtime="20200611 19:55:45.233"></status>
</kw>
<status status="PASS" starttime="20200611 19:55:45.193" endtime="20200611 19:55:45.234"></status>
</kw>
<kw name="Input Text" library="AppiumLibrary">
<doc>Types the given `text` into text field identified by `locator`.</doc>
<arguments>
<arg>id=name_edit_text</arg>
<arg>Living Expenses</arg>
</arguments>
<msg timestamp="20200611 19:55:45.235" level="INFO">Typing text 'Living Expenses' into text field 'id=name_edit_text'</msg>
<status status="PASS" starttime="20200611 19:55:45.234" endtime="20200611 19:55:46.024"></status>
</kw>
<kw name="Click Element After It Is Visible" library="Keywords">
<arguments>
<arg>id=action_save_changes</arg>
</arguments>
<kw name="Wait Until Element Is Visible On Page" library="Keywords">
<arguments>
<arg>${locator}</arg>
<arg>timeout=3s</arg>
<arg>error=Element should be visible.</arg>
</arguments>
<kw name="Wait Until Page Contains Element" library="AppiumLibrary">
<doc>Waits until element specified with `locator` appears on current page.</doc>
<arguments>
<arg>${locator}</arg>
<arg>timeout=${timeout}</arg>
<arg>error=${error}</arg>
</arguments>
<status status="PASS" starttime="20200611 19:55:46.026" endtime="20200611 19:55:46.581"></status>
</kw>
<kw name="Wait Until Element Is Visible" library="AppiumLibrary">
<doc>Waits until element specified with `locator` is visible.</doc>
<arguments>
<arg>${locator}</arg>
<arg>timeout=${timeout}</arg>
<arg>error=${error}</arg>
</arguments>
<status status="PASS" starttime="20200611 19:55:46.581" endtime="20200611 19:55:46.606"></status>
</kw>
<status status="PASS" starttime="20200611 19:55:46.026" endtime="20200611 19:55:46.607"></status>
</kw>
<kw name="Click Element" library="AppiumLibrary">
<doc>Click element identified by `locator`.</doc>
<arguments>
<arg>${locator}</arg>
</arguments>
<msg timestamp="20200611 19:55:46.608" level="INFO">Clicking element 'id=action_save_changes'.</msg>
<status status="PASS" starttime="20200611 19:55:46.607" endtime="20200611 19:55:46.635"></status>
</kw>
<status status="PASS" starttime="20200611 19:55:46.025" endtime="20200611 19:55:46.636"></status>
</kw>
<kw name="Wait Until Element Is Visible On Page" library="Keywords">
<arguments>
<arg>//*[@text="Transactions"]</arg>
<arg>timeout=3s</arg>
<arg>error=Transactions page should be visible.</arg>
</arguments>
<kw name="Wait Until Page Contains Element" library="AppiumLibrary">
<doc>Waits until element specified with `locator` appears on current page.</doc>
<arguments>
<arg>${locator}</arg>
<arg>timeout=${timeout}</arg>
<arg>error=${error}</arg>
</arguments>
<status status="PASS" starttime="20200611 19:55:46.637" endtime="20200611 19:55:48.061"></status>
</kw>
<kw name="Wait Until Element Is Visible" library="AppiumLibrary">
<doc>Waits until element specified with `locator` is visible.</doc>
<arguments>
<arg>${locator}</arg>
<arg>timeout=${timeout}</arg>
<arg>error=${error}</arg>
</arguments>
<status status="PASS" starttime="20200611 19:55:48.062" endtime="20200611 19:55:48.107"></status>
</kw>
<status status="PASS" starttime="20200611 19:55:46.636" endtime="20200611 19:55:48.108"></status>
</kw>
<kw name="Click Element After It Is Visible" library="Keywords">
<arguments>
<arg>//*[@content-desc="Open"]</arg>
</arguments>
<kw name="Wait Until Element Is Visible On Page" library="Keywords">
<arguments>
<arg>${locator}</arg>
<arg>timeout=3s</arg>
<arg>error=Element should be visible.</arg>
</arguments>
<kw name="Wait Until Page Contains Element" library="AppiumLibrary">
<doc>Waits until element specified with `locator` appears on current page.</doc>
<arguments>
<arg>${locator}</arg>
<arg>timeout=${timeout}</arg>
<arg>error=${error}</arg>
</arguments>
<status status="PASS" starttime="20200611 19:55:48.109" endtime="20200611 19:55:48.141"></status>
</kw>
<kw name="Wait Until Element Is Visible" library="AppiumLibrary">
<doc>Waits until element specified with `locator` is visible.</doc>
<arguments>
<arg>${locator}</arg>
<arg>timeout=${timeout}</arg>
<arg>error=${error}</arg>
</arguments>
<status status="PASS" starttime="20200611 19:55:48.142" endtime="20200611 19:55:48.188"></status>
</kw>
<status status="PASS" starttime="20200611 19:55:48.109" endtime="20200611 19:55:48.188"></status>
</kw>
<kw name="Click Element" library="AppiumLibrary">
<doc>Click element identified by `locator`.</doc>
<arguments>
<arg>${locator}</arg>
</arguments>
<msg timestamp="20200611 19:55:48.190" level="INFO">Clicking element '//*[@content-desc="Open"]'.</msg>
<status status="PASS" starttime="20200611 19:55:48.189" endtime="20200611 19:55:48.236"></status>
</kw>
<status status="PASS" starttime="20200611 19:55:48.108" endtime="20200611 19:55:48.236"></status>
</kw>
<kw name="Get Text After It Is Visible" library="Keywords">
<arguments>
<arg>id=material_drawer_account_header_name</arg>
</arguments>
<assign>
<var>${walletName}</var>
</assign>
<kw name="Wait Until Element Is Visible On Page" library="Keywords">
<arguments>
<arg>${locator}</arg>
<arg>timeout=3s</arg>
<arg>error=Element should be visible.</arg>
</arguments>
<kw name="Wait Until Page Contains Element" library="AppiumLibrary">
<doc>Waits until element specified with `locator` appears on current page.</doc>
<arguments>
<arg>${locator}</arg>
<arg>timeout=${timeout}</arg>
<arg>error=${error}</arg>
</arguments>
<status status="PASS" starttime="20200611 19:55:48.238" endtime="20200611 19:55:48.551"></status>
</kw>
<kw name="Wait Until Element Is Visible" library="AppiumLibrary">
<doc>Waits until element specified with `locator` is visible.</doc>
<arguments>
<arg>${locator}</arg>
<arg>timeout=${timeout}</arg>
<arg>error=${error}</arg>
</arguments>
<status status="PASS" starttime="20200611 19:55:48.552" endtime="20200611 19:55:49.227"></status>
</kw>
<status status="PASS" starttime="20200611 19:55:48.237" endtime="20200611 19:55:49.227"></status>
</kw>
<kw name="Get Text" library="AppiumLibrary">
<doc>Get element text (for hybrid and mobile browser use `xpath` locator, others might cause problem)</doc>
<arguments>
<arg>${locator}</arg>
</arguments>
<assign>
<var>${text}</var>
</assign>
<msg timestamp="20200611 19:55:49.265" level="INFO">Element 'id=material_drawer_account_header_name' text is 'Living Expenses' </msg>
<msg timestamp="20200611 19:55:49.266" level="INFO">${text} = Living Expenses</msg>
<status status="PASS" starttime="20200611 19:55:49.228" endtime="20200611 19:55:49.266"></status>
</kw>
<msg timestamp="20200611 19:55:49.266" level="INFO">${walletName} = Living Expenses</msg>
<status status="PASS" starttime="20200611 19:55:48.237" endtime="20200611 19:55:49.266"></status>
</kw>
<kw name="Should Be Equal" library="BuiltIn">
<doc>Fails if the given objects are unequal.</doc>
<arguments>
<arg>Living Expenses</arg>
<arg>${walletName}</arg>
</arguments>
<status status="PASS" starttime="20200611 19:55:49.267" endtime="20200611 19:55:49.267"></status>
</kw>
<status status="PASS" starttime="20200611 19:55:45.192" endtime="20200611 19:55:49.267"></status>
</kw>
<kw name="Create A Transaction">
<arguments>
<arg>Lunch</arg>
</arguments>
<kw name="Click Element After It Is Visible" library="Keywords">
<arguments>
<arg>//*[@text="Transactions"]</arg>
</arguments>
<kw name="Wait Until Element Is Visible On Page" library="Keywords">
<arguments>
<arg>${locator}</arg>
<arg>timeout=3s</arg>
<arg>error=Element should be visible.</arg>
</arguments>
<kw name="Wait Until Page Contains Element" library="AppiumLibrary">
<doc>Waits until element specified with `locator` appears on current page.</doc>
<arguments>
<arg>${locator}</arg>
<arg>timeout=${timeout}</arg>
<arg>error=${error}</arg>
</arguments>
<status status="PASS" starttime="20200611 19:55:49.269" endtime="20200611 19:55:49.359"></status>
</kw>
<kw name="Wait Until Element Is Visible" library="AppiumLibrary">
<doc>Waits until element specified with `locator` is visible.</doc>
<arguments>
<arg>${locator}</arg>
<arg>timeout=${timeout}</arg>
<arg>error=${error}</arg>
</arguments>
<status status="PASS" starttime="20200611 19:55:49.360" endtime="20200611 19:55:49.450"></status>
</kw>
<status status="PASS" starttime="20200611 19:55:49.268" endtime="20200611 19:55:49.451"></status>
</kw>
<kw name="Click Element" library="AppiumLibrary">
<doc>Click element identified by `locator`.</doc>
<arguments>
<arg>${locator}</arg>
</arguments>
<msg timestamp="20200611 19:55:49.452" level="INFO">Clicking element '//*[@text="Transactions"]'.</msg>
<status status="PASS" starttime="20200611 19:55:49.451" endtime="20200611 19:55:49.553"></status>
</kw>
<status status="PASS" starttime="20200611 19:55:49.268" endtime="20200611 19:55:49.553"></status>
</kw>
<kw name="Wait Until Element Is Visible On Page" library="Keywords">
<arguments>
<arg>//*[@text="Transactions"]</arg>
<arg>timeout=3s</arg>
<arg>error=Transactions page should be visible.</arg>
</arguments>
<kw name="Wait Until Page Contains Element" library="AppiumLibrary">
<doc>Waits until element specified with `locator` appears on current page.</doc>
<arguments>
<arg>${locator}</arg>
<arg>timeout=${timeout}</arg>
<arg>error=${error}</arg>
</arguments>
<status status="PASS" starttime="20200611 19:55:49.555" endtime="20200611 19:55:50.566"></status>
</kw>
<kw name="Wait Until Element Is Visible" library="AppiumLibrary">
<doc>Waits until element specified with `locator` is visible.</doc>
<arguments>
<arg>${locator}</arg>
<arg>timeout=${timeout}</arg>
<arg>error=${error}</arg>
</arguments>
<status status="PASS" starttime="20200611 19:55:50.567" endtime="20200611 19:55:50.607"></status>
</kw>
<status status="PASS" starttime="20200611 19:55:49.554" endtime="20200611 19:55:50.607"></status>
</kw>
<kw name="Click Element After It Is Visible" library="Keywords">
<arguments>
<arg>id=floating_action_button</arg>
</arguments>
<kw name="Wait Until Element Is Visible On Page" library="Keywords">
<arguments>
<arg>${locator}</arg>
<arg>timeout=3s</arg>
<arg>error=Element should be visible.</arg>
</arguments>
<kw name="Wait Until Page Contains Element" library="AppiumLibrary">
<doc>Waits until element specified with `locator` appears on current page.</doc>
<arguments>
<arg>${locator}</arg>
<arg>timeout=${timeout}</arg>
<arg>error=${error}</arg>
</arguments>
<status status="PASS" starttime="20200611 19:55:50.608" endtime="20200611 19:55:50.624"></status>
</kw>
<kw name="Wait Until Element Is Visible" library="AppiumLibrary">
<doc>Waits until element specified with `locator` is visible.</doc>
<arguments>
<arg>${locator}</arg>
<arg>timeout=${timeout}</arg>
<arg>error=${error}</arg>
</arguments>
<status status="PASS" starttime="20200611 19:55:50.624" endtime="20200611 19:55:50.650"></status>
</kw>
<status status="PASS" starttime="20200611 19:55:50.608" endtime="20200611 19:55:50.650"></status>
</kw>
<kw name="Click Element" library="AppiumLibrary">
<doc>Click element identified by `locator`.</doc>
<arguments>
<arg>${locator}</arg>
</arguments>
<msg timestamp="20200611 19:55:50.651" level="INFO">Clicking element 'id=floating_action_button'.</msg>
<status status="PASS" starttime="20200611 19:55:50.650" endtime="20200611 19:55:50.682"></status>
</kw>
<status status="PASS" starttime="20200611 19:55:50.607" endtime="20200611 19:55:50.682"></status>
</kw>
<kw name="Wait Until Element Is Visible On Page" library="Keywords">
<arguments>
<arg>//*[@text="New transaction"]</arg>
<arg>timeout=3s</arg>
<arg>error=New transaction page should be visible.</arg>
</arguments>
<kw name="Wait Until Page Contains Element" library="AppiumLibrary">
<doc>Waits until element specified with `locator` appears on current page.</doc>
<arguments>
<arg>${locator}</arg>
<arg>timeout=${timeout}</arg>
<arg>error=${error}</arg>
</arguments>
<status status="PASS" starttime="20200611 19:55:50.683" endtime="20200611 19:55:51.872"></status>
</kw>
<kw name="Wait Until Element Is Visible" library="AppiumLibrary">
<doc>Waits until element specified with `locator` is visible.</doc>
<arguments>
<arg>${locator}</arg>
<arg>timeout=${timeout}</arg>
<arg>error=${error}</arg>
</arguments>
<status status="PASS" starttime="20200611 19:55:51.873" endtime="20200611 19:55:51.923"></status>
</kw>
<status status="PASS" starttime="20200611 19:55:50.683" endtime="20200611 19:55:51.923"></status>
</kw>
<kw name="Input Text After It Is Visible" library="Keywords">
<arguments>
<arg>id=description_edit_text</arg>
<arg>${transactionName}</arg>
</arguments>
<kw name="Wait Until Element Is Visible On Page" library="Keywords">
<arguments>
<arg>${locator}</arg>
<arg>timeout=3s</arg>
<arg>error=Element should be visible.</arg>
</arguments>
<kw name="Wait Until Page Contains Element" library="AppiumLibrary">
<doc>Waits until element specified with `locator` appears on current page.</doc>
<arguments>
<arg>${locator}</arg>
<arg>timeout=${timeout}</arg>
<arg>error=${error}</arg>
</arguments>
<status status="PASS" starttime="20200611 19:55:51.925" endtime="20200611 19:55:51.941"></status>
</kw>
<kw name="Wait Until Element Is Visible" library="AppiumLibrary">
<doc>Waits until element specified with `locator` is visible.</doc>
<arguments>
<arg>${locator}</arg>
<arg>timeout=${timeout}</arg>
<arg>error=${error}</arg>
</arguments>
<status status="PASS" starttime="20200611 19:55:51.941" endtime="20200611 19:55:51.968"></status>
</kw>
<status status="PASS" starttime="20200611 19:55:51.924" endtime="20200611 19:55:51.968"></status>
</kw>
<kw name="Input Text" library="AppiumLibrary">
<doc>Types the given `text` into text field identified by `locator`.</doc>
<arguments>
<arg>${locator}</arg>
<arg>${text}</arg>
</arguments>
<msg timestamp="20200611 19:55:51.969" level="INFO">Typing text 'Lunch' into text field 'id=description_edit_text'</msg>
<status status="PASS" starttime="20200611 19:55:51.968" endtime="20200611 19:55:52.857"></status>
</kw>
<status status="PASS" starttime="20200611 19:55:51.924" endtime="20200611 19:55:52.857"></status>
</kw>
<kw name="Click Element After It Is Visible" library="Keywords">
<arguments>
<arg>id=category_edit_text</arg>
</arguments>
<kw name="Wait Until Element Is Visible On Page" library="Keywords">
<arguments>
<arg>${locator}</arg>
<arg>timeout=3s</arg>
<arg>error=Element should be visible.</arg>
</arguments>
<kw name="Wait Until Page Contains Element" library="AppiumLibrary">
<doc>Waits until element specified with `locator` appears on current page.</doc>
<arguments>
<arg>${locator}</arg>
<arg>timeout=${timeout}</arg>
<arg>error=${error}</arg>
</arguments>
<status status="PASS" starttime="20200611 19:55:52.860" endtime="20200611 19:55:53.617"></status>
</kw>
<kw name="Wait Until Element Is Visible" library="AppiumLibrary">
<doc>Waits until element specified with `locator` is visible.</doc>
<arguments>
<arg>${locator}</arg>
<arg>timeout=${timeout}</arg>
<arg>error=${error}</arg>
</arguments>
<status status="PASS" starttime="20200611 19:55:53.617" endtime="20200611 19:55:53.646"></status>
</kw>
<status status="PASS" starttime="20200611 19:55:52.859" endtime="20200611 19:55:53.646"></status>
</kw>
<kw name="Click Element" library="AppiumLibrary">
<doc>Click element identified by `locator`.</doc>
<arguments>
<arg>${locator}</arg>
</arguments>
<msg timestamp="20200611 19:55:53.648" level="INFO">Clicking element 'id=category_edit_text'.</msg>
<status status="PASS" starttime="20200611 19:55:53.647" endtime="20200611 19:55:54.600"></status>
</kw>
<status status="PASS" starttime="20200611 19:55:52.858" endtime="20200611 19:55:54.601"></status>
</kw>
<kw name="Wait Until Element Is Visible On Page" library="Keywords">
<arguments>
<arg>//*[@text="Pick a category"]</arg>
<arg>timeout=3s</arg>
<arg>error=Picking category page should be visible.</arg>
</arguments>
<kw name="Wait Until Page Contains Element" library="AppiumLibrary">
<doc>Waits until element specified with `locator` appears on current page.</doc>
<arguments>
<arg>${locator}</arg>
<arg>timeout=${timeout}</arg>
<arg>error=${error}</arg>
</arguments>
<status status="PASS" starttime="20200611 19:55:54.603" endtime="20200611 19:55:54.645"></status>
</kw>
<kw name="Wait Until Element Is Visible" library="AppiumLibrary">
<doc>Waits until element specified with `locator` is visible.</doc>
<arguments>
<arg>${locator}</arg>
<arg>timeout=${timeout}</arg>
<arg>error=${error}</arg>
</arguments>
<status status="PASS" starttime="20200611 19:55:54.645" endtime="20200611 19:55:54.697"></status>
</kw>
<status status="PASS" starttime="20200611 19:55:54.602" endtime="20200611 19:55:54.697"></status>
</kw>
<kw name="Click Element After It Is Visible" library="Keywords">
<arguments>
<arg>//*[@text="Food and drinks"]</arg>
</arguments>
<kw name="Wait Until Element Is Visible On Page" library="Keywords">
<arguments>
<arg>${locator}</arg>
<arg>timeout=3s</arg>
<arg>error=Element should be visible.</arg>
</arguments>
<kw name="Wait Until Page Contains Element" library="AppiumLibrary">
<doc>Waits until element specified with `locator` appears on current page.</doc>
<arguments>
<arg>${locator}</arg>
<arg>timeout=${timeout}</arg>
<arg>error=${error}</arg>
</arguments>
<status status="PASS" starttime="20200611 19:55:54.698" endtime="20200611 19:55:54.741"></status>
</kw>
<kw name="Wait Until Element Is Visible" library="AppiumLibrary">
<doc>Waits until element specified with `locator` is visible.</doc>
<arguments>
<arg>${locator}</arg>
<arg>timeout=${timeout}</arg>
<arg>error=${error}</arg>
</arguments>
<status status="PASS" starttime="20200611 19:55:54.741" endtime="20200611 19:55:54.794"></status>
</kw>
<status status="PASS" starttime="20200611 19:55:54.698" endtime="20200611 19:55:54.794"></status>
</kw>
<kw name="Click Element" library="AppiumLibrary">
<doc>Click element identified by `locator`.</doc>
<arguments>
<arg>${locator}</arg>
</arguments>
<msg timestamp="20200611 19:55:54.797" level="INFO">Clicking element '//*[@text="Food and drinks"]'.</msg>
<status status="PASS" starttime="20200611 19:55:54.795" endtime="20200611 19:55:54.847"></status>
</kw>
<status status="PASS" starttime="20200611 19:55:54.697" endtime="20200611 19:55:54.848"></status>
</kw>
<kw name="Wait Until Element Is Visible On Page" library="Keywords">
<arguments>
<arg>//*[@text="New transaction"]</arg>
<arg>timeout=3s</arg>
<arg>error=New transaction page should be visible.</arg>
</arguments>
<kw name="Wait Until Page Contains Element" library="AppiumLibrary">
<doc>Waits until element specified with `locator` appears on current page.</doc>
<arguments>
<arg>${locator}</arg>
<arg>timeout=${timeout}</arg>
<arg>error=${error}</arg>
</arguments>
<status status="PASS" starttime="20200611 19:55:54.849" endtime="20200611 19:55:55.530"></status>
</kw>
<kw name="Wait Until Element Is Visible" library="AppiumLibrary">
<doc>Waits until element specified with `locator` is visible.</doc>
<arguments>
<arg>${locator}</arg>
<arg>timeout=${timeout}</arg>
<arg>error=${error}</arg>
</arguments>
<status status="PASS" starttime="20200611 19:55:55.531" endtime="20200611 19:55:55.580"></status>
</kw>
<status status="PASS" starttime="20200611 19:55:54.848" endtime="20200611 19:55:55.581"></status>
</kw>
<kw name="Click Element After It Is Visible" library="Keywords">
<arguments>
<arg>id=action_save_changes</arg>
</arguments>
<kw name="Wait Until Element Is Visible On Page" library="Keywords">
<arguments>
<arg>${locator}</arg>
<arg>timeout=3s</arg>
<arg>error=Element should be visible.</arg>
</arguments>
<kw name="Wait Until Page Contains Element" library="AppiumLibrary">
<doc>Waits until element specified with `locator` appears on current page.</doc>
<arguments>
<arg>${locator}</arg>
<arg>timeout=${timeout}</arg>
<arg>error=${error}</arg>
</arguments>
<status status="PASS" starttime="20200611 19:55:55.582" endtime="20200611 19:55:55.602"></status>
</kw>
<kw name="Wait Until Element Is Visible" library="AppiumLibrary">
<doc>Waits until element specified with `locator` is visible.</doc>
<arguments>
<arg>${locator}</arg>
<arg>timeout=${timeout}</arg>
<arg>error=${error}</arg>
</arguments>
<status status="PASS" starttime="20200611 19:55:55.603" endtime="20200611 19:55:55.631"></status>
</kw>
<status status="PASS" starttime="20200611 19:55:55.582" endtime="20200611 19:55:55.631"></status>
</kw>
<kw name="Click Element" library="AppiumLibrary">
<doc>Click element identified by `locator`.</doc>
<arguments>
<arg>${locator}</arg>
</arguments>
<msg timestamp="20200611 19:55:55.633" level="INFO">Clicking element 'id=action_save_changes'.</msg>
<status status="PASS" starttime="20200611 19:55:55.632" endtime="20200611 19:55:55.667"></status>
</kw>
<status status="PASS" starttime="20200611 19:55:55.581" endtime="20200611 19:55:55.668"></status>
</kw>
<kw name="Wait Until Element Is Visible On Page" library="Keywords">
<arguments>
<arg>//*[@text="Transactions"]</arg>
<arg>timeout=3s</arg>
<arg>error=Transactions page should be visible.</arg>
</arguments>
<kw name="Wait Until Page Contains Element" library="AppiumLibrary">
<doc>Waits until element specified with `locator` appears on current page.</doc>
<arguments>
<arg>${locator}</arg>
<arg>timeout=${timeout}</arg>
<arg>error=${error}</arg>
</arguments>
<status status="PASS" starttime="20200611 19:55:55.669" endtime="20200611 19:55:56.823"></status>
</kw>
<kw name="Wait Until Element Is Visible" library="AppiumLibrary">
<doc>Waits until element specified with `locator` is visible.</doc>
<arguments>
<arg>${locator}</arg>
<arg>timeout=${timeout}</arg>
<arg>error=${error}</arg>
</arguments>
<status status="PASS" starttime="20200611 19:55:56.824" endtime="20200611 19:55:56.873"></status>
</kw>
<status status="PASS" starttime="20200611 19:55:55.669" endtime="20200611 19:55:56.873"></status>
</kw>
<kw name="Wait Until Element Is Visible On Page" library="Keywords">
<arguments>
<arg>//*[@text="Food and drinks" and following-sibling::*[@text="${transactionName}"]]</arg>
<arg>timeout=3s</arg>
<arg>error=Transaction with category: "Food and drinks" and description: "${transactionName}" should be visible.</arg>
</arguments>
<kw name="Wait Until Page Contains Element" library="AppiumLibrary">
<doc>Waits until element specified with `locator` appears on current page.</doc>
<arguments>
<arg>${locator}</arg>
<arg>timeout=${timeout}</arg>
<arg>error=${error}</arg>
</arguments>
<status status="PASS" starttime="20200611 19:55:56.874" endtime="20200611 19:55:56.911"></status>
</kw>
<kw name="Wait Until Element Is Visible" library="AppiumLibrary">
<doc>Waits until element specified with `locator` is visible.</doc>
<arguments>
<arg>${locator}</arg>
<arg>timeout=${timeout}</arg>
<arg>error=${error}</arg>
</arguments>
<status status="PASS" starttime="20200611 19:55:56.912" endtime="20200611 19:55:56.969"></status>
</kw>
<status status="PASS" starttime="20200611 19:55:56.874" endtime="20200611 19:55:56.970"></status>
</kw>
<status status="PASS" starttime="20200611 19:55:49.268" endtime="20200611 19:55:56.970"></status>
</kw>
<kw name="Create A Transaction">
<arguments>
<arg>Dinner</arg>
</arguments>
<kw name="Click Element After It Is Visible" library="Keywords">
<arguments>
<arg>//*[@text="Transactions"]</arg>
</arguments>
<kw name="Wait Until Element Is Visible On Page" library="Keywords">
<arguments>
<arg>${locator}</arg>
<arg>timeout=3s</arg>
<arg>error=Element should be visible.</arg>
</arguments>
<kw name="Wait Until Page Contains Element" library="AppiumLibrary">
<doc>Waits until element specified with `locator` appears on current page.</doc>
<arguments>
<arg>${locator}</arg>
<arg>timeout=${timeout}</arg>
<arg>error=${error}</arg>
</arguments>
<status status="PASS" starttime="20200611 19:55:56.972" endtime="20200611 19:55:57.007"></status>
</kw>
<kw name="Wait Until Element Is Visible" library="AppiumLibrary">
<doc>Waits until element specified with `locator` is visible.</doc>
<arguments>
<arg>${locator}</arg>
<arg>timeout=${timeout}</arg>
<arg>error=${error}</arg>
</arguments>
<status status="PASS" starttime="20200611 19:55:57.007" endtime="20200611 19:55:57.052"></status>
</kw>
<status status="PASS" starttime="20200611 19:55:56.971" endtime="20200611 19:55:57.052"></status>
</kw>
<kw name="Click Element" library="AppiumLibrary">
<doc>Click element identified by `locator`.</doc>
<arguments>
<arg>${locator}</arg>
</arguments>
<msg timestamp="20200611 19:55:57.054" level="INFO">Clicking element '//*[@text="Transactions"]'.</msg>
<status status="PASS" starttime="20200611 19:55:57.053" endtime="20200611 19:55:57.097"></status>
</kw>
<status status="PASS" starttime="20200611 19:55:56.971" endtime="20200611 19:55:57.097"></status>
</kw>
<kw name="Wait Until Element Is Visible On Page" library="Keywords">
<arguments>
<arg>//*[@text="Transactions"]</arg>
<arg>timeout=3s</arg>
<arg>error=Transactions page should be visible.</arg>
</arguments>
<kw name="Wait Until Page Contains Element" library="AppiumLibrary">
<doc>Waits until element specified with `locator` appears on current page.</doc>
<arguments>
<arg>${locator}</arg>
<arg>timeout=${timeout}</arg>
<arg>error=${error}</arg>
</arguments>
<status status="PASS" starttime="20200611 19:55:57.098" endtime="20200611 19:55:57.127"></status>
</kw>
<kw name="Wait Until Element Is Visible" library="AppiumLibrary">
<doc>Waits until element specified with `locator` is visible.</doc>
<arguments>
<arg>${locator}</arg>
<arg>timeout=${timeout}</arg>
<arg>error=${error}</arg>
</arguments>
<status status="PASS" starttime="20200611 19:55:57.128" endtime="20200611 19:55:57.172"></status>
</kw>
<status status="PASS" starttime="20200611 19:55:57.097" endtime="20200611 19:55:57.173"></status>
</kw>
<kw name="Click Element After It Is Visible" library="Keywords">
<arguments>
<arg>id=floating_action_button</arg>
</arguments>
<kw name="Wait Until Element Is Visible On Page" library="Keywords">
<arguments>
<arg>${locator}</arg>
<arg>timeout=3s</arg>
<arg>error=Element should be visible.</arg>
</arguments>
<kw name="Wait Until Page Contains Element" library="AppiumLibrary">
<doc>Waits until element specified with `locator` appears on current page.</doc>
<arguments>
<arg>${locator}</arg>
<arg>timeout=${timeout}</arg>
<arg>error=${error}</arg>
</arguments>
<status status="PASS" starttime="20200611 19:55:57.174" endtime="20200611 19:55:57.188"></status>
</kw>
<kw name="Wait Until Element Is Visible" library="AppiumLibrary">
<doc>Waits until element specified with `locator` is visible.</doc>
<arguments>
<arg>${locator}</arg>
<arg>timeout=${timeout}</arg>
<arg>error=${error}</arg>
</arguments>
<status status="PASS" starttime="20200611 19:55:57.189" endtime="20200611 19:55:57.216"></status>
</kw>
<status status="PASS" starttime="20200611 19:55:57.173" endtime="20200611 19:55:57.217"></status>
</kw>
<kw name="Click Element" library="AppiumLibrary">
<doc>Click element identified by `locator`.</doc>
<arguments>
<arg>${locator}</arg>
</arguments>
<msg timestamp="20200611 19:55:57.218" level="INFO">Clicking element 'id=floating_action_button'.</msg>
<status status="PASS" starttime="20200611 19:55:57.217" endtime="20200611 19:55:57.246"></status>
</kw>
<status status="PASS" starttime="20200611 19:55:57.173" endtime="20200611 19:55:57.247"></status>
</kw>
<kw name="Wait Until Element Is Visible On Page" library="Keywords">
<arguments>
<arg>//*[@text="New transaction"]</arg>
<arg>timeout=3s</arg>
<arg>error=New transaction page should be visible.</arg>
</arguments>
<kw name="Wait Until Page Contains Element" library="AppiumLibrary">
<doc>Waits until element specified with `locator` appears on current page.</doc>
<arguments>
<arg>${locator}</arg>
<arg>timeout=${timeout}</arg>
<arg>error=${error}</arg>
</arguments>
<status status="PASS" starttime="20200611 19:55:57.248" endtime="20200611 19:55:58.499"></status>
</kw>
<kw name="Wait Until Element Is Visible" library="AppiumLibrary">
<doc>Waits until element specified with `locator` is visible.</doc>
<arguments>
<arg>${locator}</arg>
<arg>timeout=${timeout}</arg>
<arg>error=${error}</arg>
</arguments>
<status status="PASS" starttime="20200611 19:55:58.500" endtime="20200611 19:55:58.542"></status>
</kw>
<status status="PASS" starttime="20200611 19:55:57.247" endtime="20200611 19:55:58.542"></status>
</kw>
<kw name="Input Text After It Is Visible" library="Keywords">
<arguments>
<arg>id=description_edit_text</arg>
<arg>${transactionName}</arg>
</arguments>
<kw name="Wait Until Element Is Visible On Page" library="Keywords">
<arguments>
<arg>${locator}</arg>
<arg>timeout=3s</arg>
<arg>error=Element should be visible.</arg>
</arguments>
<kw name="Wait Until Page Contains Element" library="AppiumLibrary">
<doc>Waits until element specified with `locator` appears on current page.</doc>
<arguments>
<arg>${locator}</arg>
<arg>timeout=${timeout}</arg>
<arg>error=${error}</arg>
</arguments>
<status status="PASS" starttime="20200611 19:55:58.544" endtime="20200611 19:55:58.559"></status>
</kw>
<kw name="Wait Until Element Is Visible" library="AppiumLibrary">
<doc>Waits until element specified with `locator` is visible.</doc>
<arguments>
<arg>${locator}</arg>
<arg>timeout=${timeout}</arg>
<arg>error=${error}</arg>
</arguments>
<status status="PASS" starttime="20200611 19:55:58.560" endtime="20200611 19:55:58.591"></status>
</kw>
<status status="PASS" starttime="20200611 19:55:58.543" endtime="20200611 19:55:58.591"></status>
</kw>
<kw name="Input Text" library="AppiumLibrary">
<doc>Types the given `text` into text field identified by `locator`.</doc>
<arguments>
<arg>${locator}</arg>
<arg>${text}</arg>
</arguments>
<msg timestamp="20200611 19:55:58.593" level="INFO">Typing text 'Dinner' into text field 'id=description_edit_text'</msg>
<status status="PASS" starttime="20200611 19:55:58.592" endtime="20200611 19:55:59.469"></status>
</kw>
<status status="PASS" starttime="20200611 19:55:58.542" endtime="20200611 19:55:59.470"></status>
</kw>
<kw name="Click Element After It Is Visible" library="Keywords">
<arguments>
<arg>id=category_edit_text</arg>
</arguments>
<kw name="Wait Until Element Is Visible On Page" library="Keywords">
<arguments>
<arg>${locator}</arg>
<arg>timeout=3s</arg>
<arg>error=Element should be visible.</arg>
</arguments>
<kw name="Wait Until Page Contains Element" library="AppiumLibrary">
<doc>Waits until element specified with `locator` appears on current page.</doc>
<arguments>
<arg>${locator}</arg>
<arg>timeout=${timeout}</arg>
<arg>error=${error}</arg>
</arguments>
<status status="PASS" starttime="20200611 19:55:59.472" endtime="20200611 19:56:00.217"></status>
</kw>
<kw name="Wait Until Element Is Visible" library="AppiumLibrary">
<doc>Waits until element specified with `locator` is visible.</doc>
<arguments>
<arg>${locator}</arg>
<arg>timeout=${timeout}</arg>
<arg>error=${error}</arg>
</arguments>
<status status="PASS" starttime="20200611 19:56:00.218" endtime="20200611 19:56:00.251"></status>
</kw>
<status status="PASS" starttime="20200611 19:55:59.471" endtime="20200611 19:56:00.251"></status>
</kw>
<kw name="Click Element" library="AppiumLibrary">
<doc>Click element identified by `locator`.</doc>
<arguments>
<arg>${locator}</arg>
</arguments>
<msg timestamp="20200611 19:56:00.253" level="INFO">Clicking element 'id=category_edit_text'.</msg>
<status status="PASS" starttime="20200611 19:56:00.251" endtime="20200611 19:56:01.249"></status>
</kw>
<status status="PASS" starttime="20200611 19:55:59.470" endtime="20200611 19:56:01.250"></status>
</kw>
<kw name="Wait Until Element Is Visible On Page" library="Keywords">
<arguments>
<arg>//*[@text="Pick a category"]</arg>
<arg>timeout=3s</arg>
<arg>error=Picking category page should be visible.</arg>
</arguments>
<kw name="Wait Until Page Contains Element" library="AppiumLibrary">
<doc>Waits until element specified with `locator` appears on current page.</doc>
<arguments>
<arg>${locator}</arg>
<arg>timeout=${timeout}</arg>
<arg>error=${error}</arg>
</arguments>
<status status="PASS" starttime="20200611 19:56:01.253" endtime="20200611 19:56:01.292"></status>
</kw>
<kw name="Wait Until Element Is Visible" library="AppiumLibrary">
<doc>Waits until element specified with `locator` is visible.</doc>
<arguments>
<arg>${locator}</arg>
<arg>timeout=${timeout}</arg>
<arg>error=${error}</arg>
</arguments>
<status status="PASS" starttime="20200611 19:56:01.292" endtime="20200611 19:56:01.338"></status>
</kw>
<status status="PASS" starttime="20200611 19:56:01.250" endtime="20200611 19:56:01.338"></status>
</kw>
<kw name="Click Element After It Is Visible" library="Keywords">
<arguments>
<arg>//*[@text="Food and drinks"]</arg>
</arguments>
<kw name="Wait Until Element Is Visible On Page" library="Keywords">
<arguments>
<arg>${locator}</arg>
<arg>timeout=3s</arg>
<arg>error=Element should be visible.</arg>
</arguments>
<kw name="Wait Until Page Contains Element" library="AppiumLibrary">
<doc>Waits until element specified with `locator` appears on current page.</doc>
<arguments>
<arg>${locator}</arg>
<arg>timeout=${timeout}</arg>
<arg>error=${error}</arg>
</arguments>
<status status="PASS" starttime="20200611 19:56:01.339" endtime="20200611 19:56:01.375"></status>
</kw>
<kw name="Wait Until Element Is Visible" library="AppiumLibrary">
<doc>Waits until element specified with `locator` is visible.</doc>
<arguments>
<arg>${locator}</arg>
<arg>timeout=${timeout}</arg>
<arg>error=${error}</arg>
</arguments>
<status status="PASS" starttime="20200611 19:56:01.375" endtime="20200611 19:56:01.420"></status>
</kw>
<status status="PASS" starttime="20200611 19:56:01.339" endtime="20200611 19:56:01.420"></status>
</kw>
<kw name="Click Element" library="AppiumLibrary">
<doc>Click element identified by `locator`.</doc>
<arguments>
<arg>${locator}</arg>
</arguments>
<msg timestamp="20200611 19:56:01.422" level="INFO">Clicking element '//*[@text="Food and drinks"]'.</msg>
<status status="PASS" starttime="20200611 19:56:01.421" endtime="20200611 19:56:01.473"></status>
</kw>
<status status="PASS" starttime="20200611 19:56:01.339" endtime="20200611 19:56:01.474"></status>
</kw>
<kw name="Wait Until Element Is Visible On Page" library="Keywords">
<arguments>
<arg>//*[@text="New transaction"]</arg>
<arg>timeout=3s</arg>
<arg>error=New transaction page should be visible.</arg>
</arguments>
<kw name="Wait Until Page Contains Element" library="AppiumLibrary">
<doc>Waits until element specified with `locator` appears on current page.</doc>
<arguments>
<arg>${locator}</arg>
<arg>timeout=${timeout}</arg>
<arg>error=${error}</arg>
</arguments>
<status status="PASS" starttime="20200611 19:56:01.475" endtime="20200611 19:56:02.134"></status>
</kw>
<kw name="Wait Until Element Is Visible" library="AppiumLibrary">
<doc>Waits until element specified with `locator` is visible.</doc>
<arguments>
<arg>${locator}</arg>
<arg>timeout=${timeout}</arg>
<arg>error=${error}</arg>
</arguments>
<status status="PASS" starttime="20200611 19:56:02.134" endtime="20200611 19:56:02.176"></status>
</kw>
<status status="PASS" starttime="20200611 19:56:01.474" endtime="20200611 19:56:02.177"></status>
</kw>
<kw name="Click Element After It Is Visible" library="Keywords">
<arguments>
<arg>id=action_save_changes</arg>
</arguments>
<kw name="Wait Until Element Is Visible On Page" library="Keywords">
<arguments>
<arg>${locator}</arg>
<arg>timeout=3s</arg>
<arg>error=Element should be visible.</arg>
</arguments>
<kw name="Wait Until Page Contains Element" library="AppiumLibrary">
<doc>Waits until element specified with `locator` appears on current page.</doc>
<arguments>
<arg>${locator}</arg>
<arg>timeout=${timeout}</arg>
<arg>error=${error}</arg>
</arguments>
<status status="PASS" starttime="20200611 19:56:02.178" endtime="20200611 19:56:02.192"></status>
</kw>
<kw name="Wait Until Element Is Visible" library="AppiumLibrary">
<doc>Waits until element specified with `locator` is visible.</doc>
<arguments>
<arg>${locator}</arg>
<arg>timeout=${timeout}</arg>
<arg>error=${error}</arg>
</arguments>
<status status="PASS" starttime="20200611 19:56:02.192" endtime="20200611 19:56:02.218"></status>
</kw>
<status status="PASS" starttime="20200611 19:56:02.178" endtime="20200611 19:56:02.218"></status>
</kw>
<kw name="Click Element" library="AppiumLibrary">
<doc>Click element identified by `locator`.</doc>
<arguments>
<arg>${locator}</arg>
</arguments>
<msg timestamp="20200611 19:56:02.220" level="INFO">Clicking element 'id=action_save_changes'.</msg>
<status status="PASS" starttime="20200611 19:56:02.219" endtime="20200611 19:56:02.248"></status>
</kw>
<status status="PASS" starttime="20200611 19:56:02.177" endtime="20200611 19:56:02.248"></status>
</kw>
<kw name="Wait Until Element Is Visible On Page" library="Keywords">
<arguments>
<arg>//*[@text="Transactions"]</arg>
<arg>timeout=3s</arg>
<arg>error=Transactions page should be visible.</arg>
</arguments>
<kw name="Wait Until Page Contains Element" library="AppiumLibrary">
<doc>Waits until element specified with `locator` appears on current page.</doc>
<arguments>
<arg>${locator}</arg>
<arg>timeout=${timeout}</arg>
<arg>error=${error}</arg>
</arguments>
<status status="PASS" starttime="20200611 19:56:02.249" endtime="20200611 19:56:03.062"></status>
</kw>
<kw name="Wait Until Element Is Visible" library="AppiumLibrary">
<doc>Waits until element specified with `locator` is visible.</doc>
<arguments>
<arg>${locator}</arg>
<arg>timeout=${timeout}</arg>
<arg>error=${error}</arg>
</arguments>
<status status="PASS" starttime="20200611 19:56:03.062" endtime="20200611 19:56:03.116"></status>
</kw>
<status status="PASS" starttime="20200611 19:56:02.249" endtime="20200611 19:56:03.117"></status>
</kw>
<kw name="Wait Until Element Is Visible On Page" library="Keywords">
<arguments>
<arg>//*[@text="Food and drinks" and following-sibling::*[@text="${transactionName}"]]</arg>
<arg>timeout=3s</arg>
<arg>error=Transaction with category: "Food and drinks" and description: "${transactionName}" should be visible.</arg>
</arguments>
<kw name="Wait Until Page Contains Element" library="AppiumLibrary">
<doc>Waits until element specified with `locator` appears on current page.</doc>
<arguments>
<arg>${locator}</arg>
<arg>timeout=${timeout}</arg>
<arg>error=${error}</arg>
</arguments>
<status status="PASS" starttime="20200611 19:56:03.118" endtime="20200611 19:56:03.156"></status>
</kw>
<kw name="Wait Until Element Is Visible" library="AppiumLibrary">
<doc>Waits until element specified with `locator` is visible.</doc>
<arguments>
<arg>${locator}</arg>
<arg>timeout=${timeout}</arg>
<arg>error=${error}</arg>
</arguments>
<status status="PASS" starttime="20200611 19:56:03.157" endtime="20200611 19:56:03.204"></status>
</kw>
<status status="PASS" starttime="20200611 19:56:03.117" endtime="20200611 19:56:03.205"></status>
</kw>
<status status="PASS" starttime="20200611 19:55:56.970" endtime="20200611 19:56:03.205"></status>
</kw>
<status status="PASS" starttime="20200611 19:55:20.379" endtime="20200611 19:56:03.205"></status>
</kw>
<test id="s1-s1-s1-t1" name="Search Transaction by name">
<kw name="Click Element After It Is Visible" library="Keywords">
<arguments>
<arg>id=action_search_item</arg>
</arguments>
<kw name="Wait Until Element Is Visible On Page" library="Keywords">
<arguments>
<arg>${locator}</arg>
<arg>timeout=3s</arg>
<arg>error=Element should be visible.</arg>
</arguments>
<kw name="Wait Until Page Contains Element" library="AppiumLibrary">
<doc>Waits until element specified with `locator` appears on current page.</doc>
<arguments>
<arg>${locator}</arg>
<arg>timeout=${timeout}</arg>
<arg>error=${error}</arg>
</arguments>
<status status="PASS" starttime="20200611 19:56:03.207" endtime="20200611 19:56:03.222"></status>
</kw>
<kw name="Wait Until Element Is Visible" library="AppiumLibrary">
<doc>Waits until element specified with `locator` is visible.</doc>
<arguments>
<arg>${locator}</arg>
<arg>timeout=${timeout}</arg>
<arg>error=${error}</arg>
</arguments>
<status status="PASS" starttime="20200611 19:56:03.222" endtime="20200611 19:56:03.253"></status>
</kw>
<status status="PASS" starttime="20200611 19:56:03.207" endtime="20200611 19:56:03.254"></status>
</kw>
<kw name="Click Element" library="AppiumLibrary">
<doc>Click element identified by `locator`.</doc>
<arguments>
<arg>${locator}</arg>
</arguments>
<msg timestamp="20200611 19:56:03.256" level="INFO">Clicking element 'id=action_search_item'.</msg>
<status status="PASS" starttime="20200611 19:56:03.254" endtime="20200611 19:56:03.288"></status>
</kw>
<status status="PASS" starttime="20200611 19:56:03.206" endtime="20200611 19:56:03.288"></status>
</kw>
<kw name="Wait Until Element Is Visible On Page" library="Keywords">
<arguments>
<arg>//*[@text="Search something"]</arg>
<arg>timeout=3s</arg>
<arg>error=Search page should be visible.</arg>
</arguments>
<kw name="Wait Until Page Contains Element" library="AppiumLibrary">
<doc>Waits until element specified with `locator` appears on current page.</doc>
<arguments>
<arg>${locator}</arg>
<arg>timeout=${timeout}</arg>
<arg>error=${error}</arg>
</arguments>
<status status="PASS" starttime="20200611 19:56:03.289" endtime="20200611 19:56:04.316"></status>
</kw>
<kw name="Wait Until Element Is Visible" library="AppiumLibrary">
<doc>Waits until element specified with `locator` is visible.</doc>
<arguments>
<arg>${locator}</arg>
<arg>timeout=${timeout}</arg>
<arg>error=${error}</arg>
</arguments>
<status status="PASS" starttime="20200611 19:56:04.317" endtime="20200611 19:56:04.359"></status>
</kw>
<status status="PASS" starttime="20200611 19:56:03.289" endtime="20200611 19:56:04.359"></status>
</kw>
<kw name="Input Text After It Is Visible" library="Keywords">
<arguments>
<arg>id=search_edit_text</arg>
<arg>Lunch</arg>
</arguments>
<kw name="Wait Until Element Is Visible On Page" library="Keywords">
<arguments>
<arg>${locator}</arg>
<arg>timeout=3s</arg>
<arg>error=Element should be visible.</arg>
</arguments>
<kw name="Wait Until Page Contains Element" library="AppiumLibrary">
<doc>Waits until element specified with `locator` appears on current page.</doc>
<arguments>
<arg>${locator}</arg>
<arg>timeout=${timeout}</arg>
<arg>error=${error}</arg>
</arguments>
<status status="PASS" starttime="20200611 19:56:04.361" endtime="20200611 19:56:04.376"></status>
</kw>
<kw name="Wait Until Element Is Visible" library="AppiumLibrary">
<doc>Waits until element specified with `locator` is visible.</doc>
<arguments>
<arg>${locator}</arg>
<arg>timeout=${timeout}</arg>
<arg>error=${error}</arg>
</arguments>
<status status="PASS" starttime="20200611 19:56:04.377" endtime="20200611 19:56:04.402"></status>
</kw>
<status status="PASS" starttime="20200611 19:56:04.360" endtime="20200611 19:56:04.403"></status>
</kw>
<kw name="Input Text" library="AppiumLibrary">
<doc>Types the given `text` into text field identified by `locator`.</doc>
<arguments>
<arg>${locator}</arg>
<arg>${text}</arg>
</arguments>
<msg timestamp="20200611 19:56:04.404" level="INFO">Typing text 'Lunch' into text field 'id=search_edit_text'</msg>
<status status="PASS" starttime="20200611 19:56:04.403" endtime="20200611 19:56:05.043"></status>
</kw>
<status status="PASS" starttime="20200611 19:56:04.360" endtime="20200611 19:56:05.043"></status>
</kw>
<kw name="Wait Until Element Is Visible On Page" library="Keywords">
<arguments>
<arg>//*[@text="Food and drinks" and following-sibling::*[@text="Lunch"]]</arg>
<arg>timeout=3s</arg>
<arg>error=Transaction with category: "Food and drinks" and description: "Lunch" should be visible.</arg>
</arguments>
<kw name="Wait Until Page Contains Element" library="AppiumLibrary">
<doc>Waits until element specified with `locator` appears on current page.</doc>
<arguments>
<arg>${locator}</arg>
<arg>timeout=${timeout}</arg>
<arg>error=${error}</arg>
</arguments>
<status status="PASS" starttime="20200611 19:56:05.044" endtime="20200611 19:56:05.724"></status>
</kw>
<kw name="Wait Until Element Is Visible" library="AppiumLibrary">
<doc>Waits until element specified with `locator` is visible.</doc>
<arguments>
<arg>${locator}</arg>
<arg>timeout=${timeout}</arg>
<arg>error=${error}</arg>
</arguments>
<status status="PASS" starttime="20200611 19:56:05.724" endtime="20200611 19:56:05.760"></status>
</kw>
<status status="PASS" starttime="20200611 19:56:05.044" endtime="20200611 19:56:05.760"></status>
</kw>
<kw name="Page Should Not Contain Element" library="AppiumLibrary">
<doc>Verifies that current page not contains `locator` element.</doc>
<arguments>
<arg>//*[@text="Food and drinks" and following-sibling::*[@text="Dinner"]]</arg>
</arguments>
<msg timestamp="20200611 19:56:05.784" level="INFO">Current page not contains element '//*[@text="Food and drinks" and following-sibling::*[@text="Dinner"]]'.</msg>
<status status="PASS" starttime="20200611 19:56:05.761" endtime="20200611 19:56:05.785"></status>
</kw>
<kw name="Input Text After It Is Visible" library="Keywords">
<arguments>
<arg>id=search_edit_text</arg>
<arg>Dinner</arg>
</arguments>
<kw name="Wait Until Element Is Visible On Page" library="Keywords">
<arguments>
<arg>${locator}</arg>
<arg>timeout=3s</arg>
<arg>error=Element should be visible.</arg>
</arguments>
<kw name="Wait Until Page Contains Element" library="AppiumLibrary">
<doc>Waits until element specified with `locator` appears on current page.</doc>
<arguments>
<arg>${locator}</arg>
<arg>timeout=${timeout}</arg>
<arg>error=${error}</arg>
</arguments>
<status status="PASS" starttime="20200611 19:56:05.786" endtime="20200611 19:56:05.799"></status>
</kw>
<kw name="Wait Until Element Is Visible" library="AppiumLibrary">
<doc>Waits until element specified with `locator` is visible.</doc>
<arguments>
<arg>${locator}</arg>
<arg>timeout=${timeout}</arg>
<arg>error=${error}</arg>
</arguments>
<status status="PASS" starttime="20200611 19:56:05.800" endtime="20200611 19:56:05.825"></status>
</kw>
<status status="PASS" starttime="20200611 19:56:05.786" endtime="20200611 19:56:05.825"></status>
</kw>
<kw name="Input Text" library="AppiumLibrary">
<doc>Types the given `text` into text field identified by `locator`.</doc>
<arguments>
<arg>${locator}</arg>
<arg>${text}</arg>
</arguments>
<msg timestamp="20200611 19:56:05.826" level="INFO">Typing text 'Dinner' into text field 'id=search_edit_text'</msg>
<status status="PASS" starttime="20200611 19:56:05.825" endtime="20200611 19:56:06.495"></status>
</kw>
<status status="PASS" starttime="20200611 19:56:05.785" endtime="20200611 19:56:06.496"></status>
</kw>
<kw name="Wait Until Element Is Visible On Page" library="Keywords">
<arguments>
<arg>//*[@text="Food and drinks" and following-sibling::*[@text="Dinner"]]</arg>
<arg>timeout=3s</arg>
<arg>error=Transaction with category: "Food and drinks" and description: "Dinner" should be visible.</arg>
</arguments>
<kw name="Wait Until Page Contains Element" library="AppiumLibrary">
<doc>Waits until element specified with `locator` appears on current page.</doc>
<arguments>
<arg>${locator}</arg>
<arg>timeout=${timeout}</arg>
<arg>error=${error}</arg>
</arguments>
<status status="PASS" starttime="20200611 19:56:06.497" endtime="20200611 19:56:07.165"></status>
</kw>
<kw name="Wait Until Element Is Visible" library="AppiumLibrary">
<doc>Waits until element specified with `locator` is visible.</doc>
<arguments>
<arg>${locator}</arg>
<arg>timeout=${timeout}</arg>
<arg>error=${error}</arg>
</arguments>
<status status="PASS" starttime="20200611 19:56:07.165" endtime="20200611 19:56:07.202"></status>
</kw>
<status status="PASS" starttime="20200611 19:56:06.496" endtime="20200611 19:56:07.202"></status>
</kw>
<kw name="Page Should Not Contain Element" library="AppiumLibrary">
<doc>Verifies that current page not contains `locator` element.</doc>
<arguments>
<arg>//*[@text="Food and drinks" and following-sibling::*[@text="Lunch"]]</arg>
</arguments>
<msg timestamp="20200611 19:56:07.227" level="INFO">Current page not contains element '//*[@text="Food and drinks" and following-sibling::*[@text="Lunch"]]'.</msg>
<status status="PASS" starttime="20200611 19:56:07.203" endtime="20200611 19:56:07.227"></status>
</kw>
<kw name="Go Back To Database Page" library="Keywords" type="teardown">
<kw name="Click Element After It Is Visible" library="Keywords">
<arguments>
<arg>//*[contains(@resource-id, "primary_toolbar")]/*[@class="android.widget.ImageButton"]</arg>
</arguments>
<kw name="Wait Until Element Is Visible On Page" library="Keywords">
<arguments>
<arg>${locator}</arg>
<arg>timeout=3s</arg>
<arg>error=Element should be visible.</arg>
</arguments>
<kw name="Wait Until Page Contains Element" library="AppiumLibrary">
<doc>Waits until element specified with `locator` appears on current page.</doc>
<arguments>
<arg>${locator}</arg>
<arg>timeout=${timeout}</arg>
<arg>error=${error}</arg>
</arguments>
<status status="PASS" starttime="20200611 19:56:07.230" endtime="20200611 19:56:07.253"></status>
</kw>
<kw name="Wait Until Element Is Visible" library="AppiumLibrary">
<doc>Waits until element specified with `locator` is visible.</doc>
<arguments>
<arg>${locator}</arg>
<arg>timeout=${timeout}</arg>
<arg>error=${error}</arg>
</arguments>
<status status="PASS" starttime="20200611 19:56:07.254" endtime="20200611 19:56:07.295"></status>
</kw>
<status status="PASS" starttime="20200611 19:56:07.229" endtime="20200611 19:56:07.295"></status>
</kw>
<kw name="Click Element" library="AppiumLibrary">
<doc>Click element identified by `locator`.</doc>
<arguments>
<arg>${locator}</arg>
</arguments>
<msg timestamp="20200611 19:56:07.297" level="INFO">Clicking element '//*[contains(@resource-id, "primary_toolbar")]/*[@class="android.widget.ImageButton"]'.</msg>
<status status="PASS" starttime="20200611 19:56:07.296" endtime="20200611 19:56:07.336"></status>
</kw>
<status status="PASS" starttime="20200611 19:56:07.229" endtime="20200611 19:56:07.337"></status>
</kw>
<status status="PASS" starttime="20200611 19:56:07.228" endtime="20200611 19:56:07.337"></status>
</kw>
<status status="PASS" starttime="20200611 19:56:03.206" endtime="20200611 19:56:07.338" critical="yes"></status>
</test>
<test id="s1-s1-s1-t2" name="Search Transaction by category">
<kw name="Click Element After It Is Visible" library="Keywords">
<arguments>
<arg>id=action_search_item</arg>
</arguments>
<kw name="Wait Until Element Is Visible On Page" library="Keywords">
<arguments>
<arg>${locator}</arg>
<arg>timeout=3s</arg>
<arg>error=Element should be visible.</arg>
</arguments>
<kw name="Wait Until Page Contains Element" library="AppiumLibrary">
<doc>Waits until element specified with `locator` appears on current page.</doc>
<arguments>
<arg>${locator}</arg>
<arg>timeout=${timeout}</arg>
<arg>error=${error}</arg>
</arguments>
<status status="PASS" starttime="20200611 19:56:07.341" endtime="20200611 19:56:07.967"></status>
</kw>
<kw name="Wait Until Element Is Visible" library="AppiumLibrary">
<doc>Waits until element specified with `locator` is visible.</doc>
<arguments>
<arg>${locator}</arg>
<arg>timeout=${timeout}</arg>
<arg>error=${error}</arg>
</arguments>
<status status="PASS" starttime="20200611 19:56:07.968" endtime="20200611 19:56:08.001"></status>
</kw>
<status status="PASS" starttime="20200611 19:56:07.340" endtime="20200611 19:56:08.002"></status>
</kw>
<kw name="Click Element" library="AppiumLibrary">
<doc>Click element identified by `locator`.</doc>
<arguments>
<arg>${locator}</arg>
</arguments>
<msg timestamp="20200611 19:56:08.004" level="INFO">Clicking element 'id=action_search_item'.</msg>
<status status="PASS" starttime="20200611 19:56:08.002" endtime="20200611 19:56:08.040"></status>
</kw>
<status status="PASS" starttime="20200611 19:56:07.339" endtime="20200611 19:56:08.041"></status>
</kw>
<kw name="Wait Until Element Is Visible On Page" library="Keywords">
<arguments>
<arg>//*[@text="Search something"]</arg>
<arg>timeout=3s</arg>
<arg>error=Search page should be visible.</arg>
</arguments>
<kw name="Wait Until Page Contains Element" library="AppiumLibrary">
<doc>Waits until element specified with `locator` appears on current page.</doc>
<arguments>
<arg>${locator}</arg>
<arg>timeout=${timeout}</arg>
<arg>error=${error}</arg>
</arguments>
<status status="PASS" starttime="20200611 19:56:08.043" endtime="20200611 19:56:09.112"></status>
</kw>
<kw name="Wait Until Element Is Visible" library="AppiumLibrary">
<doc>Waits until element specified with `locator` is visible.</doc>
<arguments>
<arg>${locator}</arg>
<arg>timeout=${timeout}</arg>
<arg>error=${error}</arg>
</arguments>
<status status="PASS" starttime="20200611 19:56:09.112" endtime="20200611 19:56:09.149"></status>
</kw>
<status status="PASS" starttime="20200611 19:56:08.041" endtime="20200611 19:56:09.150"></status>
</kw>
<kw name="Input Text After It Is Visible" library="Keywords">
<arguments>
<arg>id=search_edit_text</arg>
<arg>Food and drinks</arg>
</arguments>
<kw name="Wait Until Element Is Visible On Page" library="Keywords">
<arguments>
<arg>${locator}</arg>
<arg>timeout=3s</arg>
<arg>error=Element should be visible.</arg>
</arguments>
<kw name="Wait Until Page Contains Element" library="AppiumLibrary">
<doc>Waits until element specified with `locator` appears on current page.</doc>
<arguments>
<arg>${locator}</arg>
<arg>timeout=${timeout}</arg>
<arg>error=${error}</arg>
</arguments>
<status status="PASS" starttime="20200611 19:56:09.151" endtime="20200611 19:56:09.164"></status>
</kw>
<kw name="Wait Until Element Is Visible" library="AppiumLibrary">
<doc>Waits until element specified with `locator` is visible.</doc>
<arguments>
<arg>${locator}</arg>
<arg>timeout=${timeout}</arg>
<arg>error=${error}</arg>
</arguments>
<status status="PASS" starttime="20200611 19:56:09.164" endtime="20200611 19:56:09.190"></status>
</kw>
<status status="PASS" starttime="20200611 19:56:09.150" endtime="20200611 19:56:09.191"></status>
</kw>
<kw name="Input Text" library="AppiumLibrary">
<doc>Types the given `text` into text field identified by `locator`.</doc>
<arguments>
<arg>${locator}</arg>
<arg>${text}</arg>
</arguments>
<msg timestamp="20200611 19:56:09.192" level="INFO">Typing text 'Food and drinks' into text field 'id=search_edit_text'</msg>
<status status="PASS" starttime="20200611 19:56:09.191" endtime="20200611 19:56:09.851"></status>
</kw>
<status status="PASS" starttime="20200611 19:56:09.150" endtime="20200611 19:56:09.852"></status>
</kw>
<kw name="Wait Until Element Is Visible On Page" library="Keywords">
<arguments>
<arg>//*[@text="Food and drinks" and following-sibling::*[@text="Lunch"]]</arg>
<arg>timeout=3s</arg>
<arg>error=Transaction with category: "Food and drinks" and description: "Lunch" should be visible.</arg>
</arguments>
<kw name="Wait Until Page Contains Element" library="AppiumLibrary">
<doc>Waits until element specified with `locator` appears on current page.</doc>
<arguments>
<arg>${locator}</arg>
<arg>timeout=${timeout}</arg>
<arg>error=${error}</arg>
</arguments>
<status status="PASS" starttime="20200611 19:56:09.853" endtime="20200611 19:56:10.482"></status>
</kw>
<kw name="Wait Until Element Is Visible" library="AppiumLibrary">
<doc>Waits until element specified with `locator` is visible.</doc>
<arguments>
<arg>${locator}</arg>
<arg>timeout=${timeout}</arg>
<arg>error=${error}</arg>
</arguments>
<status status="PASS" starttime="20200611 19:56:10.483" endtime="20200611 19:56:10.520"></status>
</kw>
<status status="PASS" starttime="20200611 19:56:09.852" endtime="20200611 19:56:10.522"></status>
</kw>
<kw name="Wait Until Element Is Visible On Page" library="Keywords">
<arguments>
<arg>//*[@text="Food and drinks" and following-sibling::*[@text="Dinner"]]</arg>
<arg>timeout=3s</arg>
<arg>error=Transaction with category: "Food and drinks" and description: "Dinner" should be visible.</arg>
</arguments>
<kw name="Wait Until Page Contains Element" library="AppiumLibrary">
<doc>Waits until element specified with `locator` appears on current page.</doc>
<arguments>
<arg>${locator}</arg>
<arg>timeout=${timeout}</arg>
<arg>error=${error}</arg>
</arguments>
<status status="PASS" starttime="20200611 19:56:10.523" endtime="20200611 19:56:10.546"></status>
</kw>
<kw name="Wait Until Element Is Visible" library="AppiumLibrary">
<doc>Waits until element specified with `locator` is visible.</doc>
<arguments>
<arg>${locator}</arg>
<arg>timeout=${timeout}</arg>
<arg>error=${error}</arg>
</arguments>
<status status="PASS" starttime="20200611 19:56:10.547" endtime="20200611 19:56:10.583"></status>
</kw>
<status status="PASS" starttime="20200611 19:56:10.522" endtime="20200611 19:56:10.585"></status>
</kw>
<kw name="Go Back To Database Page" library="Keywords" type="teardown">
<kw name="Click Element After It Is Visible" library="Keywords">
<arguments>
<arg>//*[contains(@resource-id, "primary_toolbar")]/*[@class="android.widget.ImageButton"]</arg>
</arguments>
<kw name="Wait Until Element Is Visible On Page" library="Keywords">
<arguments>
<arg>${locator}</arg>
<arg>timeout=3s</arg>
<arg>error=Element should be visible.</arg>
</arguments>
<kw name="Wait Until Page Contains Element" library="AppiumLibrary">
<doc>Waits until element specified with `locator` appears on current page.</doc>
<arguments>
<arg>${locator}</arg>
<arg>timeout=${timeout}</arg>
<arg>error=${error}</arg>
</arguments>
<status status="PASS" starttime="20200611 19:56:10.586" endtime="20200611 19:56:10.616"></status>
</kw>
<kw name="Wait Until Element Is Visible" library="AppiumLibrary">
<doc>Waits until element specified with `locator` is visible.</doc>
<arguments>
<arg>${locator}</arg>
<arg>timeout=${timeout}</arg>
<arg>error=${error}</arg>
</arguments>
<status status="PASS" starttime="20200611 19:56:10.616" endtime="20200611 19:56:10.654"></status>
</kw>
<status status="PASS" starttime="20200611 19:56:10.586" endtime="20200611 19:56:10.654"></status>
</kw>
<kw name="Click Element" library="AppiumLibrary">
<doc>Click element identified by `locator`.</doc>
<arguments>
<arg>${locator}</arg>
</arguments>
<msg timestamp="20200611 19:56:10.656" level="INFO">Clicking element '//*[contains(@resource-id, "primary_toolbar")]/*[@class="android.widget.ImageButton"]'.</msg>
<status status="PASS" starttime="20200611 19:56:10.654" endtime="20200611 19:56:10.695"></status>
</kw>
<status status="PASS" starttime="20200611 19:56:10.586" endtime="20200611 19:56:10.696"></status>
</kw>
<status status="PASS" starttime="20200611 19:56:10.585" endtime="20200611 19:56:10.696"></status>
</kw>
<status status="PASS" starttime="20200611 19:56:07.338" endtime="20200611 19:56:10.696" critical="yes"></status>
</test>
<kw name="Run Keywords" library="BuiltIn" type="teardown">
<doc>Executes all the given keywords in a sequence.</doc>
<arguments>
<arg>Click Element After It Is Visible</arg>
<arg>//*[@content-desc="Open"]</arg>
<arg>AND</arg>
<arg>Delete Wallet</arg>
<arg>AND</arg>
<arg>Close Application</arg>
</arguments>
<kw name="Click Element After It Is Visible" library="Keywords">
<arguments>
<arg>//*[@content-desc="Open"]</arg>
</arguments>
<kw name="Wait Until Element Is Visible On Page" library="Keywords">
<arguments>
<arg>${locator}</arg>
<arg>timeout=3s</arg>
<arg>error=Element should be visible.</arg>
</arguments>
<kw name="Wait Until Page Contains Element" library="AppiumLibrary">
<doc>Waits until element specified with `locator` appears on current page.</doc>
<arguments>
<arg>${locator}</arg>
<arg>timeout=${timeout}</arg>
<arg>error=${error}</arg>
</arguments>
<status status="PASS" starttime="20200611 19:56:10.699" endtime="20200611 19:56:11.351"></status>
</kw>
<kw name="Wait Until Element Is Visible" library="AppiumLibrary">
<doc>Waits until element specified with `locator` is visible.</doc>
<arguments>
<arg>${locator}</arg>
<arg>timeout=${timeout}</arg>
<arg>error=${error}</arg>
</arguments>
<status status="PASS" starttime="20200611 19:56:11.351" endtime="20200611 19:56:11.400"></status>
</kw>
<status status="PASS" starttime="20200611 19:56:10.698" endtime="20200611 19:56:11.400"></status>
</kw>
<kw name="Click Element" library="AppiumLibrary">
<doc>Click element identified by `locator`.</doc>
<arguments>
<arg>${locator}</arg>
</arguments>
<msg timestamp="20200611 19:56:11.402" level="INFO">Clicking element '//*[@content-desc="Open"]'.</msg>
<status status="PASS" starttime="20200611 19:56:11.401" endtime="20200611 19:56:11.450"></status>
</kw>
<status status="PASS" starttime="20200611 19:56:10.698" endtime="20200611 19:56:11.451"></status>
</kw>
<kw name="Delete Wallet" library="Keywords">
<kw name="Click Element After It Is Visible" library="Keywords">
<arguments>
<arg>id=material_drawer_account_header_text_section</arg>
</arguments>
<kw name="Wait Until Element Is Visible On Page" library="Keywords">
<arguments>
<arg>${locator}</arg>
<arg>timeout=3s</arg>
<arg>error=Element should be visible.</arg>
</arguments>
<kw name="Wait Until Page Contains Element" library="AppiumLibrary">
<doc>Waits until element specified with `locator` appears on current page.</doc>
<arguments>
<arg>${locator}</arg>
<arg>timeout=${timeout}</arg>
<arg>error=${error}</arg>
</arguments>
<status status="PASS" starttime="20200611 19:56:11.452" endtime="20200611 19:56:11.736"></status>
</kw>
<kw name="Wait Until Element Is Visible" library="AppiumLibrary">
<doc>Waits until element specified with `locator` is visible.</doc>
<arguments>
<arg>${locator}</arg>
<arg>timeout=${timeout}</arg>
<arg>error=${error}</arg>
</arguments>
<status status="PASS" starttime="20200611 19:56:11.737" endtime="20200611 19:56:12.447"></status>
</kw>
<status status="PASS" starttime="20200611 19:56:11.452" endtime="20200611 19:56:12.447"></status>
</kw>
<kw name="Click Element" library="AppiumLibrary">
<doc>Click element identified by `locator`.</doc>
<arguments>
<arg>${locator}</arg>
</arguments>
<msg timestamp="20200611 19:56:12.449" level="INFO">Clicking element 'id=material_drawer_account_header_text_section'.</msg>
<status status="PASS" starttime="20200611 19:56:12.448" endtime="20200611 19:56:12.486"></status>
</kw>
<status status="PASS" starttime="20200611 19:56:11.452" endtime="20200611 19:56:12.487"></status>
</kw>
<kw name="Click Element After It Is Visible" library="Keywords">
<arguments>
<arg>//*[@text="Manage wallets"]</arg>
</arguments>
<kw name="Wait Until Element Is Visible On Page" library="Keywords">
<arguments>
<arg>${locator}</arg>
<arg>timeout=3s</arg>
<arg>error=Element should be visible.</arg>
</arguments>
<kw name="Wait Until Page Contains Element" library="AppiumLibrary">
<doc>Waits until element specified with `locator` appears on current page.</doc>
<arguments>
<arg>${locator}</arg>
<arg>timeout=${timeout}</arg>
<arg>error=${error}</arg>
</arguments>
<status status="PASS" starttime="20200611 19:56:12.489" endtime="20200611 19:56:12.603"></status>
</kw>
<kw name="Wait Until Element Is Visible" library="AppiumLibrary">
<doc>Waits until element specified with `locator` is visible.</doc>
<arguments>
<arg>${locator}</arg>
<arg>timeout=${timeout}</arg>
<arg>error=${error}</arg>
</arguments>
<status status="PASS" starttime="20200611 19:56:12.604" endtime="20200611 19:56:13.350"></status>
</kw>
<status status="PASS" starttime="20200611 19:56:12.488" endtime="20200611 19:56:13.351"></status>
</kw>
<kw name="Click Element" library="AppiumLibrary">
<doc>Click element identified by `locator`.</doc>
<arguments>
<arg>${locator}</arg>
</arguments>
<msg timestamp="20200611 19:56:13.353" level="INFO">Clicking element '//*[@text="Manage wallets"]'.</msg>
<status status="PASS" starttime="20200611 19:56:13.352" endtime="20200611 19:56:13.439"></status>
</kw>
<status status="PASS" starttime="20200611 19:56:12.487" endtime="20200611 19:56:13.440"></status>
</kw>
<kw name="Wait Until Element Is Visible On Page" library="Keywords">
<arguments>
<arg>//*[@text="Manage wallets"]</arg>
<arg>timeout=3s</arg>
<arg>error=Manage wallets page should be visible.</arg>
</arguments>
<kw name="Wait Until Page Contains Element" library="AppiumLibrary">
<doc>Waits until element specified with `locator` appears on current page.</doc>
<arguments>
<arg>${locator}</arg>
<arg>timeout=${timeout}</arg>
<arg>error=${error}</arg>
</arguments>
<status status="PASS" starttime="20200611 19:56:13.441" endtime="20200611 19:56:14.498"></status>
</kw>
<kw name="Wait Until Element Is Visible" library="AppiumLibrary">
<doc>Waits until element specified with `locator` is visible.</doc>
<arguments>
<arg>${locator}</arg>
<arg>timeout=${timeout}</arg>
<arg>error=${error}</arg>
</arguments>
<status status="PASS" starttime="20200611 19:56:14.498" endtime="20200611 19:56:14.539"></status>
</kw>
<status status="PASS" starttime="20200611 19:56:13.440" endtime="20200611 19:56:14.539"></status>
</kw>
<kw name="Click Element After It Is Visible" library="Keywords">
<arguments>
<arg>//*[@text="Living Expenses"]</arg>
</arguments>
<kw name="Wait Until Element Is Visible On Page" library="Keywords">
<arguments>
<arg>${locator}</arg>
<arg>timeout=3s</arg>
<arg>error=Element should be visible.</arg>
</arguments>
<kw name="Wait Until Page Contains Element" library="AppiumLibrary">
<doc>Waits until element specified with `locator` appears on current page.</doc>
<arguments>
<arg>${locator}</arg>
<arg>timeout=${timeout}</arg>
<arg>error=${error}</arg>
</arguments>
<status status="PASS" starttime="20200611 19:56:14.542" endtime="20200611 19:56:14.571"></status>
</kw>
<kw name="Wait Until Element Is Visible" library="AppiumLibrary">
<doc>Waits until element specified with `locator` is visible.</doc>
<arguments>
<arg>${locator}</arg>
<arg>timeout=${timeout}</arg>
<arg>error=${error}</arg>
</arguments>
<status status="PASS" starttime="20200611 19:56:14.571" endtime="20200611 19:56:14.609"></status>
</kw>
<status status="PASS" starttime="20200611 19:56:14.541" endtime="20200611 19:56:14.610"></status>
</kw>
<kw name="Click Element" library="AppiumLibrary">
<doc>Click element identified by `locator`.</doc>
<arguments>
<arg>${locator}</arg>
</arguments>
<msg timestamp="20200611 19:56:14.612" level="INFO">Clicking element '//*[@text="Living Expenses"]'.</msg>
<status status="PASS" starttime="20200611 19:56:14.610" endtime="20200611 19:56:14.656"></status>
</kw>
<status status="PASS" starttime="20200611 19:56:14.540" endtime="20200611 19:56:14.656"></status>
</kw>
<kw name="Wait Until Element Is Visible On Page" library="Keywords">
<arguments>
<arg>//*[@text="Wallet"]</arg>
<arg>timeout=3s</arg>
<arg>error=Wallet page should be visible.</arg>
</arguments>
<kw name="Wait Until Page Contains Element" library="AppiumLibrary">
<doc>Waits until element specified with `locator` appears on current page.</doc>
<arguments>
<arg>${locator}</arg>
<arg>timeout=${timeout}</arg>
<arg>error=${error}</arg>
</arguments>
<status status="PASS" starttime="20200611 19:56:14.657" endtime="20200611 19:56:15.287"></status>
</kw>
<kw name="Wait Until Element Is Visible" library="AppiumLibrary">
<doc>Waits until element specified with `locator` is visible.</doc>
<arguments>
<arg>${locator}</arg>
<arg>timeout=${timeout}</arg>
<arg>error=${error}</arg>
</arguments>
<status status="PASS" starttime="20200611 19:56:15.287" endtime="20200611 19:56:15.324"></status>
</kw>
<status status="PASS" starttime="20200611 19:56:14.656" endtime="20200611 19:56:15.325"></status>
</kw>
<kw name="Click Element After It Is Visible" library="Keywords">
<arguments>
<arg>id=action_delete_item</arg>
</arguments>
<kw name="Wait Until Element Is Visible On Page" library="Keywords">
<arguments>
<arg>${locator}</arg>
<arg>timeout=3s</arg>
<arg>error=Element should be visible.</arg>
</arguments>
<kw name="Wait Until Page Contains Element" library="AppiumLibrary">
<doc>Waits until element specified with `locator` appears on current page.</doc>
<arguments>
<arg>${locator}</arg>
<arg>timeout=${timeout}</arg>
<arg>error=${error}</arg>
</arguments>
<status status="PASS" starttime="20200611 19:56:15.326" endtime="20200611 19:56:15.340"></status>
</kw>
<kw name="Wait Until Element Is Visible" library="AppiumLibrary">
<doc>Waits until element specified with `locator` is visible.</doc>
<arguments>
<arg>${locator}</arg>
<arg>timeout=${timeout}</arg>
<arg>error=${error}</arg>
</arguments>
<status status="PASS" starttime="20200611 19:56:15.340" endtime="20200611 19:56:15.368"></status>
</kw>
<status status="PASS" starttime="20200611 19:56:15.325" endtime="20200611 19:56:15.369"></status>
</kw>
<kw name="Click Element" library="AppiumLibrary">
<doc>Click element identified by `locator`.</doc>
<arguments>
<arg>${locator}</arg>
</arguments>
<msg timestamp="20200611 19:56:15.370" level="INFO">Clicking element 'id=action_delete_item'.</msg>
<status status="PASS" starttime="20200611 19:56:15.369" endtime="20200611 19:56:15.396"></status>
</kw>
<status status="PASS" starttime="20200611 19:56:15.325" endtime="20200611 19:56:15.397"></status>
</kw>
<kw name="Wait Until Element Is Visible On Page" library="Keywords">
<arguments>
<arg>id=md_title</arg>
<arg>timeout=3s</arg>
<arg>error=Dialog should be visible.</arg>
</arguments>
<kw name="Wait Until Page Contains Element" library="AppiumLibrary">
<doc>Waits until element specified with `locator` appears on current page.</doc>
<arguments>
<arg>${locator}</arg>
<arg>timeout=${timeout}</arg>
<arg>error=${error}</arg>
</arguments>
<status status="PASS" starttime="20200611 19:56:15.397" endtime="20200611 19:56:16.071"></status>
</kw>
<kw name="Wait Until Element Is Visible" library="AppiumLibrary">
<doc>Waits until element specified with `locator` is visible.</doc>
<arguments>
<arg>${locator}</arg>
<arg>timeout=${timeout}</arg>
<arg>error=${error}</arg>
</arguments>
<status status="PASS" starttime="20200611 19:56:16.071" endtime="20200611 19:56:16.096"></status>
</kw>
<status status="PASS" starttime="20200611 19:56:15.397" endtime="20200611 19:56:16.096"></status>
</kw>
<kw name="Get Text" library="AppiumLibrary">
<doc>Get element text (for hybrid and mobile browser use `xpath` locator, others might cause problem)</doc>
<arguments>
<arg>id=md_title</arg>
</arguments>
<assign>
<var>${dialogTitle}</var>
</assign>
<msg timestamp="20200611 19:56:16.122" level="INFO">Element 'id=md_title' text is 'Warning' </msg>
<msg timestamp="20200611 19:56:16.122" level="INFO">${dialogTitle} = Warning</msg>
<status status="PASS" starttime="20200611 19:56:16.096" endtime="20200611 19:56:16.122"></status>
</kw>
<kw name="Should Be Equal" library="BuiltIn">
<doc>Fails if the given objects are unequal.</doc>
<arguments>
<arg>Warning</arg>
<arg>${dialogTitle}</arg>
</arguments>
<status status="PASS" starttime="20200611 19:56:16.122" endtime="20200611 19:56:16.123"></status>
</kw>
<kw name="Get Text" library="AppiumLibrary">
<doc>Get element text (for hybrid and mobile browser use `xpath` locator, others might cause problem)</doc>
<arguments>
<arg>id=md_content</arg>
</arguments>
<assign>
<var>${dialogContent}</var>
</assign>
<msg timestamp="20200611 19:56:16.148" level="INFO">Element 'id=md_content' text is 'Are you sure you want to delete this wallet? All the related data will be removed.' </msg>
<msg timestamp="20200611 19:56:16.148" level="INFO">${dialogContent} = Are you sure you want to delete this wallet? All the related data will be removed.</msg>
<status status="PASS" starttime="20200611 19:56:16.123" endtime="20200611 19:56:16.149"></status>
</kw>
<kw name="Should Be Equal" library="BuiltIn">
<doc>Fails if the given objects are unequal.</doc>
<arguments>
<arg>Are you sure you want to delete this wallet? All the related data will be removed.</arg>
<arg>${dialogContent}</arg>
</arguments>
<status status="PASS" starttime="20200611 19:56:16.149" endtime="20200611 19:56:16.150"></status>
</kw>
<kw name="Click Element After It Is Visible" library="Keywords">
<arguments>
<arg>id=md_buttonDefaultPositive</arg>
</arguments>
<kw name="Wait Until Element Is Visible On Page" library="Keywords">
<arguments>
<arg>${locator}</arg>
<arg>timeout=3s</arg>
<arg>error=Element should be visible.</arg>
</arguments>
<kw name="Wait Until Page Contains Element" library="AppiumLibrary">
<doc>Waits until element specified with `locator` appears on current page.</doc>
<arguments>
<arg>${locator}</arg>
<arg>timeout=${timeout}</arg>
<arg>error=${error}</arg>
</arguments>
<status status="PASS" starttime="20200611 19:56:16.151" endtime="20200611 19:56:16.170"></status>
</kw>
<kw name="Wait Until Element Is Visible" library="AppiumLibrary">
<doc>Waits until element specified with `locator` is visible.</doc>
<arguments>
<arg>${locator}</arg>
<arg>timeout=${timeout}</arg>
<arg>error=${error}</arg>
</arguments>
<status status="PASS" starttime="20200611 19:56:16.170" endtime="20200611 19:56:16.196"></status>
</kw>
<status status="PASS" starttime="20200611 19:56:16.150" endtime="20200611 19:56:16.196"></status>
</kw>
<kw name="Click Element" library="AppiumLibrary">
<doc>Click element identified by `locator`.</doc>
<arguments>
<arg>${locator}</arg>
</arguments>
<msg timestamp="20200611 19:56:16.197" level="INFO">Clicking element 'id=md_buttonDefaultPositive'.</msg>
<status status="PASS" starttime="20200611 19:56:16.196" endtime="20200611 19:56:16.222"></status>
</kw>
<status status="PASS" starttime="20200611 19:56:16.150" endtime="20200611 19:56:16.222"></status>
</kw>
<kw name="Page Should Not Contain Element" library="AppiumLibrary">
<doc>Verifies that current page not contains `locator` element.</doc>
<arguments>
<arg>//*[@text="Living Expenses"]</arg>
</arguments>
<msg timestamp="20200611 19:56:16.533" level="INFO">Current page not contains element '//*[@text="Living Expenses"]'.</msg>
<status status="PASS" starttime="20200611 19:56:16.222" endtime="20200611 19:56:16.533"></status>
</kw>
<status status="PASS" starttime="20200611 19:56:11.451" endtime="20200611 19:56:16.534"></status>
</kw>
<kw name="Close Application" library="AppiumLibrary">
<doc>Closes the current application and also close webdriver session.</doc>
<status status="PASS" starttime="20200611 19:56:16.534" endtime="20200611 19:56:16.982"></status>
</kw>
<status status="PASS" starttime="20200611 19:56:10.697" endtime="20200611 19:56:16.983"></status>
</kw>
<status status="PASS" starttime="20200611 19:55:20.169" endtime="20200611 19:56:16.983"></status>
</suite>
<status status="PASS" starttime="20200611 19:55:20.166" endtime="20200611 19:56:16.988"></status>
</suite>
<status status="PASS" starttime="20200611 19:55:20.144" endtime="20200611 19:56:16.992"></status>
</suite>
<statistics>
<total>
<stat pass="2" fail="0">Critical Tests</stat>
<stat pass="2" fail="0">All Tests</stat>
</total>
<tag>
</tag>
<suite>
<stat pass="2" fail="0" id="s1" name="Moneywallet Test Automation">Moneywallet Test Automation</stat>
<stat pass="2" fail="0" id="s1-s1" name="Transaction">Moneywallet Test Automation.Transaction</stat>
<stat pass="2" fail="0" id="s1-s1-s1" name="Find Transaction By Search">Moneywallet Test Automation.Transaction.Find Transaction By Search</stat>
</suite>
</statistics>
<errors>
</errors>
</robot>
