<?xml version="1.0" encoding="UTF-8"?>
<robot generator="Robot 3.0.4 (Python 3.6.3 on win32)" generated="20200613 16:14:43.176">
<suite id="s1" name="Moneywallet Test Automation" source="C:\Users\dcTrack\Desktop\STV_Project\moneywallet_test_automation">
<suite id="s1-s1" name="Converter" source="C:\Users\dcTrack\Desktop\STV_Project\moneywallet_test_automation\Converter">
<suite id="s1-s1-s1" name="Convert currency" source="C:\Users\dcTrack\Desktop\STV_Project\moneywallet_test_automation\Converter\Convert currency.robot">
<kw name="Run Keywords" library="BuiltIn" type="setup">
<doc>Executes all the given keywords in a sequence.</doc>
<arguments>
<arg>Open App</arg>
<arg>AND</arg>
<arg>Create Wallet</arg>
<arg>AND</arg>
<arg>Update Currencey Rate</arg>
</arguments>
<kw name="Open App" library="Keywords">
<kw name="Open Application" library="AppiumLibrary">
<doc>Opens a new application to given Appium server.</doc>
<arguments>
<arg>http://localhost:4723/wd/hub</arg>
<arg>platformName=Android</arg>
<arg>platformVersion=7.1.1</arg>
<arg>deviceName=Pixel 2 API 25</arg>
<arg>app=${EXECDIR}/../moneywallet/app/proprietaryOsm/release/app-proprietary-osm-release.apk</arg>
<arg>appPackage=com.oriondev.moneywallet</arg>
</arguments>
<status status="PASS" starttime="20200613 16:14:43.473" endtime="20200613 16:15:04.025"></status>
</kw>
<kw name="Click Element After It Is Visible" library="Keywords">
<arguments>
<arg>id=first_start_button</arg>
</arguments>
<kw name="Wait Until Element Is Visible On Page" library="Keywords">
<arguments>
<arg>${locator}</arg>
<arg>timeout=3s</arg>
<arg>error=Element should be visible.</arg>
</arguments>
<kw name="Wait Until Page Contains Element" library="AppiumLibrary">
<doc>Waits until element specified with `locator` appears on current page.</doc>
<arguments>
<arg>${locator}</arg>
<arg>timeout=${timeout}</arg>
<arg>error=${error}</arg>
</arguments>
<status status="PASS" starttime="20200613 16:15:04.027" endtime="20200613 16:15:04.392"></status>
</kw>
<kw name="Wait Until Element Is Visible" library="AppiumLibrary">
<doc>Waits until element specified with `locator` is visible.</doc>
<arguments>
<arg>${locator}</arg>
<arg>timeout=${timeout}</arg>
<arg>error=${error}</arg>
</arguments>
<status status="PASS" starttime="20200613 16:15:04.393" endtime="20200613 16:15:04.422"></status>
</kw>
<status status="PASS" starttime="20200613 16:15:04.026" endtime="20200613 16:15:04.423"></status>
</kw>
<kw name="Click Element" library="AppiumLibrary">
<doc>Click element identified by `locator`.</doc>
<arguments>
<arg>${locator}</arg>
</arguments>
<msg timestamp="20200613 16:15:04.425" level="INFO">Clicking element 'id=first_start_button'.</msg>
<status status="PASS" starttime="20200613 16:15:04.423" endtime="20200613 16:15:04.462"></status>
</kw>
<status status="PASS" starttime="20200613 16:15:04.025" endtime="20200613 16:15:04.462"></status>
</kw>
<kw name="Click Element After It Is Visible" library="Keywords">
<arguments>
<arg>id=skip</arg>
</arguments>
<kw name="Wait Until Element Is Visible On Page" library="Keywords">
<arguments>
<arg>${locator}</arg>
<arg>timeout=3s</arg>
<arg>error=Element should be visible.</arg>
</arguments>
<kw name="Wait Until Page Contains Element" library="AppiumLibrary">
<doc>Waits until element specified with `locator` appears on current page.</doc>
<arguments>
<arg>${locator}</arg>
<arg>timeout=${timeout}</arg>
<arg>error=${error}</arg>
</arguments>
<status status="PASS" starttime="20200613 16:15:04.464" endtime="20200613 16:15:05.676"></status>
</kw>
<kw name="Wait Until Element Is Visible" library="AppiumLibrary">
<doc>Waits until element specified with `locator` is visible.</doc>
<arguments>
<arg>${locator}</arg>
<arg>timeout=${timeout}</arg>
<arg>error=${error}</arg>
</arguments>
<status status="PASS" starttime="20200613 16:15:05.677" endtime="20200613 16:15:05.710"></status>
</kw>
<status status="PASS" starttime="20200613 16:15:04.464" endtime="20200613 16:15:05.710"></status>
</kw>
<kw name="Click Element" library="AppiumLibrary">
<doc>Click element identified by `locator`.</doc>
<arguments>
<arg>${locator}</arg>
</arguments>
<msg timestamp="20200613 16:15:05.712" level="INFO">Clicking element 'id=skip'.</msg>
<status status="PASS" starttime="20200613 16:15:05.711" endtime="20200613 16:15:05.745"></status>
</kw>
<status status="PASS" starttime="20200613 16:15:04.463" endtime="20200613 16:15:05.745"></status>
</kw>
<kw name="Click Element After It Is Visible" library="Keywords">
<arguments>
<arg>id=done</arg>
</arguments>
<kw name="Wait Until Element Is Visible On Page" library="Keywords">
<arguments>
<arg>${locator}</arg>
<arg>timeout=3s</arg>
<arg>error=Element should be visible.</arg>
</arguments>
<kw name="Wait Until Page Contains Element" library="AppiumLibrary">
<doc>Waits until element specified with `locator` appears on current page.</doc>
<arguments>
<arg>${locator}</arg>
<arg>timeout=${timeout}</arg>
<arg>error=${error}</arg>
</arguments>
<status status="PASS" starttime="20200613 16:15:05.746" endtime="20200613 16:15:05.789"></status>
</kw>
<kw name="Wait Until Element Is Visible" library="AppiumLibrary">
<doc>Waits until element specified with `locator` is visible.</doc>
<arguments>
<arg>${locator}</arg>
<arg>timeout=${timeout}</arg>
<arg>error=${error}</arg>
</arguments>
<status status="PASS" starttime="20200613 16:15:05.790" endtime="20200613 16:15:06.917"></status>
</kw>
<status status="PASS" starttime="20200613 16:15:05.746" endtime="20200613 16:15:06.917"></status>
</kw>
<kw name="Click Element" library="AppiumLibrary">
<doc>Click element identified by `locator`.</doc>
<arguments>
<arg>${locator}</arg>
</arguments>
<msg timestamp="20200613 16:15:06.919" level="INFO">Clicking element 'id=done'.</msg>
<status status="PASS" starttime="20200613 16:15:06.918" endtime="20200613 16:15:06.949"></status>
</kw>
<status status="PASS" starttime="20200613 16:15:05.746" endtime="20200613 16:15:06.949"></status>
</kw>
<kw name="Wait Until Element Is Visible On Page" library="Keywords">
<arguments>
<arg>//*[@text="New wallet"]</arg>
<arg>timeout=3s</arg>
<arg>error=Wallet page should be visible.</arg>
</arguments>
<kw name="Wait Until Page Contains Element" library="AppiumLibrary">
<doc>Waits until element specified with `locator` appears on current page.</doc>
<arguments>
<arg>${locator}</arg>
<arg>timeout=${timeout}</arg>
<arg>error=${error}</arg>
</arguments>
<status status="PASS" starttime="20200613 16:15:06.950" endtime="20200613 16:15:08.546"></status>
</kw>
<kw name="Wait Until Element Is Visible" library="AppiumLibrary">
<doc>Waits until element specified with `locator` is visible.</doc>
<arguments>
<arg>${locator}</arg>
<arg>timeout=${timeout}</arg>
<arg>error=${error}</arg>
</arguments>
<status status="PASS" starttime="20200613 16:15:08.547" endtime="20200613 16:15:08.605"></status>
</kw>
<status status="PASS" starttime="20200613 16:15:06.950" endtime="20200613 16:15:08.606"></status>
</kw>
<status status="PASS" starttime="20200613 16:14:43.472" endtime="20200613 16:15:08.606"></status>
</kw>
<kw name="Create Wallet" library="Keywords">
<kw name="Wait Until Element Is Visible On Page" library="Keywords">
<arguments>
<arg>id=name_edit_text</arg>
<arg>timeout=3s</arg>
<arg>error=!!!!</arg>
</arguments>
<kw name="Wait Until Page Contains Element" library="AppiumLibrary">
<doc>Waits until element specified with `locator` appears on current page.</doc>
<arguments>
<arg>${locator}</arg>
<arg>timeout=${timeout}</arg>
<arg>error=${error}</arg>
</arguments>
<status status="PASS" starttime="20200613 16:15:08.608" endtime="20200613 16:15:08.639"></status>
</kw>
<kw name="Wait Until Element Is Visible" library="AppiumLibrary">
<doc>Waits until element specified with `locator` is visible.</doc>
<arguments>
<arg>${locator}</arg>
<arg>timeout=${timeout}</arg>
<arg>error=${error}</arg>
</arguments>
<status status="PASS" starttime="20200613 16:15:08.640" endtime="20200613 16:15:08.722"></status>
</kw>
<status status="PASS" starttime="20200613 16:15:08.607" endtime="20200613 16:15:08.723"></status>
</kw>
<kw name="Input Text" library="AppiumLibrary">
<doc>Types the given `text` into text field identified by `locator`.</doc>
<arguments>
<arg>id=name_edit_text</arg>
<arg>Living Expenses</arg>
</arguments>
<msg timestamp="20200613 16:15:08.725" level="INFO">Typing text 'Living Expenses' into text field 'id=name_edit_text'</msg>
<status status="PASS" starttime="20200613 16:15:08.723" endtime="20200613 16:15:09.514"></status>
</kw>
<kw name="Click Element After It Is Visible" library="Keywords">
<arguments>
<arg>id=action_save_changes</arg>
</arguments>
<kw name="Wait Until Element Is Visible On Page" library="Keywords">
<arguments>
<arg>${locator}</arg>
<arg>timeout=3s</arg>
<arg>error=Element should be visible.</arg>
</arguments>
<kw name="Wait Until Page Contains Element" library="AppiumLibrary">
<doc>Waits until element specified with `locator` appears on current page.</doc>
<arguments>
<arg>${locator}</arg>
<arg>timeout=${timeout}</arg>
<arg>error=${error}</arg>
</arguments>
<status status="PASS" starttime="20200613 16:15:09.516" endtime="20200613 16:15:10.142"></status>
</kw>
<kw name="Wait Until Element Is Visible" library="AppiumLibrary">
<doc>Waits until element specified with `locator` is visible.</doc>
<arguments>
<arg>${locator}</arg>
<arg>timeout=${timeout}</arg>
<arg>error=${error}</arg>
</arguments>
<status status="PASS" starttime="20200613 16:15:10.142" endtime="20200613 16:15:10.170"></status>
</kw>
<status status="PASS" starttime="20200613 16:15:09.515" endtime="20200613 16:15:10.171"></status>
</kw>
<kw name="Click Element" library="AppiumLibrary">
<doc>Click element identified by `locator`.</doc>
<arguments>
<arg>${locator}</arg>
</arguments>
<msg timestamp="20200613 16:15:10.172" level="INFO">Clicking element 'id=action_save_changes'.</msg>
<status status="PASS" starttime="20200613 16:15:10.171" endtime="20200613 16:15:10.205"></status>
</kw>
<status status="PASS" starttime="20200613 16:15:09.514" endtime="20200613 16:15:10.206"></status>
</kw>
<kw name="Wait Until Element Is Visible On Page" library="Keywords">
<arguments>
<arg>//*[@text="Transactions"]</arg>
<arg>timeout=3s</arg>
<arg>error=Transactions page should be visible.</arg>
</arguments>
<kw name="Wait Until Page Contains Element" library="AppiumLibrary">
<doc>Waits until element specified with `locator` appears on current page.</doc>
<arguments>
<arg>${locator}</arg>
<arg>timeout=${timeout}</arg>
<arg>error=${error}</arg>
</arguments>
<status status="PASS" starttime="20200613 16:15:10.207" endtime="20200613 16:15:11.695"></status>
</kw>
<kw name="Wait Until Element Is Visible" library="AppiumLibrary">
<doc>Waits until element specified with `locator` is visible.</doc>
<arguments>
<arg>${locator}</arg>
<arg>timeout=${timeout}</arg>
<arg>error=${error}</arg>
</arguments>
<status status="PASS" starttime="20200613 16:15:11.695" endtime="20200613 16:15:11.745"></status>
</kw>
<status status="PASS" starttime="20200613 16:15:10.206" endtime="20200613 16:15:11.745"></status>
</kw>
<kw name="Click Element After It Is Visible" library="Keywords">
<arguments>
<arg>//*[@content-desc="Open"]</arg>
</arguments>
<kw name="Wait Until Element Is Visible On Page" library="Keywords">
<arguments>
<arg>${locator}</arg>
<arg>timeout=3s</arg>
<arg>error=Element should be visible.</arg>
</arguments>
<kw name="Wait Until Page Contains Element" library="AppiumLibrary">
<doc>Waits until element specified with `locator` appears on current page.</doc>
<arguments>
<arg>${locator}</arg>
<arg>timeout=${timeout}</arg>
<arg>error=${error}</arg>
</arguments>
<status status="PASS" starttime="20200613 16:15:11.746" endtime="20200613 16:15:11.779"></status>
</kw>
<kw name="Wait Until Element Is Visible" library="AppiumLibrary">
<doc>Waits until element specified with `locator` is visible.</doc>
<arguments>
<arg>${locator}</arg>
<arg>timeout=${timeout}</arg>
<arg>error=${error}</arg>
</arguments>
<status status="PASS" starttime="20200613 16:15:11.780" endtime="20200613 16:15:11.830"></status>
</kw>
<status status="PASS" starttime="20200613 16:15:11.746" endtime="20200613 16:15:11.830"></status>
</kw>
<kw name="Click Element" library="AppiumLibrary">
<doc>Click element identified by `locator`.</doc>
<arguments>
<arg>${locator}</arg>
</arguments>
<msg timestamp="20200613 16:15:11.832" level="INFO">Clicking element '//*[@content-desc="Open"]'.</msg>
<status status="PASS" starttime="20200613 16:15:11.831" endtime="20200613 16:15:11.875"></status>
</kw>
<status status="PASS" starttime="20200613 16:15:11.745" endtime="20200613 16:15:11.875"></status>
</kw>
<kw name="Get Text After It Is Visible" library="Keywords">
<arguments>
<arg>id=material_drawer_account_header_name</arg>
</arguments>
<assign>
<var>${walletName}</var>
</assign>
<kw name="Wait Until Element Is Visible On Page" library="Keywords">
<arguments>
<arg>${locator}</arg>
<arg>timeout=3s</arg>
<arg>error=Element should be visible.</arg>
</arguments>
<kw name="Wait Until Page Contains Element" library="AppiumLibrary">
<doc>Waits until element specified with `locator` appears on current page.</doc>
<arguments>
<arg>${locator}</arg>
<arg>timeout=${timeout}</arg>
<arg>error=${error}</arg>
</arguments>
<status status="PASS" starttime="20200613 16:15:11.877" endtime="20200613 16:15:12.192"></status>
</kw>
<kw name="Wait Until Element Is Visible" library="AppiumLibrary">
<doc>Waits until element specified with `locator` is visible.</doc>
<arguments>
<arg>${locator}</arg>
<arg>timeout=${timeout}</arg>
<arg>error=${error}</arg>
</arguments>
<status status="PASS" starttime="20200613 16:15:12.192" endtime="20200613 16:15:12.865"></status>
</kw>
<status status="PASS" starttime="20200613 16:15:11.876" endtime="20200613 16:15:12.865"></status>
</kw>
<kw name="Get Text" library="AppiumLibrary">
<doc>Get element text (for hybrid and mobile browser use `xpath` locator, others might cause problem)</doc>
<arguments>
<arg>${locator}</arg>
</arguments>
<assign>
<var>${text}</var>
</assign>
<msg timestamp="20200613 16:15:12.904" level="INFO">Element 'id=material_drawer_account_header_name' text is 'Living Expenses' </msg>
<msg timestamp="20200613 16:15:12.905" level="INFO">${text} = Living Expenses</msg>
<status status="PASS" starttime="20200613 16:15:12.866" endtime="20200613 16:15:12.905"></status>
</kw>
<msg timestamp="20200613 16:15:12.906" level="INFO">${walletName} = Living Expenses</msg>
<status status="PASS" starttime="20200613 16:15:11.876" endtime="20200613 16:15:12.906"></status>
</kw>
<kw name="Should Be Equal" library="BuiltIn">
<doc>Fails if the given objects are unequal.</doc>
<arguments>
<arg>Living Expenses</arg>
<arg>${walletName}</arg>
</arguments>
<status status="PASS" starttime="20200613 16:15:12.906" endtime="20200613 16:15:12.907"></status>
</kw>
<status status="PASS" starttime="20200613 16:15:08.607" endtime="20200613 16:15:12.907"></status>
</kw>
<kw name="Update Currencey Rate">
<kw name="Swipe" library="AppiumLibrary">
<doc>Swipe from one point to another point, for an optional duration.</doc>
<arguments>
<arg>0</arg>
<arg>1200</arg>
<arg>0</arg>
<arg>200</arg>
</arguments>
<status status="PASS" starttime="20200613 16:15:12.908" endtime="20200613 16:15:14.129"></status>
</kw>
<kw name="Click Element After It Is Visible" library="Keywords">
<arguments>
<arg>//*[@text="Settings"]</arg>
</arguments>
<kw name="Wait Until Element Is Visible On Page" library="Keywords">
<arguments>
<arg>${locator}</arg>
<arg>timeout=3s</arg>
<arg>error=Element should be visible.</arg>
</arguments>
<kw name="Wait Until Page Contains Element" library="AppiumLibrary">
<doc>Waits until element specified with `locator` appears on current page.</doc>
<arguments>
<arg>${locator}</arg>
<arg>timeout=${timeout}</arg>
<arg>error=${error}</arg>
</arguments>
<status status="PASS" starttime="20200613 16:15:14.131" endtime="20200613 16:15:14.218"></status>
</kw>
<kw name="Wait Until Element Is Visible" library="AppiumLibrary">
<doc>Waits until element specified with `locator` is visible.</doc>
<arguments>
<arg>${locator}</arg>
<arg>timeout=${timeout}</arg>
<arg>error=${error}</arg>
</arguments>
<status status="PASS" starttime="20200613 16:15:14.219" endtime="20200613 16:15:14.318"></status>
</kw>
<status status="PASS" starttime="20200613 16:15:14.131" endtime="20200613 16:15:14.318"></status>
</kw>
<kw name="Click Element" library="AppiumLibrary">
<doc>Click element identified by `locator`.</doc>
<arguments>
<arg>${locator}</arg>
</arguments>
<msg timestamp="20200613 16:15:14.320" level="INFO">Clicking element '//*[@text="Settings"]'.</msg>
<status status="PASS" starttime="20200613 16:15:14.319" endtime="20200613 16:15:14.413"></status>
</kw>
<status status="PASS" starttime="20200613 16:15:14.130" endtime="20200613 16:15:14.413"></status>
</kw>
<kw name="Wait Until Element Is Visible On Page" library="Keywords">
<arguments>
<arg>//*[@text="Settings"]</arg>
<arg>timeout=3s</arg>
<arg>error=Settings page should be visible.</arg>
</arguments>
<kw name="Wait Until Page Contains Element" library="AppiumLibrary">
<doc>Waits until element specified with `locator` appears on current page.</doc>
<arguments>
<arg>${locator}</arg>
<arg>timeout=${timeout}</arg>
<arg>error=${error}</arg>
</arguments>
<status status="PASS" starttime="20200613 16:15:14.414" endtime="20200613 16:15:14.930"></status>
</kw>
<kw name="Wait Until Element Is Visible" library="AppiumLibrary">
<doc>Waits until element specified with `locator` is visible.</doc>
<arguments>
<arg>${locator}</arg>
<arg>timeout=${timeout}</arg>
<arg>error=${error}</arg>
</arguments>
<status status="PASS" starttime="20200613 16:15:14.930" endtime="20200613 16:15:15.533"></status>
</kw>
<status status="PASS" starttime="20200613 16:15:14.414" endtime="20200613 16:15:15.534"></status>
</kw>
<kw name="Click Element After It Is Visible" library="Keywords">
<arguments>
<arg>//*[@text="Utilities"]</arg>
</arguments>
<kw name="Wait Until Element Is Visible On Page" library="Keywords">
<arguments>
<arg>${locator}</arg>
<arg>timeout=3s</arg>
<arg>error=Element should be visible.</arg>
</arguments>
<kw name="Wait Until Page Contains Element" library="AppiumLibrary">
<doc>Waits until element specified with `locator` appears on current page.</doc>
<arguments>
<arg>${locator}</arg>
<arg>timeout=${timeout}</arg>
<arg>error=${error}</arg>
</arguments>
<status status="PASS" starttime="20200613 16:15:15.535" endtime="20200613 16:15:15.566"></status>
</kw>
<kw name="Wait Until Element Is Visible" library="AppiumLibrary">
<doc>Waits until element specified with `locator` is visible.</doc>
<arguments>
<arg>${locator}</arg>
<arg>timeout=${timeout}</arg>
<arg>error=${error}</arg>
</arguments>
<status status="PASS" starttime="20200613 16:15:15.566" endtime="20200613 16:15:15.611"></status>
</kw>
<status status="PASS" starttime="20200613 16:15:15.535" endtime="20200613 16:15:15.611"></status>
</kw>
<kw name="Click Element" library="AppiumLibrary">
<doc>Click element identified by `locator`.</doc>
<arguments>
<arg>${locator}</arg>
</arguments>
<msg timestamp="20200613 16:15:15.612" level="INFO">Clicking element '//*[@text="Utilities"]'.</msg>
<status status="PASS" starttime="20200613 16:15:15.612" endtime="20200613 16:15:15.655"></status>
</kw>
<status status="PASS" starttime="20200613 16:15:15.534" endtime="20200613 16:15:15.655"></status>
</kw>
<kw name="Click Element After It Is Visible" library="Keywords">
<arguments>
<arg>//*[@text="Custom api-key"]</arg>
</arguments>
<kw name="Wait Until Element Is Visible On Page" library="Keywords">
<arguments>
<arg>${locator}</arg>
<arg>timeout=3s</arg>
<arg>error=Element should be visible.</arg>
</arguments>
<kw name="Wait Until Page Contains Element" library="AppiumLibrary">
<doc>Waits until element specified with `locator` appears on current page.</doc>
<arguments>
<arg>${locator}</arg>
<arg>timeout=${timeout}</arg>
<arg>error=${error}</arg>
</arguments>
<status status="PASS" starttime="20200613 16:15:15.656" endtime="20200613 16:15:16.336"></status>
</kw>
<kw name="Wait Until Element Is Visible" library="AppiumLibrary">
<doc>Waits until element specified with `locator` is visible.</doc>
<arguments>
<arg>${locator}</arg>
<arg>timeout=${timeout}</arg>
<arg>error=${error}</arg>
</arguments>
<status status="PASS" starttime="20200613 16:15:16.336" endtime="20200613 16:15:16.396"></status>
</kw>
<status status="PASS" starttime="20200613 16:15:15.656" endtime="20200613 16:15:16.397"></status>
</kw>
<kw name="Click Element" library="AppiumLibrary">
<doc>Click element identified by `locator`.</doc>
<arguments>
<arg>${locator}</arg>
</arguments>
<msg timestamp="20200613 16:15:16.399" level="INFO">Clicking element '//*[@text="Custom api-key"]'.</msg>
<status status="PASS" starttime="20200613 16:15:16.398" endtime="20200613 16:15:16.451"></status>
</kw>
<status status="PASS" starttime="20200613 16:15:15.655" endtime="20200613 16:15:16.452"></status>
</kw>
<kw name="Wait Until Element Is Visible On Page" library="Keywords">
<arguments>
<arg>//*[@text="Custom api-key"]</arg>
<arg>timeout=3s</arg>
<arg>error=Custom api-key Page should be visible.</arg>
</arguments>
<kw name="Wait Until Page Contains Element" library="AppiumLibrary">
<doc>Waits until element specified with `locator` appears on current page.</doc>
<arguments>
<arg>${locator}</arg>
<arg>timeout=${timeout}</arg>
<arg>error=${error}</arg>
</arguments>
<status status="PASS" starttime="20200613 16:15:16.453" endtime="20200613 16:15:16.528"></status>
</kw>
<kw name="Wait Until Element Is Visible" library="AppiumLibrary">
<doc>Waits until element specified with `locator` is visible.</doc>
<arguments>
<arg>${locator}</arg>
<arg>timeout=${timeout}</arg>
<arg>error=${error}</arg>
</arguments>
<status status="PASS" starttime="20200613 16:15:16.529" endtime="20200613 16:15:17.735"></status>
</kw>
<status status="PASS" starttime="20200613 16:15:16.452" endtime="20200613 16:15:17.736"></status>
</kw>
<kw name="Get Text" library="AppiumLibrary">
<doc>Get element text (for hybrid and mobile browser use `xpath` locator, others might cause problem)</doc>
<arguments>
<arg>id=md_content</arg>
</arguments>
<assign>
<var>${dialogContent}</var>
</assign>
<msg timestamp="20200613 16:15:17.760" level="INFO">Element 'id=md_content' text is 'This service requires a valid api-key in order to work. This means that this application release was compiled without a default key, probably due to licensing issues. To be able to communicate with this external provider you must go to https://openexchangerates.org and register: you will receive a free key.' </msg>
<msg timestamp="20200613 16:15:17.761" level="INFO">${dialogContent} = This service requires a valid api-key in order to work. This means that this application release was compiled without a default key, probably due to licensing issues. To be able to communicate with th...</msg>
<status status="PASS" starttime="20200613 16:15:17.736" endtime="20200613 16:15:17.761"></status>
</kw>
<kw name="Should Be Equal" library="BuiltIn">
<doc>Fails if the given objects are unequal.</doc>
<arguments>
<arg>This service requires a valid api-key in order to work. This means that this application release was compiled without a default key, probably due to licensing issues. To be able to communicate with this external provider you must go to https://openexchangerates.org and register: you will receive a free key.</arg>
<arg>${dialogContent}</arg>
</arguments>
<status status="PASS" starttime="20200613 16:15:17.761" endtime="20200613 16:15:17.762"></status>
</kw>
<kw name="Input Text After It Is Visible" library="Keywords">
<arguments>
<arg>//*[@text="Insert api-key"]</arg>
<arg>30f9d1d33efa4e9483a7cbe06864de96</arg>
</arguments>
<kw name="Wait Until Element Is Visible On Page" library="Keywords">
<arguments>
<arg>${locator}</arg>
<arg>timeout=3s</arg>
<arg>error=Element should be visible.</arg>
</arguments>
<kw name="Wait Until Page Contains Element" library="AppiumLibrary">
<doc>Waits until element specified with `locator` appears on current page.</doc>
<arguments>
<arg>${locator}</arg>
<arg>timeout=${timeout}</arg>
<arg>error=${error}</arg>
</arguments>
<status status="PASS" starttime="20200613 16:15:17.763" endtime="20200613 16:15:17.782"></status>
</kw>
<kw name="Wait Until Element Is Visible" library="AppiumLibrary">
<doc>Waits until element specified with `locator` is visible.</doc>
<arguments>
<arg>${locator}</arg>
<arg>timeout=${timeout}</arg>
<arg>error=${error}</arg>
</arguments>
<status status="PASS" starttime="20200613 16:15:17.782" endtime="20200613 16:15:17.813"></status>
</kw>
<status status="PASS" starttime="20200613 16:15:17.762" endtime="20200613 16:15:17.814"></status>
</kw>
<kw name="Input Text" library="AppiumLibrary">
<doc>Types the given `text` into text field identified by `locator`.</doc>
<arguments>
<arg>${locator}</arg>
<arg>${text}</arg>
</arguments>
<msg timestamp="20200613 16:15:17.815" level="INFO">Typing text '30f9d1d33efa4e9483a7cbe06864de96' into text field '//*[@text="Insert api-key"]'</msg>
<status status="PASS" starttime="20200613 16:15:17.814" endtime="20200613 16:15:18.723"></status>
</kw>
<status status="PASS" starttime="20200613 16:15:17.762" endtime="20200613 16:15:18.724"></status>
</kw>
<kw name="Click Element After It Is Visible" library="Keywords">
<arguments>
<arg>id=md_buttonDefaultPositive</arg>
</arguments>
<kw name="Wait Until Element Is Visible On Page" library="Keywords">
<arguments>
<arg>${locator}</arg>
<arg>timeout=3s</arg>
<arg>error=Element should be visible.</arg>
</arguments>
<kw name="Wait Until Page Contains Element" library="AppiumLibrary">
<doc>Waits until element specified with `locator` appears on current page.</doc>
<arguments>
<arg>${locator}</arg>
<arg>timeout=${timeout}</arg>
<arg>error=${error}</arg>
</arguments>
<status status="PASS" starttime="20200613 16:15:18.726" endtime="20200613 16:15:18.766"></status>
</kw>
<kw name="Wait Until Element Is Visible" library="AppiumLibrary">
<doc>Waits until element specified with `locator` is visible.</doc>
<arguments>
<arg>${locator}</arg>
<arg>timeout=${timeout}</arg>
<arg>error=${error}</arg>
</arguments>
<status status="PASS" starttime="20200613 16:15:18.767" endtime="20200613 16:15:19.415"></status>
</kw>
<status status="PASS" starttime="20200613 16:15:18.725" endtime="20200613 16:15:19.416"></status>
</kw>
<kw name="Click Element" library="AppiumLibrary">
<doc>Click element identified by `locator`.</doc>
<arguments>
<arg>${locator}</arg>
</arguments>
<msg timestamp="20200613 16:15:19.420" level="INFO">Clicking element 'id=md_buttonDefaultPositive'.</msg>
<status status="PASS" starttime="20200613 16:15:19.417" endtime="20200613 16:15:19.483"></status>
</kw>
<status status="PASS" starttime="20200613 16:15:18.724" endtime="20200613 16:15:19.484"></status>
</kw>
<kw name="Wait Until Element Is Visible On Page" library="Keywords">
<arguments>
<arg>//*[@text="Utilities"]</arg>
<arg>timeout=3s</arg>
<arg>error=Utilities page should be visible.</arg>
</arguments>
<kw name="Wait Until Page Contains Element" library="AppiumLibrary">
<doc>Waits until element specified with `locator` appears on current page.</doc>
<arguments>
<arg>${locator}</arg>
<arg>timeout=${timeout}</arg>
<arg>error=${error}</arg>
</arguments>
<status status="PASS" starttime="20200613 16:15:19.486" endtime="20200613 16:15:20.267"></status>
</kw>
<kw name="Wait Until Element Is Visible" library="AppiumLibrary">
<doc>Waits until element specified with `locator` is visible.</doc>
<arguments>
<arg>${locator}</arg>
<arg>timeout=${timeout}</arg>
<arg>error=${error}</arg>
</arguments>
<status status="PASS" starttime="20200613 16:15:20.268" endtime="20200613 16:15:20.316"></status>
</kw>
<status status="PASS" starttime="20200613 16:15:19.485" endtime="20200613 16:15:20.317"></status>
</kw>
<kw name="Click Element After It Is Visible" library="Keywords">
<arguments>
<arg>//*[@text="Update exchange rates"]</arg>
</arguments>
<kw name="Wait Until Element Is Visible On Page" library="Keywords">
<arguments>
<arg>${locator}</arg>
<arg>timeout=3s</arg>
<arg>error=Element should be visible.</arg>
</arguments>
<kw name="Wait Until Page Contains Element" library="AppiumLibrary">
<doc>Waits until element specified with `locator` appears on current page.</doc>
<arguments>
<arg>${locator}</arg>
<arg>timeout=${timeout}</arg>
<arg>error=${error}</arg>
</arguments>
<status status="PASS" starttime="20200613 16:15:20.318" endtime="20200613 16:15:20.356"></status>
</kw>
<kw name="Wait Until Element Is Visible" library="AppiumLibrary">
<doc>Waits until element specified with `locator` is visible.</doc>
<arguments>
<arg>${locator}</arg>
<arg>timeout=${timeout}</arg>
<arg>error=${error}</arg>
</arguments>
<status status="PASS" starttime="20200613 16:15:20.356" endtime="20200613 16:15:20.404"></status>
</kw>
<status status="PASS" starttime="20200613 16:15:20.317" endtime="20200613 16:15:20.405"></status>
</kw>
<kw name="Click Element" library="AppiumLibrary">
<doc>Click element identified by `locator`.</doc>
<arguments>
<arg>${locator}</arg>
</arguments>
<msg timestamp="20200613 16:15:20.406" level="INFO">Clicking element '//*[@text="Update exchange rates"]'.</msg>
<status status="PASS" starttime="20200613 16:15:20.405" endtime="20200613 16:15:20.460"></status>
</kw>
<status status="PASS" starttime="20200613 16:15:20.317" endtime="20200613 16:15:20.461"></status>
</kw>
<kw name="Go Back To List" library="Keywords">
<kw name="Click Element After It Is Visible" library="Keywords">
<arguments>
<arg>//*[contains(@resource-id, "secondary_toolbar")]/*[@class="android.widget.ImageButton"]</arg>
</arguments>
<kw name="Wait Until Element Is Visible On Page" library="Keywords">
<arguments>
<arg>${locator}</arg>
<arg>timeout=3s</arg>
<arg>error=Element should be visible.</arg>
</arguments>
<kw name="Wait Until Page Contains Element" library="AppiumLibrary">
<doc>Waits until element specified with `locator` appears on current page.</doc>
<arguments>
<arg>${locator}</arg>
<arg>timeout=${timeout}</arg>
<arg>error=${error}</arg>
</arguments>
<status status="PASS" starttime="20200613 16:15:20.463" endtime="20200613 16:15:20.512"></status>
</kw>
<kw name="Wait Until Element Is Visible" library="AppiumLibrary">
<doc>Waits until element specified with `locator` is visible.</doc>
<arguments>
<arg>${locator}</arg>
<arg>timeout=${timeout}</arg>
<arg>error=${error}</arg>
</arguments>
<status status="PASS" starttime="20200613 16:15:20.513" endtime="20200613 16:15:21.239"></status>
</kw>
<status status="PASS" starttime="20200613 16:15:20.462" endtime="20200613 16:15:21.240"></status>
</kw>
<kw name="Click Element" library="AppiumLibrary">
<doc>Click element identified by `locator`.</doc>
<arguments>
<arg>${locator}</arg>
</arguments>
<msg timestamp="20200613 16:15:21.242" level="INFO">Clicking element '//*[contains(@resource-id, "secondary_toolbar")]/*[@class="android.widget.ImageButton"]'.</msg>
<status status="PASS" starttime="20200613 16:15:21.240" endtime="20200613 16:15:21.395"></status>
</kw>
<status status="PASS" starttime="20200613 16:15:20.462" endtime="20200613 16:15:21.396"></status>
</kw>
<status status="PASS" starttime="20200613 16:15:20.461" endtime="20200613 16:15:21.396"></status>
</kw>
<status status="PASS" starttime="20200613 16:15:12.907" endtime="20200613 16:15:21.396"></status>
</kw>
<status status="PASS" starttime="20200613 16:14:43.471" endtime="20200613 16:15:21.397"></status>
</kw>
<test id="s1-s1-s1-t1" name="Convert USD to TWD">
<kw name="Click Element After It Is Visible" library="Keywords">
<arguments>
<arg>//*[@content-desc="Open"]</arg>
</arguments>
<kw name="Wait Until Element Is Visible On Page" library="Keywords">
<arguments>
<arg>${locator}</arg>
<arg>timeout=3s</arg>
<arg>error=Element should be visible.</arg>
</arguments>
<kw name="Wait Until Page Contains Element" library="AppiumLibrary">
<doc>Waits until element specified with `locator` appears on current page.</doc>
<arguments>
<arg>${locator}</arg>
<arg>timeout=${timeout}</arg>
<arg>error=${error}</arg>
</arguments>
<status status="PASS" starttime="20200613 16:15:21.400" endtime="20200613 16:15:21.938"></status>
</kw>
<kw name="Wait Until Element Is Visible" library="AppiumLibrary">
<doc>Waits until element specified with `locator` is visible.</doc>
<arguments>
<arg>${locator}</arg>
<arg>timeout=${timeout}</arg>
<arg>error=${error}</arg>
</arguments>
<status status="PASS" starttime="20200613 16:15:21.938" endtime="20200613 16:15:22.001"></status>
</kw>
<status status="PASS" starttime="20200613 16:15:21.399" endtime="20200613 16:15:22.002"></status>
</kw>
<kw name="Click Element" library="AppiumLibrary">
<doc>Click element identified by `locator`.</doc>
<arguments>
<arg>${locator}</arg>
</arguments>
<msg timestamp="20200613 16:15:22.004" level="INFO">Clicking element '//*[@content-desc="Open"]'.</msg>
<status status="PASS" starttime="20200613 16:15:22.003" endtime="20200613 16:15:22.065"></status>
</kw>
<status status="PASS" starttime="20200613 16:15:21.398" endtime="20200613 16:15:22.065"></status>
</kw>
<kw name="Click Element After It Is Visible" library="Keywords">
<arguments>
<arg>//*[@text="Converter"]</arg>
</arguments>
<kw name="Wait Until Element Is Visible On Page" library="Keywords">
<arguments>
<arg>${locator}</arg>
<arg>timeout=3s</arg>
<arg>error=Element should be visible.</arg>
</arguments>
<kw name="Wait Until Page Contains Element" library="AppiumLibrary">
<doc>Waits until element specified with `locator` appears on current page.</doc>
<arguments>
<arg>${locator}</arg>
<arg>timeout=${timeout}</arg>
<arg>error=${error}</arg>
</arguments>
<status status="PASS" starttime="20200613 16:15:22.068" endtime="20200613 16:15:22.574"></status>
</kw>
<kw name="Wait Until Element Is Visible" library="AppiumLibrary">
<doc>Waits until element specified with `locator` is visible.</doc>
<arguments>
<arg>${locator}</arg>
<arg>timeout=${timeout}</arg>
<arg>error=${error}</arg>
</arguments>
<status status="PASS" starttime="20200613 16:15:22.576" endtime="20200613 16:15:23.535"></status>
</kw>
<status status="PASS" starttime="20200613 16:15:22.067" endtime="20200613 16:15:23.536"></status>
</kw>
<kw name="Click Element" library="AppiumLibrary">
<doc>Click element identified by `locator`.</doc>
<arguments>
<arg>${locator}</arg>
</arguments>
<msg timestamp="20200613 16:15:23.538" level="INFO">Clicking element '//*[@text="Converter"]'.</msg>
<status status="PASS" starttime="20200613 16:15:23.536" endtime="20200613 16:15:23.638"></status>
</kw>
<status status="PASS" starttime="20200613 16:15:22.066" endtime="20200613 16:15:23.638"></status>
</kw>
<kw name="Wait Until Element Is Visible On Page" library="Keywords">
<arguments>
<arg>//*[@text="Currency converter"]</arg>
<arg>timeout=3s</arg>
<arg>error=Currency converter page should be visible</arg>
</arguments>
<kw name="Wait Until Page Contains Element" library="AppiumLibrary">
<doc>Waits until element specified with `locator` appears on current page.</doc>
<arguments>
<arg>${locator}</arg>
<arg>timeout=${timeout}</arg>
<arg>error=${error}</arg>
</arguments>
<status status="PASS" starttime="20200613 16:15:23.639" endtime="20200613 16:15:24.741"></status>
</kw>
<kw name="Wait Until Element Is Visible" library="AppiumLibrary">
<doc>Waits until element specified with `locator` is visible.</doc>
<arguments>
<arg>${locator}</arg>
<arg>timeout=${timeout}</arg>
<arg>error=${error}</arg>
</arguments>
<status status="PASS" starttime="20200613 16:15:24.741" endtime="20200613 16:15:24.797"></status>
</kw>
<status status="PASS" starttime="20200613 16:15:23.639" endtime="20200613 16:15:24.797"></status>
</kw>
<kw name="Click Element After It Is Visible" library="Keywords">
<arguments>
<arg>id=currency_from</arg>
</arguments>
<kw name="Wait Until Element Is Visible On Page" library="Keywords">
<arguments>
<arg>${locator}</arg>
<arg>timeout=3s</arg>
<arg>error=Element should be visible.</arg>
</arguments>
<kw name="Wait Until Page Contains Element" library="AppiumLibrary">
<doc>Waits until element specified with `locator` appears on current page.</doc>
<arguments>
<arg>${locator}</arg>
<arg>timeout=${timeout}</arg>
<arg>error=${error}</arg>
</arguments>
<status status="PASS" starttime="20200613 16:15:24.798" endtime="20200613 16:15:24.815"></status>
</kw>
<kw name="Wait Until Element Is Visible" library="AppiumLibrary">
<doc>Waits until element specified with `locator` is visible.</doc>
<arguments>
<arg>${locator}</arg>
<arg>timeout=${timeout}</arg>
<arg>error=${error}</arg>
</arguments>
<status status="PASS" starttime="20200613 16:15:24.815" endtime="20200613 16:15:24.842"></status>
</kw>
<status status="PASS" starttime="20200613 16:15:24.798" endtime="20200613 16:15:24.842"></status>
</kw>
<kw name="Click Element" library="AppiumLibrary">
<doc>Click element identified by `locator`.</doc>
<arguments>
<arg>${locator}</arg>
</arguments>
<msg timestamp="20200613 16:15:24.844" level="INFO">Clicking element 'id=currency_from'.</msg>
<status status="PASS" starttime="20200613 16:15:24.843" endtime="20200613 16:15:24.871"></status>
</kw>
<status status="PASS" starttime="20200613 16:15:24.797" endtime="20200613 16:15:24.872"></status>
</kw>
<kw name="Wait Until Element Is Visible On Page" library="Keywords">
<arguments>
<arg>//*[@text="Currencies"]</arg>
<arg>timeout=3s</arg>
<arg>error=Currencies page should be visible</arg>
</arguments>
<kw name="Wait Until Page Contains Element" library="AppiumLibrary">
<doc>Waits until element specified with `locator` appears on current page.</doc>
<arguments>
<arg>${locator}</arg>
<arg>timeout=${timeout}</arg>
<arg>error=${error}</arg>
</arguments>
<status status="PASS" starttime="20200613 16:15:24.872" endtime="20200613 16:15:25.909"></status>
</kw>
<kw name="Wait Until Element Is Visible" library="AppiumLibrary">
<doc>Waits until element specified with `locator` is visible.</doc>
<arguments>
<arg>${locator}</arg>
<arg>timeout=${timeout}</arg>
<arg>error=${error}</arg>
</arguments>
<status status="PASS" starttime="20200613 16:15:25.910" endtime="20200613 16:15:25.964"></status>
</kw>
<status status="PASS" starttime="20200613 16:15:24.872" endtime="20200613 16:15:25.965"></status>
</kw>
<kw name="Scroll Down Until Element Is Visible" library="Keywords">
<arguments>
<arg>//*[@text="US Dollar"]</arg>
</arguments>
<kw name="${i} IN RANGE [ 100 ]" type="for">
<kw name="${i} = 0" type="foritem">
<kw name="Run Keyword And Return Status" library="BuiltIn">
<doc>Runs the given keyword with given arguments and returns the status as a Boolean value.</doc>
<arguments>
<arg>Wait Until Element Is Visible On Page</arg>
<arg>${element}</arg>
<arg>timeout=0.5s</arg>
<arg>error= ${element} should be visible</arg>
</arguments>
<assign>
<var>${isTargetShown}</var>
</assign>
<kw name="Wait Until Element Is Visible On Page" library="Keywords">
<arguments>
<arg>${element}</arg>
<arg>timeout=0.5s</arg>
<arg>error= ${element} should be visible</arg>
</arguments>
<kw name="Wait Until Page Contains Element" library="AppiumLibrary">
<doc>Waits until element specified with `locator` appears on current page.</doc>
<arguments>
<arg>${locator}</arg>
<arg>timeout=${timeout}</arg>
<arg>error=${error}</arg>
</arguments>
<kw name="Capture Page Screenshot" library="AppiumLibrary">
<doc>Takes a screenshot of the current page and embeds it into the log.</doc>
<msg timestamp="20200613 16:15:26.818" level="INFO" html="yes">&lt;/td&gt;&lt;/tr&gt;&lt;tr&gt;&lt;td colspan="3"&gt;&lt;a href="appium-screenshot-1.png"&gt;&lt;img src="appium-screenshot-1.png" width="800px"&gt;&lt;/a&gt;</msg>
<status status="PASS" starttime="20200613 16:15:26.579" endtime="20200613 16:15:26.819"></status>
</kw>
<msg timestamp="20200613 16:15:26.820" level="FAIL"> //*[@text="US Dollar"] should be visible</msg>
<status status="FAIL" starttime="20200613 16:15:25.967" endtime="20200613 16:15:26.820"></status>
</kw>
<status status="FAIL" starttime="20200613 16:15:25.966" endtime="20200613 16:15:26.820"></status>
</kw>
<msg timestamp="20200613 16:15:26.821" level="INFO">${isTargetShown} = False</msg>
<status status="PASS" starttime="20200613 16:15:25.966" endtime="20200613 16:15:26.821"></status>
</kw>
<kw name="Exit For Loop If" library="BuiltIn">
<doc>Stops executing the enclosing for loop if the ``condition`` is true.</doc>
<arguments>
<arg>${isTargetShown}</arg>
</arguments>
<status status="PASS" starttime="20200613 16:15:26.821" endtime="20200613 16:15:26.822"></status>
</kw>
<kw name="Swipe" library="AppiumLibrary">
<doc>Swipe from one point to another point, for an optional duration.</doc>
<arguments>
<arg>0</arg>
<arg>1200</arg>
<arg>0</arg>
<arg>200</arg>
</arguments>
<status status="PASS" starttime="20200613 16:15:26.822" endtime="20200613 16:15:28.046"></status>
</kw>
<status status="PASS" starttime="20200613 16:15:25.966" endtime="20200613 16:15:28.046"></status>
</kw>
<kw name="${i} = 1" type="foritem">
<kw name="Run Keyword And Return Status" library="BuiltIn">
<doc>Runs the given keyword with given arguments and returns the status as a Boolean value.</doc>
<arguments>
<arg>Wait Until Element Is Visible On Page</arg>
<arg>${element}</arg>
<arg>timeout=0.5s</arg>
<arg>error= ${element} should be visible</arg>
</arguments>
<assign>
<var>${isTargetShown}</var>
</assign>
<kw name="Wait Until Element Is Visible On Page" library="Keywords">
<arguments>
<arg>${element}</arg>
<arg>timeout=0.5s</arg>
<arg>error= ${element} should be visible</arg>
</arguments>
<kw name="Wait Until Page Contains Element" library="AppiumLibrary">
<doc>Waits until element specified with `locator` appears on current page.</doc>
<arguments>
<arg>${locator}</arg>
<arg>timeout=${timeout}</arg>
<arg>error=${error}</arg>
</arguments>
<kw name="Capture Page Screenshot" library="AppiumLibrary">
<doc>Takes a screenshot of the current page and embeds it into the log.</doc>
<msg timestamp="20200613 16:15:28.809" level="INFO" html="yes">&lt;/td&gt;&lt;/tr&gt;&lt;tr&gt;&lt;td colspan="3"&gt;&lt;a href="appium-screenshot-2.png"&gt;&lt;img src="appium-screenshot-2.png" width="800px"&gt;&lt;/a&gt;</msg>
<status status="PASS" starttime="20200613 16:15:28.583" endtime="20200613 16:15:28.810"></status>
</kw>
<msg timestamp="20200613 16:15:28.810" level="FAIL"> //*[@text="US Dollar"] should be visible</msg>
<status status="FAIL" starttime="20200613 16:15:28.048" endtime="20200613 16:15:28.811"></status>
</kw>
<status status="FAIL" starttime="20200613 16:15:28.048" endtime="20200613 16:15:28.811"></status>
</kw>
<msg timestamp="20200613 16:15:28.811" level="INFO">${isTargetShown} = False</msg>
<status status="PASS" starttime="20200613 16:15:28.047" endtime="20200613 16:15:28.811"></status>
</kw>
<kw name="Exit For Loop If" library="BuiltIn">
<doc>Stops executing the enclosing for loop if the ``condition`` is true.</doc>
<arguments>
<arg>${isTargetShown}</arg>
</arguments>
<status status="PASS" starttime="20200613 16:15:28.812" endtime="20200613 16:15:28.812"></status>
</kw>
<kw name="Swipe" library="AppiumLibrary">
<doc>Swipe from one point to another point, for an optional duration.</doc>
<arguments>
<arg>0</arg>
<arg>1200</arg>
<arg>0</arg>
<arg>200</arg>
</arguments>
<status status="PASS" starttime="20200613 16:15:28.812" endtime="20200613 16:15:30.036"></status>
</kw>
<status status="PASS" starttime="20200613 16:15:28.046" endtime="20200613 16:15:30.037"></status>
</kw>
<kw name="${i} = 2" type="foritem">
<kw name="Run Keyword And Return Status" library="BuiltIn">
<doc>Runs the given keyword with given arguments and returns the status as a Boolean value.</doc>
<arguments>
<arg>Wait Until Element Is Visible On Page</arg>
<arg>${element}</arg>
<arg>timeout=0.5s</arg>
<arg>error= ${element} should be visible</arg>
</arguments>
<assign>
<var>${isTargetShown}</var>
</assign>
<kw name="Wait Until Element Is Visible On Page" library="Keywords">
<arguments>
<arg>${element}</arg>
<arg>timeout=0.5s</arg>
<arg>error= ${element} should be visible</arg>
</arguments>
<kw name="Wait Until Page Contains Element" library="AppiumLibrary">
<doc>Waits until element specified with `locator` appears on current page.</doc>
<arguments>
<arg>${locator}</arg>
<arg>timeout=${timeout}</arg>
<arg>error=${error}</arg>
</arguments>
<kw name="Capture Page Screenshot" library="AppiumLibrary">
<doc>Takes a screenshot of the current page and embeds it into the log.</doc>
<msg timestamp="20200613 16:15:30.781" level="INFO" html="yes">&lt;/td&gt;&lt;/tr&gt;&lt;tr&gt;&lt;td colspan="3"&gt;&lt;a href="appium-screenshot-3.png"&gt;&lt;img src="appium-screenshot-3.png" width="800px"&gt;&lt;/a&gt;</msg>
<status status="PASS" starttime="20200613 16:15:30.565" endtime="20200613 16:15:30.782"></status>
</kw>
<msg timestamp="20200613 16:15:30.783" level="FAIL"> //*[@text="US Dollar"] should be visible</msg>
<status status="FAIL" starttime="20200613 16:15:30.044" endtime="20200613 16:15:30.783"></status>
</kw>
<status status="FAIL" starttime="20200613 16:15:30.041" endtime="20200613 16:15:30.783"></status>
</kw>
<msg timestamp="20200613 16:15:30.784" level="INFO">${isTargetShown} = False</msg>
<status status="PASS" starttime="20200613 16:15:30.040" endtime="20200613 16:15:30.784"></status>
</kw>
<kw name="Exit For Loop If" library="BuiltIn">
<doc>Stops executing the enclosing for loop if the ``condition`` is true.</doc>
<arguments>
<arg>${isTargetShown}</arg>
</arguments>
<status status="PASS" starttime="20200613 16:15:30.784" endtime="20200613 16:15:30.784"></status>
</kw>
<kw name="Swipe" library="AppiumLibrary">
<doc>Swipe from one point to another point, for an optional duration.</doc>
<arguments>
<arg>0</arg>
<arg>1200</arg>
<arg>0</arg>
<arg>200</arg>
</arguments>
<status status="PASS" starttime="20200613 16:15:30.785" endtime="20200613 16:15:32.038"></status>
</kw>
<status status="PASS" starttime="20200613 16:15:30.038" endtime="20200613 16:15:32.039"></status>
</kw>
<kw name="${i} = 3" type="foritem">
<kw name="Run Keyword And Return Status" library="BuiltIn">
<doc>Runs the given keyword with given arguments and returns the status as a Boolean value.</doc>
<arguments>
<arg>Wait Until Element Is Visible On Page</arg>
<arg>${element}</arg>
<arg>timeout=0.5s</arg>
<arg>error= ${element} should be visible</arg>
</arguments>
<assign>
<var>${isTargetShown}</var>
</assign>
<kw name="Wait Until Element Is Visible On Page" library="Keywords">
<arguments>
<arg>${element}</arg>
<arg>timeout=0.5s</arg>
<arg>error= ${element} should be visible</arg>
</arguments>
<kw name="Wait Until Page Contains Element" library="AppiumLibrary">
<doc>Waits until element specified with `locator` appears on current page.</doc>
<arguments>
<arg>${locator}</arg>
<arg>timeout=${timeout}</arg>
<arg>error=${error}</arg>
</arguments>
<kw name="Capture Page Screenshot" library="AppiumLibrary">
<doc>Takes a screenshot of the current page and embeds it into the log.</doc>
<msg timestamp="20200613 16:15:33.017" level="INFO" html="yes">&lt;/td&gt;&lt;/tr&gt;&lt;tr&gt;&lt;td colspan="3"&gt;&lt;a href="appium-screenshot-4.png"&gt;&lt;img src="appium-screenshot-4.png" width="800px"&gt;&lt;/a&gt;</msg>
<status status="PASS" starttime="20200613 16:15:32.793" endtime="20200613 16:15:33.017"></status>
</kw>
<msg timestamp="20200613 16:15:33.018" level="FAIL"> //*[@text="US Dollar"] should be visible</msg>
<status status="FAIL" starttime="20200613 16:15:32.046" endtime="20200613 16:15:33.018"></status>
</kw>
<status status="FAIL" starttime="20200613 16:15:32.043" endtime="20200613 16:15:33.019"></status>
</kw>
<msg timestamp="20200613 16:15:33.019" level="INFO">${isTargetShown} = False</msg>
<status status="PASS" starttime="20200613 16:15:32.042" endtime="20200613 16:15:33.019"></status>
</kw>
<kw name="Exit For Loop If" library="BuiltIn">
<doc>Stops executing the enclosing for loop if the ``condition`` is true.</doc>
<arguments>
<arg>${isTargetShown}</arg>
</arguments>
<status status="PASS" starttime="20200613 16:15:33.019" endtime="20200613 16:15:33.020"></status>
</kw>
<kw name="Swipe" library="AppiumLibrary">
<doc>Swipe from one point to another point, for an optional duration.</doc>
<arguments>
<arg>0</arg>
<arg>1200</arg>
<arg>0</arg>
<arg>200</arg>
</arguments>
<status status="PASS" starttime="20200613 16:15:33.020" endtime="20200613 16:15:34.255"></status>
</kw>
<status status="PASS" starttime="20200613 16:15:32.040" endtime="20200613 16:15:34.256"></status>
</kw>
<kw name="${i} = 4" type="foritem">
<kw name="Run Keyword And Return Status" library="BuiltIn">
<doc>Runs the given keyword with given arguments and returns the status as a Boolean value.</doc>
<arguments>
<arg>Wait Until Element Is Visible On Page</arg>
<arg>${element}</arg>
<arg>timeout=0.5s</arg>
<arg>error= ${element} should be visible</arg>
</arguments>
<assign>
<var>${isTargetShown}</var>
</assign>
<kw name="Wait Until Element Is Visible On Page" library="Keywords">
<arguments>
<arg>${element}</arg>
<arg>timeout=0.5s</arg>
<arg>error= ${element} should be visible</arg>
</arguments>
<kw name="Wait Until Page Contains Element" library="AppiumLibrary">
<doc>Waits until element specified with `locator` appears on current page.</doc>
<arguments>
<arg>${locator}</arg>
<arg>timeout=${timeout}</arg>
<arg>error=${error}</arg>
</arguments>
<kw name="Capture Page Screenshot" library="AppiumLibrary">
<doc>Takes a screenshot of the current page and embeds it into the log.</doc>
<msg timestamp="20200613 16:15:35.236" level="INFO" html="yes">&lt;/td&gt;&lt;/tr&gt;&lt;tr&gt;&lt;td colspan="3"&gt;&lt;a href="appium-screenshot-5.png"&gt;&lt;img src="appium-screenshot-5.png" width="800px"&gt;&lt;/a&gt;</msg>
<status status="PASS" starttime="20200613 16:15:35.018" endtime="20200613 16:15:35.236"></status>
</kw>
<msg timestamp="20200613 16:15:35.237" level="FAIL"> //*[@text="US Dollar"] should be visible</msg>
<status status="FAIL" starttime="20200613 16:15:34.260" endtime="20200613 16:15:35.237"></status>
</kw>
<status status="FAIL" starttime="20200613 16:15:34.258" endtime="20200613 16:15:35.237"></status>
</kw>
<msg timestamp="20200613 16:15:35.238" level="INFO">${isTargetShown} = False</msg>
<status status="PASS" starttime="20200613 16:15:34.257" endtime="20200613 16:15:35.238"></status>
</kw>
<kw name="Exit For Loop If" library="BuiltIn">
<doc>Stops executing the enclosing for loop if the ``condition`` is true.</doc>
<arguments>
<arg>${isTargetShown}</arg>
</arguments>
<status status="PASS" starttime="20200613 16:15:35.238" endtime="20200613 16:15:35.238"></status>
</kw>
<kw name="Swipe" library="AppiumLibrary">
<doc>Swipe from one point to another point, for an optional duration.</doc>
<arguments>
<arg>0</arg>
<arg>1200</arg>
<arg>0</arg>
<arg>200</arg>
</arguments>
<status status="PASS" starttime="20200613 16:15:35.239" endtime="20200613 16:15:36.468"></status>
</kw>
<status status="PASS" starttime="20200613 16:15:34.256" endtime="20200613 16:15:36.469"></status>
</kw>
<kw name="${i} = 5" type="foritem">
<kw name="Run Keyword And Return Status" library="BuiltIn">
<doc>Runs the given keyword with given arguments and returns the status as a Boolean value.</doc>
<arguments>
<arg>Wait Until Element Is Visible On Page</arg>
<arg>${element}</arg>
<arg>timeout=0.5s</arg>
<arg>error= ${element} should be visible</arg>
</arguments>
<assign>
<var>${isTargetShown}</var>
</assign>
<kw name="Wait Until Element Is Visible On Page" library="Keywords">
<arguments>
<arg>${element}</arg>
<arg>timeout=0.5s</arg>
<arg>error= ${element} should be visible</arg>
</arguments>
<kw name="Wait Until Page Contains Element" library="AppiumLibrary">
<doc>Waits until element specified with `locator` appears on current page.</doc>
<arguments>
<arg>${locator}</arg>
<arg>timeout=${timeout}</arg>
<arg>error=${error}</arg>
</arguments>
<kw name="Capture Page Screenshot" library="AppiumLibrary">
<doc>Takes a screenshot of the current page and embeds it into the log.</doc>
<msg timestamp="20200613 16:15:37.214" level="INFO" html="yes">&lt;/td&gt;&lt;/tr&gt;&lt;tr&gt;&lt;td colspan="3"&gt;&lt;a href="appium-screenshot-6.png"&gt;&lt;img src="appium-screenshot-6.png" width="800px"&gt;&lt;/a&gt;</msg>
<status status="PASS" starttime="20200613 16:15:36.997" endtime="20200613 16:15:37.215"></status>
</kw>
<msg timestamp="20200613 16:15:37.216" level="FAIL"> //*[@text="US Dollar"] should be visible</msg>
<status status="FAIL" starttime="20200613 16:15:36.475" endtime="20200613 16:15:37.216"></status>
</kw>
<status status="FAIL" starttime="20200613 16:15:36.474" endtime="20200613 16:15:37.216"></status>
</kw>
<msg timestamp="20200613 16:15:37.217" level="INFO">${isTargetShown} = False</msg>
<status status="PASS" starttime="20200613 16:15:36.471" endtime="20200613 16:15:37.217"></status>
</kw>
<kw name="Exit For Loop If" library="BuiltIn">
<doc>Stops executing the enclosing for loop if the ``condition`` is true.</doc>
<arguments>
<arg>${isTargetShown}</arg>
</arguments>
<status status="PASS" starttime="20200613 16:15:37.217" endtime="20200613 16:15:37.218"></status>
</kw>
<kw name="Swipe" library="AppiumLibrary">
<doc>Swipe from one point to another point, for an optional duration.</doc>
<arguments>
<arg>0</arg>
<arg>1200</arg>
<arg>0</arg>
<arg>200</arg>
</arguments>
<status status="PASS" starttime="20200613 16:15:37.218" endtime="20200613 16:15:38.444"></status>
</kw>
<status status="PASS" starttime="20200613 16:15:36.470" endtime="20200613 16:15:38.444"></status>
</kw>
<kw name="${i} = 6" type="foritem">
<kw name="Run Keyword And Return Status" library="BuiltIn">
<doc>Runs the given keyword with given arguments and returns the status as a Boolean value.</doc>
<arguments>
<arg>Wait Until Element Is Visible On Page</arg>
<arg>${element}</arg>
<arg>timeout=0.5s</arg>
<arg>error= ${element} should be visible</arg>
</arguments>
<assign>
<var>${isTargetShown}</var>
</assign>
<kw name="Wait Until Element Is Visible On Page" library="Keywords">
<arguments>
<arg>${element}</arg>
<arg>timeout=0.5s</arg>
<arg>error= ${element} should be visible</arg>
</arguments>
<kw name="Wait Until Page Contains Element" library="AppiumLibrary">
<doc>Waits until element specified with `locator` appears on current page.</doc>
<arguments>
<arg>${locator}</arg>
<arg>timeout=${timeout}</arg>
<arg>error=${error}</arg>
</arguments>
<kw name="Capture Page Screenshot" library="AppiumLibrary">
<doc>Takes a screenshot of the current page and embeds it into the log.</doc>
<msg timestamp="20200613 16:15:39.209" level="INFO" html="yes">&lt;/td&gt;&lt;/tr&gt;&lt;tr&gt;&lt;td colspan="3"&gt;&lt;a href="appium-screenshot-7.png"&gt;&lt;img src="appium-screenshot-7.png" width="800px"&gt;&lt;/a&gt;</msg>
<status status="PASS" starttime="20200613 16:15:38.982" endtime="20200613 16:15:39.210"></status>
</kw>
<msg timestamp="20200613 16:15:39.211" level="FAIL"> //*[@text="US Dollar"] should be visible</msg>
<status status="FAIL" starttime="20200613 16:15:38.445" endtime="20200613 16:15:39.211"></status>
</kw>
<status status="FAIL" starttime="20200613 16:15:38.445" endtime="20200613 16:15:39.212"></status>
</kw>
<msg timestamp="20200613 16:15:39.212" level="INFO">${isTargetShown} = False</msg>
<status status="PASS" starttime="20200613 16:15:38.444" endtime="20200613 16:15:39.212"></status>
</kw>
<kw name="Exit For Loop If" library="BuiltIn">
<doc>Stops executing the enclosing for loop if the ``condition`` is true.</doc>
<arguments>
<arg>${isTargetShown}</arg>
</arguments>
<status status="PASS" starttime="20200613 16:15:39.212" endtime="20200613 16:15:39.213"></status>
</kw>
<kw name="Swipe" library="AppiumLibrary">
<doc>Swipe from one point to another point, for an optional duration.</doc>
<arguments>
<arg>0</arg>
<arg>1200</arg>
<arg>0</arg>
<arg>200</arg>
</arguments>
<status status="PASS" starttime="20200613 16:15:39.213" endtime="20200613 16:15:40.447"></status>
</kw>
<status status="PASS" starttime="20200613 16:15:38.444" endtime="20200613 16:15:40.448"></status>
</kw>
<kw name="${i} = 7" type="foritem">
<kw name="Run Keyword And Return Status" library="BuiltIn">
<doc>Runs the given keyword with given arguments and returns the status as a Boolean value.</doc>
<arguments>
<arg>Wait Until Element Is Visible On Page</arg>
<arg>${element}</arg>
<arg>timeout=0.5s</arg>
<arg>error= ${element} should be visible</arg>
</arguments>
<assign>
<var>${isTargetShown}</var>
</assign>
<kw name="Wait Until Element Is Visible On Page" library="Keywords">
<arguments>
<arg>${element}</arg>
<arg>timeout=0.5s</arg>
<arg>error= ${element} should be visible</arg>
</arguments>
<kw name="Wait Until Page Contains Element" library="AppiumLibrary">
<doc>Waits until element specified with `locator` appears on current page.</doc>
<arguments>
<arg>${locator}</arg>
<arg>timeout=${timeout}</arg>
<arg>error=${error}</arg>
</arguments>
<kw name="Capture Page Screenshot" library="AppiumLibrary">
<doc>Takes a screenshot of the current page and embeds it into the log.</doc>
<msg timestamp="20200613 16:15:41.198" level="INFO" html="yes">&lt;/td&gt;&lt;/tr&gt;&lt;tr&gt;&lt;td colspan="3"&gt;&lt;a href="appium-screenshot-8.png"&gt;&lt;img src="appium-screenshot-8.png" width="800px"&gt;&lt;/a&gt;</msg>
<status status="PASS" starttime="20200613 16:15:40.990" endtime="20200613 16:15:41.198"></status>
</kw>
<msg timestamp="20200613 16:15:41.199" level="FAIL"> //*[@text="US Dollar"] should be visible</msg>
<status status="FAIL" starttime="20200613 16:15:40.452" endtime="20200613 16:15:41.199"></status>
</kw>
<status status="FAIL" starttime="20200613 16:15:40.450" endtime="20200613 16:15:41.200"></status>
</kw>
<msg timestamp="20200613 16:15:41.200" level="INFO">${isTargetShown} = False</msg>
<status status="PASS" starttime="20200613 16:15:40.449" endtime="20200613 16:15:41.200"></status>
</kw>
<kw name="Exit For Loop If" library="BuiltIn">
<doc>Stops executing the enclosing for loop if the ``condition`` is true.</doc>
<arguments>
<arg>${isTargetShown}</arg>
</arguments>
<status status="PASS" starttime="20200613 16:15:41.201" endtime="20200613 16:15:41.201"></status>
</kw>
<kw name="Swipe" library="AppiumLibrary">
<doc>Swipe from one point to another point, for an optional duration.</doc>
<arguments>
<arg>0</arg>
<arg>1200</arg>
<arg>0</arg>
<arg>200</arg>
</arguments>
<status status="PASS" starttime="20200613 16:15:41.201" endtime="20200613 16:15:42.435"></status>
</kw>
<status status="PASS" starttime="20200613 16:15:40.448" endtime="20200613 16:15:42.437"></status>
</kw>
<kw name="${i} = 8" type="foritem">
<kw name="Run Keyword And Return Status" library="BuiltIn">
<doc>Runs the given keyword with given arguments and returns the status as a Boolean value.</doc>
<arguments>
<arg>Wait Until Element Is Visible On Page</arg>
<arg>${element}</arg>
<arg>timeout=0.5s</arg>
<arg>error= ${element} should be visible</arg>
</arguments>
<assign>
<var>${isTargetShown}</var>
</assign>
<kw name="Wait Until Element Is Visible On Page" library="Keywords">
<arguments>
<arg>${element}</arg>
<arg>timeout=0.5s</arg>
<arg>error= ${element} should be visible</arg>
</arguments>
<kw name="Wait Until Page Contains Element" library="AppiumLibrary">
<doc>Waits until element specified with `locator` appears on current page.</doc>
<arguments>
<arg>${locator}</arg>
<arg>timeout=${timeout}</arg>
<arg>error=${error}</arg>
</arguments>
<kw name="Capture Page Screenshot" library="AppiumLibrary">
<doc>Takes a screenshot of the current page and embeds it into the log.</doc>
<msg timestamp="20200613 16:15:43.195" level="INFO" html="yes">&lt;/td&gt;&lt;/tr&gt;&lt;tr&gt;&lt;td colspan="3"&gt;&lt;a href="appium-screenshot-9.png"&gt;&lt;img src="appium-screenshot-9.png" width="800px"&gt;&lt;/a&gt;</msg>
<status status="PASS" starttime="20200613 16:15:42.966" endtime="20200613 16:15:43.195"></status>
</kw>
<msg timestamp="20200613 16:15:43.196" level="FAIL"> //*[@text="US Dollar"] should be visible</msg>
<status status="FAIL" starttime="20200613 16:15:42.441" endtime="20200613 16:15:43.196"></status>
</kw>
<status status="FAIL" starttime="20200613 16:15:42.440" endtime="20200613 16:15:43.196"></status>
</kw>
<msg timestamp="20200613 16:15:43.197" level="INFO">${isTargetShown} = False</msg>
<status status="PASS" starttime="20200613 16:15:42.438" endtime="20200613 16:15:43.197"></status>
</kw>
<kw name="Exit For Loop If" library="BuiltIn">
<doc>Stops executing the enclosing for loop if the ``condition`` is true.</doc>
<arguments>
<arg>${isTargetShown}</arg>
</arguments>
<status status="PASS" starttime="20200613 16:15:43.197" endtime="20200613 16:15:43.198"></status>
</kw>
<kw name="Swipe" library="AppiumLibrary">
<doc>Swipe from one point to another point, for an optional duration.</doc>
<arguments>
<arg>0</arg>
<arg>1200</arg>
<arg>0</arg>
<arg>200</arg>
</arguments>
<status status="PASS" starttime="20200613 16:15:43.198" endtime="20200613 16:15:44.415"></status>
</kw>
<status status="PASS" starttime="20200613 16:15:42.438" endtime="20200613 16:15:44.415"></status>
</kw>
<kw name="${i} = 9" type="foritem">
<kw name="Run Keyword And Return Status" library="BuiltIn">
<doc>Runs the given keyword with given arguments and returns the status as a Boolean value.</doc>
<arguments>
<arg>Wait Until Element Is Visible On Page</arg>
<arg>${element}</arg>
<arg>timeout=0.5s</arg>
<arg>error= ${element} should be visible</arg>
</arguments>
<assign>
<var>${isTargetShown}</var>
</assign>
<kw name="Wait Until Element Is Visible On Page" library="Keywords">
<arguments>
<arg>${element}</arg>
<arg>timeout=0.5s</arg>
<arg>error= ${element} should be visible</arg>
</arguments>
<kw name="Wait Until Page Contains Element" library="AppiumLibrary">
<doc>Waits until element specified with `locator` appears on current page.</doc>
<arguments>
<arg>${locator}</arg>
<arg>timeout=${timeout}</arg>
<arg>error=${error}</arg>
</arguments>
<kw name="Capture Page Screenshot" library="AppiumLibrary">
<doc>Takes a screenshot of the current page and embeds it into the log.</doc>
<msg timestamp="20200613 16:15:45.171" level="INFO" html="yes">&lt;/td&gt;&lt;/tr&gt;&lt;tr&gt;&lt;td colspan="3"&gt;&lt;a href="appium-screenshot-10.png"&gt;&lt;img src="appium-screenshot-10.png" width="800px"&gt;&lt;/a&gt;</msg>
<status status="PASS" starttime="20200613 16:15:44.963" endtime="20200613 16:15:45.171"></status>
</kw>
<msg timestamp="20200613 16:15:45.172" level="FAIL"> //*[@text="US Dollar"] should be visible</msg>
<status status="FAIL" starttime="20200613 16:15:44.420" endtime="20200613 16:15:45.172"></status>
</kw>
<status status="FAIL" starttime="20200613 16:15:44.418" endtime="20200613 16:15:45.173"></status>
</kw>
<msg timestamp="20200613 16:15:45.173" level="INFO">${isTargetShown} = False</msg>
<status status="PASS" starttime="20200613 16:15:44.417" endtime="20200613 16:15:45.173"></status>
</kw>
<kw name="Exit For Loop If" library="BuiltIn">
<doc>Stops executing the enclosing for loop if the ``condition`` is true.</doc>
<arguments>
<arg>${isTargetShown}</arg>
</arguments>
<status status="PASS" starttime="20200613 16:15:45.173" endtime="20200613 16:15:45.174"></status>
</kw>
<kw name="Swipe" library="AppiumLibrary">
<doc>Swipe from one point to another point, for an optional duration.</doc>
<arguments>
<arg>0</arg>
<arg>1200</arg>
<arg>0</arg>
<arg>200</arg>
</arguments>
<status status="PASS" starttime="20200613 16:15:45.175" endtime="20200613 16:15:46.402"></status>
</kw>
<status status="PASS" starttime="20200613 16:15:44.416" endtime="20200613 16:15:46.403"></status>
</kw>
<kw name="${i} = 10" type="foritem">
<kw name="Run Keyword And Return Status" library="BuiltIn">
<doc>Runs the given keyword with given arguments and returns the status as a Boolean value.</doc>
<arguments>
<arg>Wait Until Element Is Visible On Page</arg>
<arg>${element}</arg>
<arg>timeout=0.5s</arg>
<arg>error= ${element} should be visible</arg>
</arguments>
<assign>
<var>${isTargetShown}</var>
</assign>
<kw name="Wait Until Element Is Visible On Page" library="Keywords">
<arguments>
<arg>${element}</arg>
<arg>timeout=0.5s</arg>
<arg>error= ${element} should be visible</arg>
</arguments>
<kw name="Wait Until Page Contains Element" library="AppiumLibrary">
<doc>Waits until element specified with `locator` appears on current page.</doc>
<arguments>
<arg>${locator}</arg>
<arg>timeout=${timeout}</arg>
<arg>error=${error}</arg>
</arguments>
<kw name="Capture Page Screenshot" library="AppiumLibrary">
<doc>Takes a screenshot of the current page and embeds it into the log.</doc>
<msg timestamp="20200613 16:15:47.150" level="INFO" html="yes">&lt;/td&gt;&lt;/tr&gt;&lt;tr&gt;&lt;td colspan="3"&gt;&lt;a href="appium-screenshot-11.png"&gt;&lt;img src="appium-screenshot-11.png" width="800px"&gt;&lt;/a&gt;</msg>
<status status="PASS" starttime="20200613 16:15:46.942" endtime="20200613 16:15:47.150"></status>
</kw>
<msg timestamp="20200613 16:15:47.151" level="FAIL"> //*[@text="US Dollar"] should be visible</msg>
<status status="FAIL" starttime="20200613 16:15:46.409" endtime="20200613 16:15:47.151"></status>
</kw>
<status status="FAIL" starttime="20200613 16:15:46.407" endtime="20200613 16:15:47.152"></status>
</kw>
<msg timestamp="20200613 16:15:47.152" level="INFO">${isTargetShown} = False</msg>
<status status="PASS" starttime="20200613 16:15:46.405" endtime="20200613 16:15:47.152"></status>
</kw>
<kw name="Exit For Loop If" library="BuiltIn">
<doc>Stops executing the enclosing for loop if the ``condition`` is true.</doc>
<arguments>
<arg>${isTargetShown}</arg>
</arguments>
<status status="PASS" starttime="20200613 16:15:47.153" endtime="20200613 16:15:47.153"></status>
</kw>
<kw name="Swipe" library="AppiumLibrary">
<doc>Swipe from one point to another point, for an optional duration.</doc>
<arguments>
<arg>0</arg>
<arg>1200</arg>
<arg>0</arg>
<arg>200</arg>
</arguments>
<status status="PASS" starttime="20200613 16:15:47.153" endtime="20200613 16:15:48.405"></status>
</kw>
<status status="PASS" starttime="20200613 16:15:46.404" endtime="20200613 16:15:48.407"></status>
</kw>
<kw name="${i} = 11" type="foritem">
<kw name="Run Keyword And Return Status" library="BuiltIn">
<doc>Runs the given keyword with given arguments and returns the status as a Boolean value.</doc>
<arguments>
<arg>Wait Until Element Is Visible On Page</arg>
<arg>${element}</arg>
<arg>timeout=0.5s</arg>
<arg>error= ${element} should be visible</arg>
</arguments>
<assign>
<var>${isTargetShown}</var>
</assign>
<kw name="Wait Until Element Is Visible On Page" library="Keywords">
<arguments>
<arg>${element}</arg>
<arg>timeout=0.5s</arg>
<arg>error= ${element} should be visible</arg>
</arguments>
<kw name="Wait Until Page Contains Element" library="AppiumLibrary">
<doc>Waits until element specified with `locator` appears on current page.</doc>
<arguments>
<arg>${locator}</arg>
<arg>timeout=${timeout}</arg>
<arg>error=${error}</arg>
</arguments>
<kw name="Capture Page Screenshot" library="AppiumLibrary">
<doc>Takes a screenshot of the current page and embeds it into the log.</doc>
<msg timestamp="20200613 16:15:49.159" level="INFO" html="yes">&lt;/td&gt;&lt;/tr&gt;&lt;tr&gt;&lt;td colspan="3"&gt;&lt;a href="appium-screenshot-12.png"&gt;&lt;img src="appium-screenshot-12.png" width="800px"&gt;&lt;/a&gt;</msg>
<status status="PASS" starttime="20200613 16:15:48.939" endtime="20200613 16:15:49.160"></status>
</kw>
<msg timestamp="20200613 16:15:49.161" level="FAIL"> //*[@text="US Dollar"] should be visible</msg>
<status status="FAIL" starttime="20200613 16:15:48.415" endtime="20200613 16:15:49.161"></status>
</kw>
<status status="FAIL" starttime="20200613 16:15:48.412" endtime="20200613 16:15:49.161"></status>
</kw>
<msg timestamp="20200613 16:15:49.161" level="INFO">${isTargetShown} = False</msg>
<status status="PASS" starttime="20200613 16:15:48.410" endtime="20200613 16:15:49.162"></status>
</kw>
<kw name="Exit For Loop If" library="BuiltIn">
<doc>Stops executing the enclosing for loop if the ``condition`` is true.</doc>
<arguments>
<arg>${isTargetShown}</arg>
</arguments>
<status status="PASS" starttime="20200613 16:15:49.162" endtime="20200613 16:15:49.162"></status>
</kw>
<kw name="Swipe" library="AppiumLibrary">
<doc>Swipe from one point to another point, for an optional duration.</doc>
<arguments>
<arg>0</arg>
<arg>1200</arg>
<arg>0</arg>
<arg>200</arg>
</arguments>
<status status="PASS" starttime="20200613 16:15:49.163" endtime="20200613 16:15:50.376"></status>
</kw>
<status status="PASS" starttime="20200613 16:15:48.408" endtime="20200613 16:15:50.377"></status>
</kw>
<kw name="${i} = 12" type="foritem">
<kw name="Run Keyword And Return Status" library="BuiltIn">
<doc>Runs the given keyword with given arguments and returns the status as a Boolean value.</doc>
<arguments>
<arg>Wait Until Element Is Visible On Page</arg>
<arg>${element}</arg>
<arg>timeout=0.5s</arg>
<arg>error= ${element} should be visible</arg>
</arguments>
<assign>
<var>${isTargetShown}</var>
</assign>
<kw name="Wait Until Element Is Visible On Page" library="Keywords">
<arguments>
<arg>${element}</arg>
<arg>timeout=0.5s</arg>
<arg>error= ${element} should be visible</arg>
</arguments>
<kw name="Wait Until Page Contains Element" library="AppiumLibrary">
<doc>Waits until element specified with `locator` appears on current page.</doc>
<arguments>
<arg>${locator}</arg>
<arg>timeout=${timeout}</arg>
<arg>error=${error}</arg>
</arguments>
<kw name="Capture Page Screenshot" library="AppiumLibrary">
<doc>Takes a screenshot of the current page and embeds it into the log.</doc>
<msg timestamp="20200613 16:15:51.231" level="INFO" html="yes">&lt;/td&gt;&lt;/tr&gt;&lt;tr&gt;&lt;td colspan="3"&gt;&lt;a href="appium-screenshot-13.png"&gt;&lt;img src="appium-screenshot-13.png" width="800px"&gt;&lt;/a&gt;</msg>
<status status="PASS" starttime="20200613 16:15:51.007" endtime="20200613 16:15:51.232"></status>
</kw>
<msg timestamp="20200613 16:15:51.233" level="FAIL"> //*[@text="US Dollar"] should be visible</msg>
<status status="FAIL" starttime="20200613 16:15:50.379" endtime="20200613 16:15:51.233"></status>
</kw>
<status status="FAIL" starttime="20200613 16:15:50.379" endtime="20200613 16:15:51.233"></status>
</kw>
<msg timestamp="20200613 16:15:51.234" level="INFO">${isTargetShown} = False</msg>
<status status="PASS" starttime="20200613 16:15:50.378" endtime="20200613 16:15:51.234"></status>
</kw>
<kw name="Exit For Loop If" library="BuiltIn">
<doc>Stops executing the enclosing for loop if the ``condition`` is true.</doc>
<arguments>
<arg>${isTargetShown}</arg>
</arguments>
<status status="PASS" starttime="20200613 16:15:51.234" endtime="20200613 16:15:51.235"></status>
</kw>
<kw name="Swipe" library="AppiumLibrary">
<doc>Swipe from one point to another point, for an optional duration.</doc>
<arguments>
<arg>0</arg>
<arg>1200</arg>
<arg>0</arg>
<arg>200</arg>
</arguments>
<status status="PASS" starttime="20200613 16:15:51.235" endtime="20200613 16:15:52.479"></status>
</kw>
<status status="PASS" starttime="20200613 16:15:50.378" endtime="20200613 16:15:52.480"></status>
</kw>
<kw name="${i} = 13" type="foritem">
<kw name="Run Keyword And Return Status" library="BuiltIn">
<doc>Runs the given keyword with given arguments and returns the status as a Boolean value.</doc>
<arguments>
<arg>Wait Until Element Is Visible On Page</arg>
<arg>${element}</arg>
<arg>timeout=0.5s</arg>
<arg>error= ${element} should be visible</arg>
</arguments>
<assign>
<var>${isTargetShown}</var>
</assign>
<kw name="Wait Until Element Is Visible On Page" library="Keywords">
<arguments>
<arg>${element}</arg>
<arg>timeout=0.5s</arg>
<arg>error= ${element} should be visible</arg>
</arguments>
<kw name="Wait Until Page Contains Element" library="AppiumLibrary">
<doc>Waits until element specified with `locator` appears on current page.</doc>
<arguments>
<arg>${locator}</arg>
<arg>timeout=${timeout}</arg>
<arg>error=${error}</arg>
</arguments>
<kw name="Capture Page Screenshot" library="AppiumLibrary">
<doc>Takes a screenshot of the current page and embeds it into the log.</doc>
<msg timestamp="20200613 16:15:53.455" level="INFO" html="yes">&lt;/td&gt;&lt;/tr&gt;&lt;tr&gt;&lt;td colspan="3"&gt;&lt;a href="appium-screenshot-14.png"&gt;&lt;img src="appium-screenshot-14.png" width="800px"&gt;&lt;/a&gt;</msg>
<status status="PASS" starttime="20200613 16:15:53.237" endtime="20200613 16:15:53.455"></status>
</kw>
<msg timestamp="20200613 16:15:53.456" level="FAIL"> //*[@text="US Dollar"] should be visible</msg>
<status status="FAIL" starttime="20200613 16:15:52.482" endtime="20200613 16:15:53.457"></status>
</kw>
<status status="FAIL" starttime="20200613 16:15:52.481" endtime="20200613 16:15:53.457"></status>
</kw>
<msg timestamp="20200613 16:15:53.457" level="INFO">${isTargetShown} = False</msg>
<status status="PASS" starttime="20200613 16:15:52.481" endtime="20200613 16:15:53.458"></status>
</kw>
<kw name="Exit For Loop If" library="BuiltIn">
<doc>Stops executing the enclosing for loop if the ``condition`` is true.</doc>
<arguments>
<arg>${isTargetShown}</arg>
</arguments>
<status status="PASS" starttime="20200613 16:15:53.458" endtime="20200613 16:15:53.458"></status>
</kw>
<kw name="Swipe" library="AppiumLibrary">
<doc>Swipe from one point to another point, for an optional duration.</doc>
<arguments>
<arg>0</arg>
<arg>1200</arg>
<arg>0</arg>
<arg>200</arg>
</arguments>
<status status="PASS" starttime="20200613 16:15:53.459" endtime="20200613 16:15:54.681"></status>
</kw>
<status status="PASS" starttime="20200613 16:15:52.480" endtime="20200613 16:15:54.681"></status>
</kw>
<kw name="${i} = 14" type="foritem">
<kw name="Run Keyword And Return Status" library="BuiltIn">
<doc>Runs the given keyword with given arguments and returns the status as a Boolean value.</doc>
<arguments>
<arg>Wait Until Element Is Visible On Page</arg>
<arg>${element}</arg>
<arg>timeout=0.5s</arg>
<arg>error= ${element} should be visible</arg>
</arguments>
<assign>
<var>${isTargetShown}</var>
</assign>
<kw name="Wait Until Element Is Visible On Page" library="Keywords">
<arguments>
<arg>${element}</arg>
<arg>timeout=0.5s</arg>
<arg>error= ${element} should be visible</arg>
</arguments>
<kw name="Wait Until Page Contains Element" library="AppiumLibrary">
<doc>Waits until element specified with `locator` appears on current page.</doc>
<arguments>
<arg>${locator}</arg>
<arg>timeout=${timeout}</arg>
<arg>error=${error}</arg>
</arguments>
<kw name="Capture Page Screenshot" library="AppiumLibrary">
<doc>Takes a screenshot of the current page and embeds it into the log.</doc>
<msg timestamp="20200613 16:15:55.441" level="INFO" html="yes">&lt;/td&gt;&lt;/tr&gt;&lt;tr&gt;&lt;td colspan="3"&gt;&lt;a href="appium-screenshot-15.png"&gt;&lt;img src="appium-screenshot-15.png" width="800px"&gt;&lt;/a&gt;</msg>
<status status="PASS" starttime="20200613 16:15:55.216" endtime="20200613 16:15:55.441"></status>
</kw>
<msg timestamp="20200613 16:15:55.442" level="FAIL"> //*[@text="US Dollar"] should be visible</msg>
<status status="FAIL" starttime="20200613 16:15:54.682" endtime="20200613 16:15:55.443"></status>
</kw>
<status status="FAIL" starttime="20200613 16:15:54.682" endtime="20200613 16:15:55.443"></status>
</kw>
<msg timestamp="20200613 16:15:55.444" level="INFO">${isTargetShown} = False</msg>
<status status="PASS" starttime="20200613 16:15:54.681" endtime="20200613 16:15:55.444"></status>
</kw>
<kw name="Exit For Loop If" library="BuiltIn">
<doc>Stops executing the enclosing for loop if the ``condition`` is true.</doc>
<arguments>
<arg>${isTargetShown}</arg>
</arguments>
<status status="PASS" starttime="20200613 16:15:55.444" endtime="20200613 16:15:55.445"></status>
</kw>
<kw name="Swipe" library="AppiumLibrary">
<doc>Swipe from one point to another point, for an optional duration.</doc>
<arguments>
<arg>0</arg>
<arg>1200</arg>
<arg>0</arg>
<arg>200</arg>
</arguments>
<status status="PASS" starttime="20200613 16:15:55.445" endtime="20200613 16:15:56.700"></status>
</kw>
<status status="PASS" starttime="20200613 16:15:54.681" endtime="20200613 16:15:56.700"></status>
</kw>
<kw name="${i} = 15" type="foritem">
<kw name="Run Keyword And Return Status" library="BuiltIn">
<doc>Runs the given keyword with given arguments and returns the status as a Boolean value.</doc>
<arguments>
<arg>Wait Until Element Is Visible On Page</arg>
<arg>${element}</arg>
<arg>timeout=0.5s</arg>
<arg>error= ${element} should be visible</arg>
</arguments>
<assign>
<var>${isTargetShown}</var>
</assign>
<kw name="Wait Until Element Is Visible On Page" library="Keywords">
<arguments>
<arg>${element}</arg>
<arg>timeout=0.5s</arg>
<arg>error= ${element} should be visible</arg>
</arguments>
<kw name="Wait Until Page Contains Element" library="AppiumLibrary">
<doc>Waits until element specified with `locator` appears on current page.</doc>
<arguments>
<arg>${locator}</arg>
<arg>timeout=${timeout}</arg>
<arg>error=${error}</arg>
</arguments>
<kw name="Capture Page Screenshot" library="AppiumLibrary">
<doc>Takes a screenshot of the current page and embeds it into the log.</doc>
<msg timestamp="20200613 16:15:57.513" level="INFO" html="yes">&lt;/td&gt;&lt;/tr&gt;&lt;tr&gt;&lt;td colspan="3"&gt;&lt;a href="appium-screenshot-16.png"&gt;&lt;img src="appium-screenshot-16.png" width="800px"&gt;&lt;/a&gt;</msg>
<status status="PASS" starttime="20200613 16:15:57.306" endtime="20200613 16:15:57.513"></status>
</kw>
<msg timestamp="20200613 16:15:57.514" level="FAIL"> //*[@text="US Dollar"] should be visible</msg>
<status status="FAIL" starttime="20200613 16:15:56.702" endtime="20200613 16:15:57.514"></status>
</kw>
<status status="FAIL" starttime="20200613 16:15:56.701" endtime="20200613 16:15:57.515"></status>
</kw>
<msg timestamp="20200613 16:15:57.515" level="INFO">${isTargetShown} = False</msg>
<status status="PASS" starttime="20200613 16:15:56.701" endtime="20200613 16:15:57.515"></status>
</kw>
<kw name="Exit For Loop If" library="BuiltIn">
<doc>Stops executing the enclosing for loop if the ``condition`` is true.</doc>
<arguments>
<arg>${isTargetShown}</arg>
</arguments>
<status status="PASS" starttime="20200613 16:15:57.515" endtime="20200613 16:15:57.516"></status>
</kw>
<kw name="Swipe" library="AppiumLibrary">
<doc>Swipe from one point to another point, for an optional duration.</doc>
<arguments>
<arg>0</arg>
<arg>1200</arg>
<arg>0</arg>
<arg>200</arg>
</arguments>
<status status="PASS" starttime="20200613 16:15:57.516" endtime="20200613 16:15:58.745"></status>
</kw>
<status status="PASS" starttime="20200613 16:15:56.700" endtime="20200613 16:15:58.746"></status>
</kw>
<kw name="${i} = 16" type="foritem">
<kw name="Run Keyword And Return Status" library="BuiltIn">
<doc>Runs the given keyword with given arguments and returns the status as a Boolean value.</doc>
<arguments>
<arg>Wait Until Element Is Visible On Page</arg>
<arg>${element}</arg>
<arg>timeout=0.5s</arg>
<arg>error= ${element} should be visible</arg>
</arguments>
<assign>
<var>${isTargetShown}</var>
</assign>
<kw name="Wait Until Element Is Visible On Page" library="Keywords">
<arguments>
<arg>${element}</arg>
<arg>timeout=0.5s</arg>
<arg>error= ${element} should be visible</arg>
</arguments>
<kw name="Wait Until Page Contains Element" library="AppiumLibrary">
<doc>Waits until element specified with `locator` appears on current page.</doc>
<arguments>
<arg>${locator}</arg>
<arg>timeout=${timeout}</arg>
<arg>error=${error}</arg>
</arguments>
<kw name="Capture Page Screenshot" library="AppiumLibrary">
<doc>Takes a screenshot of the current page and embeds it into the log.</doc>
<msg timestamp="20200613 16:16:00.041" level="INFO" html="yes">&lt;/td&gt;&lt;/tr&gt;&lt;tr&gt;&lt;td colspan="3"&gt;&lt;a href="appium-screenshot-17.png"&gt;&lt;img src="appium-screenshot-17.png" width="800px"&gt;&lt;/a&gt;</msg>
<status status="PASS" starttime="20200613 16:15:59.834" endtime="20200613 16:16:00.042"></status>
</kw>
[...]
</kw>
<kw name="Go Back To Database Page" library="Keywords" type="teardown">
<kw name="Click Element After It Is Visible" library="Keywords">
<arguments>
<arg>//*[contains(@resource-id, "primary_toolbar")]/*[@class="android.widget.ImageButton"]</arg>
</arguments>
<kw name="Wait Until Element Is Visible On Page" library="Keywords">
<arguments>
<arg>${locator}</arg>
<arg>timeout=3s</arg>
<arg>error=Element should be visible.</arg>
</arguments>
<kw name="Wait Until Page Contains Element" library="AppiumLibrary">
<doc>Waits until element specified with `locator` appears on current page.</doc>
<arguments>
<arg>${locator}</arg>
<arg>timeout=${timeout}</arg>
<arg>error=${error}</arg>
</arguments>
<status status="PASS" starttime="20200613 16:16:43.083" endtime="20200613 16:16:43.130"></status>
</kw>
<kw name="Wait Until Element Is Visible" library="AppiumLibrary">
<doc>Waits until element specified with `locator` is visible.</doc>
<arguments>
<arg>${locator}</arg>
<arg>timeout=${timeout}</arg>
<arg>error=${error}</arg>
</arguments>
<status status="PASS" starttime="20200613 16:16:43.131" endtime="20200613 16:16:43.187"></status>
</kw>
<status status="PASS" starttime="20200613 16:16:43.081" endtime="20200613 16:16:43.187"></status>
</kw>
<kw name="Click Element" library="AppiumLibrary">
<doc>Click element identified by `locator`.</doc>
<arguments>
<arg>${locator}</arg>
</arguments>
<msg timestamp="20200613 16:16:43.189" level="INFO">Clicking element '//*[contains(@resource-id, "primary_toolbar")]/*[@class="android.widget.ImageButton"]'.</msg>
<status status="PASS" starttime="20200613 16:16:43.188" endtime="20200613 16:16:43.245"></status>
</kw>
<status status="PASS" starttime="20200613 16:16:43.080" endtime="20200613 16:16:43.245"></status>
</kw>
<status status="PASS" starttime="20200613 16:16:43.079" endtime="20200613 16:16:43.246"></status>
</kw>
<status status="PASS" starttime="20200613 16:15:21.397" endtime="20200613 16:16:43.246" critical="yes"></status>
</test>
<kw name="Run Keywords" library="BuiltIn" type="teardown">
<doc>Executes all the given keywords in a sequence.</doc>
<arguments>
<arg>Click Element After It Is Visible</arg>
<arg>//*[@content-desc="Open"]</arg>
<arg>AND</arg>
<arg>Wait Until Element Is Visible On Page</arg>
<arg>//*[@text="Settings"]</arg>
<arg>timeout=3s</arg>
<arg>error=Settings page should be visible.</arg>
<arg>AND</arg>
<arg>Swipe</arg>
<arg>0</arg>
<arg>200</arg>
<arg>0</arg>
<arg>1200</arg>
<arg>AND</arg>
<arg>Delete Wallet</arg>
<arg>AND</arg>
<arg>Close Application</arg>
</arguments>
<kw name="Click Element After It Is Visible" library="Keywords">
<arguments>
<arg>//*[@content-desc="Open"]</arg>
</arguments>
<kw name="Wait Until Element Is Visible On Page" library="Keywords">
<arguments>
<arg>${locator}</arg>
<arg>timeout=3s</arg>
<arg>error=Element should be visible.</arg>
</arguments>
<kw name="Wait Until Page Contains Element" library="AppiumLibrary">
<doc>Waits until element specified with `locator` appears on current page.</doc>
<arguments>
<arg>${locator}</arg>
<arg>timeout=${timeout}</arg>
<arg>error=${error}</arg>
</arguments>
<status status="PASS" starttime="20200613 16:16:43.250" endtime="20200613 16:16:43.904"></status>
</kw>
<kw name="Wait Until Element Is Visible" library="AppiumLibrary">
<doc>Waits until element specified with `locator` is visible.</doc>
<arguments>
<arg>${locator}</arg>
<arg>timeout=${timeout}</arg>
<arg>error=${error}</arg>
</arguments>
<status status="PASS" starttime="20200613 16:16:43.904" endtime="20200613 16:16:43.947"></status>
</kw>
<status status="PASS" starttime="20200613 16:16:43.249" endtime="20200613 16:16:43.948"></status>
</kw>
<kw name="Click Element" library="AppiumLibrary">
<doc>Click element identified by `locator`.</doc>
<arguments>
<arg>${locator}</arg>
</arguments>
<msg timestamp="20200613 16:16:43.950" level="INFO">Clicking element '//*[@content-desc="Open"]'.</msg>
<status status="PASS" starttime="20200613 16:16:43.948" endtime="20200613 16:16:43.994"></status>
</kw>
<status status="PASS" starttime="20200613 16:16:43.249" endtime="20200613 16:16:43.995"></status>
</kw>
<kw name="Wait Until Element Is Visible On Page" library="Keywords">
<arguments>
<arg>//*[@text="Settings"]</arg>
<arg>timeout=3s</arg>
<arg>error=Settings page should be visible.</arg>
</arguments>
<kw name="Wait Until Page Contains Element" library="AppiumLibrary">
<doc>Waits until element specified with `locator` appears on current page.</doc>
<arguments>
<arg>${locator}</arg>
<arg>timeout=${timeout}</arg>
<arg>error=${error}</arg>
</arguments>
<status status="PASS" starttime="20200613 16:16:43.997" endtime="20200613 16:16:44.512"></status>
</kw>
<kw name="Wait Until Element Is Visible" library="AppiumLibrary">
<doc>Waits until element specified with `locator` is visible.</doc>
<arguments>
<arg>${locator}</arg>
<arg>timeout=${timeout}</arg>
<arg>error=${error}</arg>
</arguments>
<status status="PASS" starttime="20200613 16:16:44.512" endtime="20200613 16:16:45.065"></status>
</kw>
<status status="PASS" starttime="20200613 16:16:43.996" endtime="20200613 16:16:45.065"></status>
</kw>
<kw name="Swipe" library="AppiumLibrary">
<doc>Swipe from one point to another point, for an optional duration.</doc>
<arguments>
<arg>0</arg>
<arg>200</arg>
<arg>0</arg>
<arg>1200</arg>
</arguments>
<status status="PASS" starttime="20200613 16:16:45.066" endtime="20200613 16:16:46.345"></status>
</kw>
<kw name="Delete Wallet" library="Keywords">
<kw name="Click Element After It Is Visible" library="Keywords">
<arguments>
<arg>id=material_drawer_account_header_text_section</arg>
</arguments>
<kw name="Wait Until Element Is Visible On Page" library="Keywords">
<arguments>
<arg>${locator}</arg>
<arg>timeout=3s</arg>
<arg>error=Element should be visible.</arg>
</arguments>
<kw name="Wait Until Page Contains Element" library="AppiumLibrary">
<doc>Waits until element specified with `locator` appears on current page.</doc>
<arguments>
<arg>${locator}</arg>
<arg>timeout=${timeout}</arg>
<arg>error=${error}</arg>
</arguments>
<status status="PASS" starttime="20200613 16:16:46.347" endtime="20200613 16:16:46.378"></status>
</kw>
<kw name="Wait Until Element Is Visible" library="AppiumLibrary">
<doc>Waits until element specified with `locator` is visible.</doc>
<arguments>
<arg>${locator}</arg>
<arg>timeout=${timeout}</arg>
<arg>error=${error}</arg>
</arguments>
<status status="PASS" starttime="20200613 16:16:46.379" endtime="20200613 16:16:46.425"></status>
</kw>
<status status="PASS" starttime="20200613 16:16:46.347" endtime="20200613 16:16:46.425"></status>
</kw>
<kw name="Click Element" library="AppiumLibrary">
<doc>Click element identified by `locator`.</doc>
<arguments>
<arg>${locator}</arg>
</arguments>
<msg timestamp="20200613 16:16:46.427" level="INFO">Clicking element 'id=material_drawer_account_header_text_section'.</msg>
<status status="PASS" starttime="20200613 16:16:46.425" endtime="20200613 16:16:46.473"></status>
</kw>
<status status="PASS" starttime="20200613 16:16:46.346" endtime="20200613 16:16:46.474"></status>
</kw>
<kw name="Click Element After It Is Visible" library="Keywords">
<arguments>
<arg>//*[@text="Manage wallets"]</arg>
</arguments>
<kw name="Wait Until Element Is Visible On Page" library="Keywords">
<arguments>
<arg>${locator}</arg>
<arg>timeout=3s</arg>
<arg>error=Element should be visible.</arg>
</arguments>
<kw name="Wait Until Page Contains Element" library="AppiumLibrary">
<doc>Waits until element specified with `locator` appears on current page.</doc>
<arguments>
<arg>${locator}</arg>
<arg>timeout=${timeout}</arg>
<arg>error=${error}</arg>
</arguments>
<status status="PASS" starttime="20200613 16:16:46.475" endtime="20200613 16:16:46.572"></status>
</kw>
<kw name="Wait Until Element Is Visible" library="AppiumLibrary">
<doc>Waits until element specified with `locator` is visible.</doc>
<arguments>
<arg>${locator}</arg>
<arg>timeout=${timeout}</arg>
<arg>error=${error}</arg>
</arguments>
<status status="PASS" starttime="20200613 16:16:46.573" endtime="20200613 16:16:47.158"></status>
</kw>
<status status="PASS" starttime="20200613 16:16:46.475" endtime="20200613 16:16:47.158"></status>
</kw>
<kw name="Click Element" library="AppiumLibrary">
<doc>Click element identified by `locator`.</doc>
<arguments>
<arg>${locator}</arg>
</arguments>
<msg timestamp="20200613 16:16:47.160" level="INFO">Clicking element '//*[@text="Manage wallets"]'.</msg>
<status status="PASS" starttime="20200613 16:16:47.158" endtime="20200613 16:16:47.224"></status>
</kw>
<status status="PASS" starttime="20200613 16:16:46.474" endtime="20200613 16:16:47.225"></status>
</kw>
<kw name="Wait Until Element Is Visible On Page" library="Keywords">
<arguments>
<arg>//*[@text="Manage wallets"]</arg>
<arg>timeout=3s</arg>
<arg>error=Manage wallets page should be visible.</arg>
</arguments>
<kw name="Wait Until Page Contains Element" library="AppiumLibrary">
<doc>Waits until element specified with `locator` appears on current page.</doc>
<arguments>
<arg>${locator}</arg>
<arg>timeout=${timeout}</arg>
<arg>error=${error}</arg>
</arguments>
<status status="PASS" starttime="20200613 16:16:47.226" endtime="20200613 16:16:48.356"></status>
</kw>
<kw name="Wait Until Element Is Visible" library="AppiumLibrary">
<doc>Waits until element specified with `locator` is visible.</doc>
<arguments>
<arg>${locator}</arg>
<arg>timeout=${timeout}</arg>
<arg>error=${error}</arg>
</arguments>
<status status="PASS" starttime="20200613 16:16:48.357" endtime="20200613 16:16:48.396"></status>
</kw>
<status status="PASS" starttime="20200613 16:16:47.225" endtime="20200613 16:16:48.396"></status>
</kw>
<kw name="Click Element After It Is Visible" library="Keywords">
<arguments>
<arg>//*[@text="Living Expenses"]</arg>
</arguments>
<kw name="Wait Until Element Is Visible On Page" library="Keywords">
<arguments>
<arg>${locator}</arg>
<arg>timeout=3s</arg>
<arg>error=Element should be visible.</arg>
</arguments>
<kw name="Wait Until Page Contains Element" library="AppiumLibrary">
<doc>Waits until element specified with `locator` appears on current page.</doc>
<arguments>
<arg>${locator}</arg>
<arg>timeout=${timeout}</arg>
<arg>error=${error}</arg>
</arguments>
<status status="PASS" starttime="20200613 16:16:48.397" endtime="20200613 16:16:48.422"></status>
</kw>
<kw name="Wait Until Element Is Visible" library="AppiumLibrary">
<doc>Waits until element specified with `locator` is visible.</doc>
<arguments>
<arg>${locator}</arg>
<arg>timeout=${timeout}</arg>
<arg>error=${error}</arg>
</arguments>
<status status="PASS" starttime="20200613 16:16:48.422" endtime="20200613 16:16:48.459"></status>
</kw>
<status status="PASS" starttime="20200613 16:16:48.397" endtime="20200613 16:16:48.460"></status>
</kw>
<kw name="Click Element" library="AppiumLibrary">
<doc>Click element identified by `locator`.</doc>
<arguments>
<arg>${locator}</arg>
</arguments>
<msg timestamp="20200613 16:16:48.462" level="INFO">Clicking element '//*[@text="Living Expenses"]'.</msg>
<status status="PASS" starttime="20200613 16:16:48.461" endtime="20200613 16:16:48.507"></status>
</kw>
<status status="PASS" starttime="20200613 16:16:48.396" endtime="20200613 16:16:48.508"></status>
</kw>
<kw name="Wait Until Element Is Visible On Page" library="Keywords">
<arguments>
<arg>//*[@text="Wallet"]</arg>
<arg>timeout=3s</arg>
<arg>error=Wallet page should be visible.</arg>
</arguments>
<kw name="Wait Until Page Contains Element" library="AppiumLibrary">
<doc>Waits until element specified with `locator` appears on current page.</doc>
<arguments>
<arg>${locator}</arg>
<arg>timeout=${timeout}</arg>
<arg>error=${error}</arg>
</arguments>
<status status="PASS" starttime="20200613 16:16:48.509" endtime="20200613 16:16:49.145"></status>
</kw>
<kw name="Wait Until Element Is Visible" library="AppiumLibrary">
<doc>Waits until element specified with `locator` is visible.</doc>
<arguments>
<arg>${locator}</arg>
<arg>timeout=${timeout}</arg>
<arg>error=${error}</arg>
</arguments>
<status status="PASS" starttime="20200613 16:16:49.146" endtime="20200613 16:16:49.185"></status>
</kw>
<status status="PASS" starttime="20200613 16:16:48.508" endtime="20200613 16:16:49.185"></status>
</kw>
<kw name="Click Element After It Is Visible" library="Keywords">
<arguments>
<arg>id=action_delete_item</arg>
</arguments>
<kw name="Wait Until Element Is Visible On Page" library="Keywords">
<arguments>
<arg>${locator}</arg>
<arg>timeout=3s</arg>
<arg>error=Element should be visible.</arg>
</arguments>
<kw name="Wait Until Page Contains Element" library="AppiumLibrary">
<doc>Waits until element specified with `locator` appears on current page.</doc>
<arguments>
<arg>${locator}</arg>
<arg>timeout=${timeout}</arg>
<arg>error=${error}</arg>
</arguments>
<status status="PASS" starttime="20200613 16:16:49.186" endtime="20200613 16:16:49.200"></status>
</kw>
<kw name="Wait Until Element Is Visible" library="AppiumLibrary">
<doc>Waits until element specified with `locator` is visible.</doc>
<arguments>
<arg>${locator}</arg>
<arg>timeout=${timeout}</arg>
<arg>error=${error}</arg>
</arguments>
<status status="PASS" starttime="20200613 16:16:49.201" endtime="20200613 16:16:49.227"></status>
</kw>
<status status="PASS" starttime="20200613 16:16:49.186" endtime="20200613 16:16:49.227"></status>
</kw>
<kw name="Click Element" library="AppiumLibrary">
<doc>Click element identified by `locator`.</doc>
<arguments>
<arg>${locator}</arg>
</arguments>
<msg timestamp="20200613 16:16:49.228" level="INFO">Clicking element 'id=action_delete_item'.</msg>
<status status="PASS" starttime="20200613 16:16:49.227" endtime="20200613 16:16:49.255"></status>
</kw>
<status status="PASS" starttime="20200613 16:16:49.185" endtime="20200613 16:16:49.255"></status>
</kw>
<kw name="Wait Until Element Is Visible On Page" library="Keywords">
<arguments>
<arg>id=md_title</arg>
<arg>timeout=3s</arg>
<arg>error=Dialog should be visible.</arg>
</arguments>
<kw name="Wait Until Page Contains Element" library="AppiumLibrary">
<doc>Waits until element specified with `locator` appears on current page.</doc>
<arguments>
<arg>${locator}</arg>
<arg>timeout=${timeout}</arg>
<arg>error=${error}</arg>
</arguments>
<status status="PASS" starttime="20200613 16:16:49.256" endtime="20200613 16:16:49.928"></status>
</kw>
<kw name="Wait Until Element Is Visible" library="AppiumLibrary">
<doc>Waits until element specified with `locator` is visible.</doc>
<arguments>
<arg>${locator}</arg>
<arg>timeout=${timeout}</arg>
<arg>error=${error}</arg>
</arguments>
<status status="PASS" starttime="20200613 16:16:49.928" endtime="20200613 16:16:49.953"></status>
</kw>
<status status="PASS" starttime="20200613 16:16:49.255" endtime="20200613 16:16:49.954"></status>
</kw>
<kw name="Get Text" library="AppiumLibrary">
<doc>Get element text (for hybrid and mobile browser use `xpath` locator, others might cause problem)</doc>
<arguments>
<arg>id=md_title</arg>
</arguments>
<assign>
<var>${dialogTitle}</var>
</assign>
<msg timestamp="20200613 16:16:49.980" level="INFO">Element 'id=md_title' text is 'Warning' </msg>
<msg timestamp="20200613 16:16:49.980" level="INFO">${dialogTitle} = Warning</msg>
<status status="PASS" starttime="20200613 16:16:49.954" endtime="20200613 16:16:49.980"></status>
</kw>
<kw name="Should Be Equal" library="BuiltIn">
<doc>Fails if the given objects are unequal.</doc>
<arguments>
<arg>Warning</arg>
<arg>${dialogTitle}</arg>
</arguments>
<status status="PASS" starttime="20200613 16:16:49.981" endtime="20200613 16:16:49.981"></status>
</kw>
<kw name="Get Text" library="AppiumLibrary">
<doc>Get element text (for hybrid and mobile browser use `xpath` locator, others might cause problem)</doc>
<arguments>
<arg>id=md_content</arg>
</arguments>
<assign>
<var>${dialogContent}</var>
</assign>
<msg timestamp="20200613 16:16:50.009" level="INFO">Element 'id=md_content' text is 'Are you sure you want to delete this wallet? All the related data will be removed.' </msg>
<msg timestamp="20200613 16:16:50.010" level="INFO">${dialogContent} = Are you sure you want to delete this wallet? All the related data will be removed.</msg>
<status status="PASS" starttime="20200613 16:16:49.982" endtime="20200613 16:16:50.010"></status>
</kw>
<kw name="Should Be Equal" library="BuiltIn">
<doc>Fails if the given objects are unequal.</doc>
<arguments>
<arg>Are you sure you want to delete this wallet? All the related data will be removed.</arg>
<arg>${dialogContent}</arg>
</arguments>
<status status="PASS" starttime="20200613 16:16:50.010" endtime="20200613 16:16:50.011"></status>
</kw>
<kw name="Click Element After It Is Visible" library="Keywords">
<arguments>
<arg>id=md_buttonDefaultPositive</arg>
</arguments>
<kw name="Wait Until Element Is Visible On Page" library="Keywords">
<arguments>
<arg>${locator}</arg>
<arg>timeout=3s</arg>
<arg>error=Element should be visible.</arg>
</arguments>
<kw name="Wait Until Page Contains Element" library="AppiumLibrary">
<doc>Waits until element specified with `locator` appears on current page.</doc>
<arguments>
<arg>${locator}</arg>
<arg>timeout=${timeout}</arg>
<arg>error=${error}</arg>
</arguments>
<status status="PASS" starttime="20200613 16:16:50.012" endtime="20200613 16:16:50.024"></status>
</kw>
<kw name="Wait Until Element Is Visible" library="AppiumLibrary">
<doc>Waits until element specified with `locator` is visible.</doc>
<arguments>
<arg>${locator}</arg>
<arg>timeout=${timeout}</arg>
<arg>error=${error}</arg>
</arguments>
<status status="PASS" starttime="20200613 16:16:50.025" endtime="20200613 16:16:50.047"></status>
</kw>
<status status="PASS" starttime="20200613 16:16:50.012" endtime="20200613 16:16:50.047"></status>
</kw>
<kw name="Click Element" library="AppiumLibrary">
<doc>Click element identified by `locator`.</doc>
<arguments>
<arg>${locator}</arg>
</arguments>
<msg timestamp="20200613 16:16:50.049" level="INFO">Clicking element 'id=md_buttonDefaultPositive'.</msg>
<status status="PASS" starttime="20200613 16:16:50.048" endtime="20200613 16:16:50.074"></status>
</kw>
<status status="PASS" starttime="20200613 16:16:50.011" endtime="20200613 16:16:50.075"></status>
</kw>
<kw name="Page Should Not Contain Element" library="AppiumLibrary">
<doc>Verifies that current page not contains `locator` element.</doc>
<arguments>
<arg>//*[@text="Living Expenses"]</arg>
</arguments>
<msg timestamp="20200613 16:16:50.394" level="INFO">Current page not contains element '//*[@text="Living Expenses"]'.</msg>
<status status="PASS" starttime="20200613 16:16:50.075" endtime="20200613 16:16:50.394"></status>
</kw>
<status status="PASS" starttime="20200613 16:16:46.345" endtime="20200613 16:16:50.394"></status>
</kw>
<kw name="Close Application" library="AppiumLibrary">
<doc>Closes the current application and also close webdriver session.</doc>
<status status="PASS" starttime="20200613 16:16:50.395" endtime="20200613 16:16:50.889"></status>
</kw>
<status status="PASS" starttime="20200613 16:16:43.248" endtime="20200613 16:16:50.889"></status>
</kw>
<status status="PASS" starttime="20200613 16:14:43.241" endtime="20200613 16:16:50.890"></status>
</suite>
<status status="PASS" starttime="20200613 16:14:43.238" endtime="20200613 16:16:50.892"></status>
</suite>
<status status="PASS" starttime="20200613 16:14:43.215" endtime="20200613 16:16:50.894"></status>
</suite>
<statistics>
<total>
<stat pass="1" fail="0">Critical Tests</stat>
<stat pass="1" fail="0">All Tests</stat>
</total>
<tag>
</tag>
<suite>
<stat pass="1" fail="0" id="s1" name="Moneywallet Test Automation">Moneywallet Test Automation</stat>
<stat pass="1" fail="0" id="s1-s1" name="Converter">Moneywallet Test Automation.Converter</stat>
<stat pass="1" fail="0" id="s1-s1-s1" name="Convert currency">Moneywallet Test Automation.Converter.Convert currency</stat>
</suite>
</statistics>
<errors>
</errors>
</robot>
