<?xml version="1.0" encoding="UTF-8"?>
<robot generator="Robot 3.0.4 (Python 3.6.0 on win32)" generated="20200630 20:06:28.211">
<suite id="s1" name="Moneywallet Test Automation" source="C:\Users\lab1321\Desktop\STV_Project\moneywallet_test_automation">
<suite id="s1-s1" name="Wallet" source="C:\Users\lab1321\Desktop\STV_Project\moneywallet_test_automation\Wallet">
<suite id="s1-s1-s1" name="Edit a Wallet" source="C:\Users\lab1321\Desktop\STV_Project\moneywallet_test_automation\Wallet\Edit a Wallet.robot">
<test id="s1-s1-s1-t1" name="Edit a Wallet with empty name">
<kw name="Run Keywords" library="BuiltIn" type="setup">
<doc>Executes all the given keywords in a sequence.</doc>
<arguments>
<arg>Open App</arg>
<arg>AND</arg>
<arg>Create a new wallet without initial amount</arg>
</arguments>
<msg timestamp="20200630 20:06:28.445" level="TRACE">Arguments: [ 'Open App' | 'AND' | 'Create a new wallet without initial amount' ]</msg>
<kw name="Open App" library="Keywords">
<msg timestamp="20200630 20:06:28.445" level="TRACE">Arguments: [  ]</msg>
<kw name="Open Application" library="AppiumLibrary">
<doc>Opens a new application to given Appium server.</doc>
<arguments>
<arg>http://localhost:4723/wd/hub</arg>
<arg>platformName=Android</arg>
<arg>platformVersion=7.1.1</arg>
<arg>deviceName=Pixel 2 API 25</arg>
<arg>app=${EXECDIR}/../moneywallet/app/proprietaryOsm/release/app-proprietary-osm-release.apk</arg>
<arg>appPackage=com.oriondev.moneywallet</arg>
</arguments>
<msg timestamp="20200630 20:06:28.446" level="TRACE">Arguments: [ 'http://localhost:4723/wd/hub' | platformName='Android' | platformVersion='7.1.1' | deviceName='Pixel 2 API 25' | app='C:\\Users\\lab1321\\Desktop\\STV_Project\\moneywallet_test_automation/../moneywallet/app/proprietaryOsm/release/app-proprietary-osm-release.apk' | appPackage='com.oriondev.moneywallet' ]</msg>
<msg timestamp="20200630 20:06:30.472" level="DEBUG">POST http://127.0.0.1:4723/wd/hub/session {"capabilities": {"firstMatch": [{"platformName": "Android", "appium:platformVersion": "7.1.1", "appium:deviceName": "Pixel 2 API 25", "appium:app": "C:\\Users\\lab1321\\Desktop\\STV_Project\\moneywallet_test_automation/../moneywallet/app/proprietaryOsm/release/app-proprietary-osm-release.apk", "appium:appPackage": "com.oriondev.moneywallet"}]}, "desiredCapabilities": {"platformName": "Android", "platformVersion": "7.1.1", "deviceName": "Pixel 2 API 25", "app": "C:\\Users\\lab1321\\Desktop\\STV_Project\\moneywallet_test_automation/../moneywallet/app/proprietaryOsm/release/app-proprietary-osm-release.apk", "appPackage": "com.oriondev.moneywallet"}}</msg>
<msg timestamp="20200630 20:06:30.475" level="DEBUG">Starting new HTTP connection (1): 127.0.0.1</msg>
<msg timestamp="20200630 20:06:41.869" level="DEBUG">http://127.0.0.1:4723 "POST /wd/hub/session HTTP/1.1" 200 1108</msg>
<msg timestamp="20200630 20:06:41.869" level="DEBUG">Finished Request</msg>
<msg timestamp="20200630 20:06:41.871" level="DEBUG">Opened application with session id 2954f18e-9e14-4d70-b84e-ef668fe57167</msg>
<msg timestamp="20200630 20:06:41.871" level="TRACE">Return: 1</msg>
<status status="PASS" starttime="20200630 20:06:28.446" endtime="20200630 20:06:41.871"></status>
</kw>
<kw name="Click Element After It Is Visible" library="Keywords">
<arguments>
<arg>id=first_start_button</arg>
</arguments>
<msg timestamp="20200630 20:06:41.872" level="TRACE">Arguments: [ ${locator}='id=first_start_button' ]</msg>
<kw name="Wait Until Element Is Visible On Page" library="Keywords">
<arguments>
<arg>${locator}</arg>
<arg>timeout=3s</arg>
<arg>error=Element should be visible.</arg>
</arguments>
<msg timestamp="20200630 20:06:41.873" level="TRACE">Arguments: [ ${locator}='id=first_start_button' | ${timeout}='3s' | ${error}='Element should be visible.' ]</msg>
<kw name="Wait Until Page Contains Element" library="AppiumLibrary">
<doc>Waits until element specified with `locator` appears on current page.</doc>
<arguments>
<arg>${locator}</arg>
<arg>timeout=${timeout}</arg>
<arg>error=${error}</arg>
</arguments>
<msg timestamp="20200630 20:06:41.874" level="TRACE">Arguments: [ 'id=first_start_button' | timeout='3s' | error='Element should be visible.' ]</msg>
<msg timestamp="20200630 20:06:41.875" level="DEBUG">POST http://127.0.0.1:4723/wd/hub/session/2954f18e-9e14-4d70-b84e-ef668fe57167/elements {"using": "id", "value": "first_start_button"}</msg>
<msg timestamp="20200630 20:06:42.216" level="DEBUG">http://127.0.0.1:4723 "POST /wd/hub/session/2954f18e-9e14-4d70-b84e-ef668fe57167/elements HTTP/1.1" 200 139</msg>
<msg timestamp="20200630 20:06:42.217" level="DEBUG">Finished Request</msg>
<msg timestamp="20200630 20:06:42.217" level="TRACE">Return: None</msg>
<status status="PASS" starttime="20200630 20:06:41.874" endtime="20200630 20:06:42.217"></status>
</kw>
<kw name="Wait Until Element Is Visible" library="AppiumLibrary">
<doc>Waits until element specified with `locator` is visible.</doc>
<arguments>
<arg>${locator}</arg>
<arg>timeout=${timeout}</arg>
<arg>error=${error}</arg>
</arguments>
<msg timestamp="20200630 20:06:42.218" level="TRACE">Arguments: [ 'id=first_start_button' | timeout='3s' | error='Element should be visible.' ]</msg>
<msg timestamp="20200630 20:06:42.219" level="DEBUG">POST http://127.0.0.1:4723/wd/hub/session/2954f18e-9e14-4d70-b84e-ef668fe57167/elements {"using": "id", "value": "first_start_button"}</msg>
<msg timestamp="20200630 20:06:42.238" level="DEBUG">http://127.0.0.1:4723 "POST /wd/hub/session/2954f18e-9e14-4d70-b84e-ef668fe57167/elements HTTP/1.1" 200 139</msg>
<msg timestamp="20200630 20:06:42.238" level="DEBUG">Finished Request</msg>
<msg timestamp="20200630 20:06:42.238" level="DEBUG">GET http://127.0.0.1:4723/wd/hub/session/2954f18e-9e14-4d70-b84e-ef668fe57167/element/9d0bfe36-e217-46ef-a658-41494817f71a/displayed {"id": "9d0bfe36-e217-46ef-a658-41494817f71a"}</msg>
<msg timestamp="20200630 20:06:42.254" level="DEBUG">http://127.0.0.1:4723 "GET /wd/hub/session/2954f18e-9e14-4d70-b84e-ef668fe57167/element/9d0bfe36-e217-46ef-a658-41494817f71a/displayed HTTP/1.1" 200 14</msg>
<msg timestamp="20200630 20:06:42.254" level="DEBUG">Finished Request</msg>
<msg timestamp="20200630 20:06:42.254" level="TRACE">Return: None</msg>
<status status="PASS" starttime="20200630 20:06:42.218" endtime="20200630 20:06:42.255"></status>
</kw>
<msg timestamp="20200630 20:06:42.255" level="TRACE">Return: None</msg>
<status status="PASS" starttime="20200630 20:06:41.873" endtime="20200630 20:06:42.255"></status>
</kw>
<kw name="Click Element" library="AppiumLibrary">
<doc>Click element identified by `locator`.</doc>
<arguments>
<arg>${locator}</arg>
</arguments>
<msg timestamp="20200630 20:06:42.256" level="TRACE">Arguments: [ 'id=first_start_button' ]</msg>
<msg timestamp="20200630 20:06:42.257" level="INFO">Clicking element 'id=first_start_button'.</msg>
<msg timestamp="20200630 20:06:42.258" level="DEBUG">POST http://127.0.0.1:4723/wd/hub/session/2954f18e-9e14-4d70-b84e-ef668fe57167/elements {"using": "id", "value": "first_start_button"}</msg>
<msg timestamp="20200630 20:06:42.277" level="DEBUG">http://127.0.0.1:4723 "POST /wd/hub/session/2954f18e-9e14-4d70-b84e-ef668fe57167/elements HTTP/1.1" 200 139</msg>
<msg timestamp="20200630 20:06:42.277" level="DEBUG">Finished Request</msg>
<msg timestamp="20200630 20:06:42.277" level="DEBUG">POST http://127.0.0.1:4723/wd/hub/session/2954f18e-9e14-4d70-b84e-ef668fe57167/element/3c1aec54-95b3-41ef-bfad-531a184023dc/click {"id": "3c1aec54-95b3-41ef-bfad-531a184023dc"}</msg>
<msg timestamp="20200630 20:06:42.296" level="DEBUG">http://127.0.0.1:4723 "POST /wd/hub/session/2954f18e-9e14-4d70-b84e-ef668fe57167/element/3c1aec54-95b3-41ef-bfad-531a184023dc/click HTTP/1.1" 200 14</msg>
<msg timestamp="20200630 20:06:42.297" level="DEBUG">Finished Request</msg>
<msg timestamp="20200630 20:06:42.297" level="TRACE">Return: None</msg>
<status status="PASS" starttime="20200630 20:06:42.255" endtime="20200630 20:06:42.297"></status>
</kw>
<msg timestamp="20200630 20:06:42.297" level="TRACE">Return: None</msg>
<status status="PASS" starttime="20200630 20:06:41.872" endtime="20200630 20:06:42.298"></status>
</kw>
<kw name="Click Element After It Is Visible" library="Keywords">
<arguments>
<arg>id=skip</arg>
</arguments>
<msg timestamp="20200630 20:06:42.298" level="TRACE">Arguments: [ ${locator}='id=skip' ]</msg>
<kw name="Wait Until Element Is Visible On Page" library="Keywords">
<arguments>
<arg>${locator}</arg>
<arg>timeout=3s</arg>
<arg>error=Element should be visible.</arg>
</arguments>
<msg timestamp="20200630 20:06:42.299" level="TRACE">Arguments: [ ${locator}='id=skip' | ${timeout}='3s' | ${error}='Element should be visible.' ]</msg>
<kw name="Wait Until Page Contains Element" library="AppiumLibrary">
<doc>Waits until element specified with `locator` appears on current page.</doc>
<arguments>
<arg>${locator}</arg>
<arg>timeout=${timeout}</arg>
<arg>error=${error}</arg>
</arguments>
<msg timestamp="20200630 20:06:42.299" level="TRACE">Arguments: [ 'id=skip' | timeout='3s' | error='Element should be visible.' ]</msg>
<msg timestamp="20200630 20:06:42.300" level="DEBUG">POST http://127.0.0.1:4723/wd/hub/session/2954f18e-9e14-4d70-b84e-ef668fe57167/elements {"using": "id", "value": "skip"}</msg>
<msg timestamp="20200630 20:06:42.326" level="DEBUG">http://127.0.0.1:4723 "POST /wd/hub/session/2954f18e-9e14-4d70-b84e-ef668fe57167/elements HTTP/1.1" 200 12</msg>
<msg timestamp="20200630 20:06:42.327" level="DEBUG">Finished Request</msg>
<msg timestamp="20200630 20:06:42.529" level="DEBUG">POST http://127.0.0.1:4723/wd/hub/session/2954f18e-9e14-4d70-b84e-ef668fe57167/elements {"using": "id", "value": "skip"}</msg>
<msg timestamp="20200630 20:06:43.517" level="DEBUG">http://127.0.0.1:4723 "POST /wd/hub/session/2954f18e-9e14-4d70-b84e-ef668fe57167/elements HTTP/1.1" 200 139</msg>
<msg timestamp="20200630 20:06:43.518" level="DEBUG">Finished Request</msg>
<msg timestamp="20200630 20:06:43.518" level="TRACE">Return: None</msg>
<status status="PASS" starttime="20200630 20:06:42.299" endtime="20200630 20:06:43.518"></status>
</kw>
<kw name="Wait Until Element Is Visible" library="AppiumLibrary">
<doc>Waits until element specified with `locator` is visible.</doc>
<arguments>
<arg>${locator}</arg>
<arg>timeout=${timeout}</arg>
<arg>error=${error}</arg>
</arguments>
<msg timestamp="20200630 20:06:43.519" level="TRACE">Arguments: [ 'id=skip' | timeout='3s' | error='Element should be visible.' ]</msg>
<msg timestamp="20200630 20:06:43.519" level="DEBUG">POST http://127.0.0.1:4723/wd/hub/session/2954f18e-9e14-4d70-b84e-ef668fe57167/elements {"using": "id", "value": "skip"}</msg>
<msg timestamp="20200630 20:06:43.535" level="DEBUG">http://127.0.0.1:4723 "POST /wd/hub/session/2954f18e-9e14-4d70-b84e-ef668fe57167/elements HTTP/1.1" 200 139</msg>
<msg timestamp="20200630 20:06:43.536" level="DEBUG">Finished Request</msg>
<msg timestamp="20200630 20:06:43.536" level="DEBUG">GET http://127.0.0.1:4723/wd/hub/session/2954f18e-9e14-4d70-b84e-ef668fe57167/element/a442d5c7-d590-4052-b833-53572f6c1c2b/displayed {"id": "a442d5c7-d590-4052-b833-53572f6c1c2b"}</msg>
<msg timestamp="20200630 20:06:43.551" level="DEBUG">http://127.0.0.1:4723 "GET /wd/hub/session/2954f18e-9e14-4d70-b84e-ef668fe57167/element/a442d5c7-d590-4052-b833-53572f6c1c2b/displayed HTTP/1.1" 200 14</msg>
<msg timestamp="20200630 20:06:43.551" level="DEBUG">Finished Request</msg>
<msg timestamp="20200630 20:06:43.552" level="TRACE">Return: None</msg>
<status status="PASS" starttime="20200630 20:06:43.519" endtime="20200630 20:06:43.552"></status>
</kw>
<msg timestamp="20200630 20:06:43.552" level="TRACE">Return: None</msg>
<status status="PASS" starttime="20200630 20:06:42.299" endtime="20200630 20:06:43.552"></status>
</kw>
<kw name="Click Element" library="AppiumLibrary">
<doc>Click element identified by `locator`.</doc>
<arguments>
<arg>${locator}</arg>
</arguments>
<msg timestamp="20200630 20:06:43.553" level="TRACE">Arguments: [ 'id=skip' ]</msg>
<msg timestamp="20200630 20:06:43.554" level="INFO">Clicking element 'id=skip'.</msg>
<msg timestamp="20200630 20:06:43.554" level="DEBUG">POST http://127.0.0.1:4723/wd/hub/session/2954f18e-9e14-4d70-b84e-ef668fe57167/elements {"using": "id", "value": "skip"}</msg>
<msg timestamp="20200630 20:06:43.571" level="DEBUG">http://127.0.0.1:4723 "POST /wd/hub/session/2954f18e-9e14-4d70-b84e-ef668fe57167/elements HTTP/1.1" 200 139</msg>
<msg timestamp="20200630 20:06:43.571" level="DEBUG">Finished Request</msg>
<msg timestamp="20200630 20:06:43.572" level="DEBUG">POST http://127.0.0.1:4723/wd/hub/session/2954f18e-9e14-4d70-b84e-ef668fe57167/element/333c91b8-ddce-4557-9ed0-c68c0eac778e/click {"id": "333c91b8-ddce-4557-9ed0-c68c0eac778e"}</msg>
<msg timestamp="20200630 20:06:43.589" level="DEBUG">http://127.0.0.1:4723 "POST /wd/hub/session/2954f18e-9e14-4d70-b84e-ef668fe57167/element/333c91b8-ddce-4557-9ed0-c68c0eac778e/click HTTP/1.1" 200 14</msg>
<msg timestamp="20200630 20:06:43.590" level="DEBUG">Finished Request</msg>
<msg timestamp="20200630 20:06:43.590" level="TRACE">Return: None</msg>
<status status="PASS" starttime="20200630 20:06:43.553" endtime="20200630 20:06:43.590"></status>
</kw>
<msg timestamp="20200630 20:06:43.591" level="TRACE">Return: None</msg>
<status status="PASS" starttime="20200630 20:06:42.298" endtime="20200630 20:06:43.591"></status>
</kw>
<kw name="Click Element After It Is Visible" library="Keywords">
<arguments>
<arg>id=done</arg>
</arguments>
<msg timestamp="20200630 20:06:43.592" level="TRACE">Arguments: [ ${locator}='id=done' ]</msg>
<kw name="Wait Until Element Is Visible On Page" library="Keywords">
<arguments>
<arg>${locator}</arg>
<arg>timeout=3s</arg>
<arg>error=Element should be visible.</arg>
</arguments>
<msg timestamp="20200630 20:06:43.593" level="TRACE">Arguments: [ ${locator}='id=done' | ${timeout}='3s' | ${error}='Element should be visible.' ]</msg>
<kw name="Wait Until Page Contains Element" library="AppiumLibrary">
<doc>Waits until element specified with `locator` appears on current page.</doc>
<arguments>
<arg>${locator}</arg>
<arg>timeout=${timeout}</arg>
<arg>error=${error}</arg>
</arguments>
<msg timestamp="20200630 20:06:43.594" level="TRACE">Arguments: [ 'id=done' | timeout='3s' | error='Element should be visible.' ]</msg>
<msg timestamp="20200630 20:06:43.594" level="DEBUG">POST http://127.0.0.1:4723/wd/hub/session/2954f18e-9e14-4d70-b84e-ef668fe57167/elements {"using": "id", "value": "done"}</msg>
<msg timestamp="20200630 20:06:43.627" level="DEBUG">http://127.0.0.1:4723 "POST /wd/hub/session/2954f18e-9e14-4d70-b84e-ef668fe57167/elements HTTP/1.1" 200 139</msg>
<msg timestamp="20200630 20:06:43.628" level="DEBUG">Finished Request</msg>
<msg timestamp="20200630 20:06:43.628" level="TRACE">Return: None</msg>
<status status="PASS" starttime="20200630 20:06:43.593" endtime="20200630 20:06:43.628"></status>
</kw>
<kw name="Wait Until Element Is Visible" library="AppiumLibrary">
<doc>Waits until element specified with `locator` is visible.</doc>
<arguments>
<arg>${locator}</arg>
<arg>timeout=${timeout}</arg>
<arg>error=${error}</arg>
</arguments>
<msg timestamp="20200630 20:06:43.629" level="TRACE">Arguments: [ 'id=done' | timeout='3s' | error='Element should be visible.' ]</msg>
<msg timestamp="20200630 20:06:43.630" level="DEBUG">POST http://127.0.0.1:4723/wd/hub/session/2954f18e-9e14-4d70-b84e-ef668fe57167/elements {"using": "id", "value": "done"}</msg>
<msg timestamp="20200630 20:06:44.769" level="DEBUG">http://127.0.0.1:4723 "POST /wd/hub/session/2954f18e-9e14-4d70-b84e-ef668fe57167/elements HTTP/1.1" 200 139</msg>
<msg timestamp="20200630 20:06:44.769" level="DEBUG">Finished Request</msg>
<msg timestamp="20200630 20:06:44.769" level="DEBUG">GET http://127.0.0.1:4723/wd/hub/session/2954f18e-9e14-4d70-b84e-ef668fe57167/element/35398826-4a02-414b-b334-77407a617b3e/displayed {"id": "35398826-4a02-414b-b334-77407a617b3e"}</msg>
<msg timestamp="20200630 20:06:44.785" level="DEBUG">http://127.0.0.1:4723 "GET /wd/hub/session/2954f18e-9e14-4d70-b84e-ef668fe57167/element/35398826-4a02-414b-b334-77407a617b3e/displayed HTTP/1.1" 200 14</msg>
<msg timestamp="20200630 20:06:44.787" level="DEBUG">Finished Request</msg>
<msg timestamp="20200630 20:06:44.787" level="TRACE">Return: None</msg>
<status status="PASS" starttime="20200630 20:06:43.629" endtime="20200630 20:06:44.787"></status>
</kw>
<msg timestamp="20200630 20:06:44.788" level="TRACE">Return: None</msg>
<status status="PASS" starttime="20200630 20:06:43.592" endtime="20200630 20:06:44.788"></status>
</kw>
<kw name="Click Element" library="AppiumLibrary">
<doc>Click element identified by `locator`.</doc>
<arguments>
<arg>${locator}</arg>
</arguments>
<msg timestamp="20200630 20:06:44.788" level="TRACE">Arguments: [ 'id=done' ]</msg>
<msg timestamp="20200630 20:06:44.790" level="INFO">Clicking element 'id=done'.</msg>
<msg timestamp="20200630 20:06:44.790" level="DEBUG">POST http://127.0.0.1:4723/wd/hub/session/2954f18e-9e14-4d70-b84e-ef668fe57167/elements {"using": "id", "value": "done"}</msg>
<msg timestamp="20200630 20:06:44.806" level="DEBUG">http://127.0.0.1:4723 "POST /wd/hub/session/2954f18e-9e14-4d70-b84e-ef668fe57167/elements HTTP/1.1" 200 139</msg>
<msg timestamp="20200630 20:06:44.806" level="DEBUG">Finished Request</msg>
<msg timestamp="20200630 20:06:44.807" level="DEBUG">POST http://127.0.0.1:4723/wd/hub/session/2954f18e-9e14-4d70-b84e-ef668fe57167/element/5a051c84-bd3b-4bd6-8c69-d4c06bd2abea/click {"id": "5a051c84-bd3b-4bd6-8c69-d4c06bd2abea"}</msg>
<msg timestamp="20200630 20:06:44.826" level="DEBUG">http://127.0.0.1:4723 "POST /wd/hub/session/2954f18e-9e14-4d70-b84e-ef668fe57167/element/5a051c84-bd3b-4bd6-8c69-d4c06bd2abea/click HTTP/1.1" 200 14</msg>
<msg timestamp="20200630 20:06:44.826" level="DEBUG">Finished Request</msg>
<msg timestamp="20200630 20:06:44.826" level="TRACE">Return: None</msg>
<status status="PASS" starttime="20200630 20:06:44.788" endtime="20200630 20:06:44.827"></status>
</kw>
<msg timestamp="20200630 20:06:44.827" level="TRACE">Return: None</msg>
<status status="PASS" starttime="20200630 20:06:43.591" endtime="20200630 20:06:44.828"></status>
</kw>
<kw name="Wait Until Element Is Visible On Page" library="Keywords">
<arguments>
<arg>//*[@text="New wallet"]</arg>
<arg>timeout=3s</arg>
<arg>error=Wallet page should be visible.</arg>
</arguments>
<msg timestamp="20200630 20:06:44.830" level="TRACE">Arguments: [ ${locator}='//*[@text="New wallet"]' | ${timeout}='3s' | ${error}='Wallet page should be visible.' ]</msg>
<kw name="Wait Until Page Contains Element" library="AppiumLibrary">
<doc>Waits until element specified with `locator` appears on current page.</doc>
<arguments>
<arg>${locator}</arg>
<arg>timeout=${timeout}</arg>
<arg>error=${error}</arg>
</arguments>
<msg timestamp="20200630 20:06:44.831" level="TRACE">Arguments: [ '//*[@text="New wallet"]' | timeout='3s' | error='Wallet page should be visible.' ]</msg>
<msg timestamp="20200630 20:06:44.831" level="DEBUG">POST http://127.0.0.1:4723/wd/hub/session/2954f18e-9e14-4d70-b84e-ef668fe57167/elements {"using": "xpath", "value": "//*[@text=\"New wallet\"]"}</msg>
<msg timestamp="20200630 20:06:45.054" level="DEBUG">http://127.0.0.1:4723 "POST /wd/hub/session/2954f18e-9e14-4d70-b84e-ef668fe57167/elements HTTP/1.1" 200 12</msg>
<msg timestamp="20200630 20:06:45.054" level="DEBUG">Finished Request</msg>
<msg timestamp="20200630 20:06:45.255" level="DEBUG">POST http://127.0.0.1:4723/wd/hub/session/2954f18e-9e14-4d70-b84e-ef668fe57167/elements {"using": "xpath", "value": "//*[@text=\"New wallet\"]"}</msg>
<msg timestamp="20200630 20:06:46.157" level="DEBUG">http://127.0.0.1:4723 "POST /wd/hub/session/2954f18e-9e14-4d70-b84e-ef668fe57167/elements HTTP/1.1" 200 139</msg>
<msg timestamp="20200630 20:06:46.157" level="DEBUG">Finished Request</msg>
<msg timestamp="20200630 20:06:46.157" level="TRACE">Return: None</msg>
<status status="PASS" starttime="20200630 20:06:44.830" endtime="20200630 20:06:46.158"></status>
</kw>
<kw name="Wait Until Element Is Visible" library="AppiumLibrary">
<doc>Waits until element specified with `locator` is visible.</doc>
<arguments>
<arg>${locator}</arg>
<arg>timeout=${timeout}</arg>
<arg>error=${error}</arg>
</arguments>
<msg timestamp="20200630 20:06:46.158" level="TRACE">Arguments: [ '//*[@text="New wallet"]' | timeout='3s' | error='Wallet page should be visible.' ]</msg>
<msg timestamp="20200630 20:06:46.159" level="DEBUG">POST http://127.0.0.1:4723/wd/hub/session/2954f18e-9e14-4d70-b84e-ef668fe57167/elements {"using": "xpath", "value": "//*[@text=\"New wallet\"]"}</msg>
<msg timestamp="20200630 20:06:46.196" level="DEBUG">http://127.0.0.1:4723 "POST /wd/hub/session/2954f18e-9e14-4d70-b84e-ef668fe57167/elements HTTP/1.1" 200 139</msg>
<msg timestamp="20200630 20:06:46.197" level="DEBUG">Finished Request</msg>
<msg timestamp="20200630 20:06:46.197" level="DEBUG">GET http://127.0.0.1:4723/wd/hub/session/2954f18e-9e14-4d70-b84e-ef668fe57167/element/a26e088e-f607-403b-8bd7-ee57af18933b/displayed {"id": "a26e088e-f607-403b-8bd7-ee57af18933b"}</msg>
<msg timestamp="20200630 20:06:46.212" level="DEBUG">http://127.0.0.1:4723 "GET /wd/hub/session/2954f18e-9e14-4d70-b84e-ef668fe57167/element/a26e088e-f607-403b-8bd7-ee57af18933b/displayed HTTP/1.1" 200 14</msg>
<msg timestamp="20200630 20:06:46.213" level="DEBUG">Finished Request</msg>
<msg timestamp="20200630 20:06:46.213" level="TRACE">Return: None</msg>
<status status="PASS" starttime="20200630 20:06:46.158" endtime="20200630 20:06:46.214"></status>
</kw>
<msg timestamp="20200630 20:06:46.214" level="TRACE">Return: None</msg>
<status status="PASS" starttime="20200630 20:06:44.829" endtime="20200630 20:06:46.214"></status>
</kw>
<msg timestamp="20200630 20:06:46.215" level="TRACE">Return: None</msg>
<status status="PASS" starttime="20200630 20:06:28.445" endtime="20200630 20:06:46.215"></status>
</kw>
<kw name="Create a new wallet without initial amount">
<msg timestamp="20200630 20:06:46.216" level="TRACE">Arguments: [  ]</msg>
<kw name="Wait Until Element Is Visible On Page" library="Keywords">
<arguments>
<arg>id=name_edit_text</arg>
<arg>timeout=3s</arg>
<arg>error=Wallet name field should be visible.</arg>
</arguments>
<msg timestamp="20200630 20:06:46.217" level="TRACE">Arguments: [ ${locator}='id=name_edit_text' | ${timeout}='3s' | ${error}='Wallet name field should be visible.' ]</msg>
<kw name="Wait Until Page Contains Element" library="AppiumLibrary">
<doc>Waits until element specified with `locator` appears on current page.</doc>
<arguments>
<arg>${locator}</arg>
<arg>timeout=${timeout}</arg>
<arg>error=${error}</arg>
</arguments>
<msg timestamp="20200630 20:06:46.218" level="TRACE">Arguments: [ 'id=name_edit_text' | timeout='3s' | error='Wallet name field should be visible.' ]</msg>
<msg timestamp="20200630 20:06:46.218" level="DEBUG">POST http://127.0.0.1:4723/wd/hub/session/2954f18e-9e14-4d70-b84e-ef668fe57167/elements {"using": "id", "value": "name_edit_text"}</msg>
<msg timestamp="20200630 20:06:46.233" level="DEBUG">http://127.0.0.1:4723 "POST /wd/hub/session/2954f18e-9e14-4d70-b84e-ef668fe57167/elements HTTP/1.1" 200 139</msg>
<msg timestamp="20200630 20:06:46.233" level="DEBUG">Finished Request</msg>
<msg timestamp="20200630 20:06:46.234" level="TRACE">Return: None</msg>
<status status="PASS" starttime="20200630 20:06:46.217" endtime="20200630 20:06:46.234"></status>
</kw>
<kw name="Wait Until Element Is Visible" library="AppiumLibrary">
<doc>Waits until element specified with `locator` is visible.</doc>
<arguments>
<arg>${locator}</arg>
<arg>timeout=${timeout}</arg>
<arg>error=${error}</arg>
</arguments>
<msg timestamp="20200630 20:06:46.234" level="TRACE">Arguments: [ 'id=name_edit_text' | timeout='3s' | error='Wallet name field should be visible.' ]</msg>
<msg timestamp="20200630 20:06:46.235" level="DEBUG">POST http://127.0.0.1:4723/wd/hub/session/2954f18e-9e14-4d70-b84e-ef668fe57167/elements {"using": "id", "value": "name_edit_text"}</msg>
<msg timestamp="20200630 20:06:46.250" level="DEBUG">http://127.0.0.1:4723 "POST /wd/hub/session/2954f18e-9e14-4d70-b84e-ef668fe57167/elements HTTP/1.1" 200 139</msg>
<msg timestamp="20200630 20:06:46.251" level="DEBUG">Finished Request</msg>
<msg timestamp="20200630 20:06:46.251" level="DEBUG">GET http://127.0.0.1:4723/wd/hub/session/2954f18e-9e14-4d70-b84e-ef668fe57167/element/96c669fe-b8e5-4272-9291-32d2a85aa60a/displayed {"id": "96c669fe-b8e5-4272-9291-32d2a85aa60a"}</msg>
<msg timestamp="20200630 20:06:46.265" level="DEBUG">http://127.0.0.1:4723 "GET /wd/hub/session/2954f18e-9e14-4d70-b84e-ef668fe57167/element/96c669fe-b8e5-4272-9291-32d2a85aa60a/displayed HTTP/1.1" 200 14</msg>
<msg timestamp="20200630 20:06:46.265" level="DEBUG">Finished Request</msg>
<msg timestamp="20200630 20:06:46.266" level="TRACE">Return: None</msg>
<status status="PASS" starttime="20200630 20:06:46.234" endtime="20200630 20:06:46.266"></status>
</kw>
<msg timestamp="20200630 20:06:46.266" level="TRACE">Return: None</msg>
<status status="PASS" starttime="20200630 20:06:46.216" endtime="20200630 20:06:46.266"></status>
</kw>
<kw name="Input Text" library="AppiumLibrary">
<doc>Types the given `text` into text field identified by `locator`.</doc>
<arguments>
<arg>id=name_edit_text</arg>
<arg>Living Expenses</arg>
</arguments>
<msg timestamp="20200630 20:06:46.267" level="TRACE">Arguments: [ 'id=name_edit_text' | 'Living Expenses' ]</msg>
<msg timestamp="20200630 20:06:46.268" level="INFO">Typing text 'Living Expenses' into text field 'id=name_edit_text'</msg>
<msg timestamp="20200630 20:06:46.268" level="DEBUG">POST http://127.0.0.1:4723/wd/hub/session/2954f18e-9e14-4d70-b84e-ef668fe57167/elements {"using": "id", "value": "name_edit_text"}</msg>
<msg timestamp="20200630 20:06:46.284" level="DEBUG">http://127.0.0.1:4723 "POST /wd/hub/session/2954f18e-9e14-4d70-b84e-ef668fe57167/elements HTTP/1.1" 200 139</msg>
<msg timestamp="20200630 20:06:46.285" level="DEBUG">Finished Request</msg>
<msg timestamp="20200630 20:06:46.285" level="DEBUG">POST http://127.0.0.1:4723/wd/hub/session/2954f18e-9e14-4d70-b84e-ef668fe57167/element/57d3c272-539c-4423-a11c-e4089afc291d/value {"text": "Living Expenses", "value": ["L", "i", "v", "i", "n", "g", " ", "E", "x", "p", "e", "n", "s", "e", "s"], "id": "57d3c272-539c-4423-a11c-e4089afc291d"}</msg>
<msg timestamp="20200630 20:06:46.938" level="DEBUG">http://127.0.0.1:4723 "POST /wd/hub/session/2954f18e-9e14-4d70-b84e-ef668fe57167/element/57d3c272-539c-4423-a11c-e4089afc291d/value HTTP/1.1" 200 14</msg>
<msg timestamp="20200630 20:06:46.939" level="DEBUG">Finished Request</msg>
<msg timestamp="20200630 20:06:46.939" level="TRACE">Return: None</msg>
<status status="PASS" starttime="20200630 20:06:46.267" endtime="20200630 20:06:46.940"></status>
</kw>
<kw name="Click Element After It Is Visible" library="Keywords">
<arguments>
<arg>id=action_save_changes</arg>
</arguments>
<msg timestamp="20200630 20:06:46.941" level="TRACE">Arguments: [ ${locator}='id=action_save_changes' ]</msg>
<kw name="Wait Until Element Is Visible On Page" library="Keywords">
<arguments>
<arg>${locator}</arg>
<arg>timeout=3s</arg>
<arg>error=Element should be visible.</arg>
</arguments>
<msg timestamp="20200630 20:06:46.942" level="TRACE">Arguments: [ ${locator}='id=action_save_changes' | ${timeout}='3s' | ${error}='Element should be visible.' ]</msg>
<kw name="Wait Until Page Contains Element" library="AppiumLibrary">
<doc>Waits until element specified with `locator` appears on current page.</doc>
<arguments>
<arg>${locator}</arg>
<arg>timeout=${timeout}</arg>
<arg>error=${error}</arg>
</arguments>
<msg timestamp="20200630 20:06:46.943" level="TRACE">Arguments: [ 'id=action_save_changes' | timeout='3s' | error='Element should be visible.' ]</msg>
<msg timestamp="20200630 20:06:46.944" level="DEBUG">POST http://127.0.0.1:4723/wd/hub/session/2954f18e-9e14-4d70-b84e-ef668fe57167/elements {"using": "id", "value": "action_save_changes"}</msg>
<msg timestamp="20200630 20:06:47.570" level="DEBUG">http://127.0.0.1:4723 "POST /wd/hub/session/2954f18e-9e14-4d70-b84e-ef668fe57167/elements HTTP/1.1" 200 139</msg>
<msg timestamp="20200630 20:06:47.571" level="DEBUG">Finished Request</msg>
<msg timestamp="20200630 20:06:47.571" level="TRACE">Return: None</msg>
<status status="PASS" starttime="20200630 20:06:46.943" endtime="20200630 20:06:47.571"></status>
</kw>
<kw name="Wait Until Element Is Visible" library="AppiumLibrary">
<doc>Waits until element specified with `locator` is visible.</doc>
<arguments>
<arg>${locator}</arg>
<arg>timeout=${timeout}</arg>
<arg>error=${error}</arg>
</arguments>
<msg timestamp="20200630 20:06:47.572" level="TRACE">Arguments: [ 'id=action_save_changes' | timeout='3s' | error='Element should be visible.' ]</msg>
<msg timestamp="20200630 20:06:47.572" level="DEBUG">POST http://127.0.0.1:4723/wd/hub/session/2954f18e-9e14-4d70-b84e-ef668fe57167/elements {"using": "id", "value": "action_save_changes"}</msg>
<msg timestamp="20200630 20:06:47.588" level="DEBUG">http://127.0.0.1:4723 "POST /wd/hub/session/2954f18e-9e14-4d70-b84e-ef668fe57167/elements HTTP/1.1" 200 139</msg>
<msg timestamp="20200630 20:06:47.588" level="DEBUG">Finished Request</msg>
<msg timestamp="20200630 20:06:47.588" level="DEBUG">GET http://127.0.0.1:4723/wd/hub/session/2954f18e-9e14-4d70-b84e-ef668fe57167/element/21eb4bcb-1edb-463b-86f2-89be66d8e462/displayed {"id": "21eb4bcb-1edb-463b-86f2-89be66d8e462"}</msg>
<msg timestamp="20200630 20:06:47.603" level="DEBUG">http://127.0.0.1:4723 "GET /wd/hub/session/2954f18e-9e14-4d70-b84e-ef668fe57167/element/21eb4bcb-1edb-463b-86f2-89be66d8e462/displayed HTTP/1.1" 200 14</msg>
<msg timestamp="20200630 20:06:47.603" level="DEBUG">Finished Request</msg>
<msg timestamp="20200630 20:06:47.603" level="TRACE">Return: None</msg>
<status status="PASS" starttime="20200630 20:06:47.571" endtime="20200630 20:06:47.603"></status>
</kw>
<msg timestamp="20200630 20:06:47.604" level="TRACE">Return: None</msg>
<status status="PASS" starttime="20200630 20:06:46.942" endtime="20200630 20:06:47.604"></status>
</kw>
<kw name="Click Element" library="AppiumLibrary">
<doc>Click element identified by `locator`.</doc>
<arguments>
<arg>${locator}</arg>
</arguments>
<msg timestamp="20200630 20:06:47.604" level="TRACE">Arguments: [ 'id=action_save_changes' ]</msg>
<msg timestamp="20200630 20:06:47.605" level="INFO">Clicking element 'id=action_save_changes'.</msg>
<msg timestamp="20200630 20:06:47.605" level="DEBUG">POST http://127.0.0.1:4723/wd/hub/session/2954f18e-9e14-4d70-b84e-ef668fe57167/elements {"using": "id", "value": "action_save_changes"}</msg>
<msg timestamp="20200630 20:06:47.622" level="DEBUG">http://127.0.0.1:4723 "POST /wd/hub/session/2954f18e-9e14-4d70-b84e-ef668fe57167/elements HTTP/1.1" 200 139</msg>
<msg timestamp="20200630 20:06:47.623" level="DEBUG">Finished Request</msg>
<msg timestamp="20200630 20:06:47.623" level="DEBUG">POST http://127.0.0.1:4723/wd/hub/session/2954f18e-9e14-4d70-b84e-ef668fe57167/element/3671a6bc-87b4-4256-a99a-8a5cad9ccc68/click {"id": "3671a6bc-87b4-4256-a99a-8a5cad9ccc68"}</msg>
<msg timestamp="20200630 20:06:47.640" level="DEBUG">http://127.0.0.1:4723 "POST /wd/hub/session/2954f18e-9e14-4d70-b84e-ef668fe57167/element/3671a6bc-87b4-4256-a99a-8a5cad9ccc68/click HTTP/1.1" 200 14</msg>
<msg timestamp="20200630 20:06:47.641" level="DEBUG">Finished Request</msg>
<msg timestamp="20200630 20:06:47.641" level="TRACE">Return: None</msg>
<status status="PASS" starttime="20200630 20:06:47.604" endtime="20200630 20:06:47.641"></status>
</kw>
<msg timestamp="20200630 20:06:47.643" level="TRACE">Return: None</msg>
<status status="PASS" starttime="20200630 20:06:46.940" endtime="20200630 20:06:47.643"></status>
</kw>
<kw name="Wait Until Element Is Visible On Page" library="Keywords">
<arguments>
<arg>//*[@text="Transactions"]</arg>
<arg>timeout=3s</arg>
<arg>error=Transactions page should be visible.</arg>
</arguments>
<msg timestamp="20200630 20:06:47.644" level="TRACE">Arguments: [ ${locator}='//*[@text="Transactions"]' | ${timeout}='3s' | ${error}='Transactions page should be visible.' ]</msg>
<kw name="Wait Until Page Contains Element" library="AppiumLibrary">
<doc>Waits until element specified with `locator` appears on current page.</doc>
<arguments>
<arg>${locator}</arg>
<arg>timeout=${timeout}</arg>
<arg>error=${error}</arg>
</arguments>
<msg timestamp="20200630 20:06:47.645" level="TRACE">Arguments: [ '//*[@text="Transactions"]' | timeout='3s' | error='Transactions page should be visible.' ]</msg>
<msg timestamp="20200630 20:06:47.645" level="DEBUG">POST http://127.0.0.1:4723/wd/hub/session/2954f18e-9e14-4d70-b84e-ef668fe57167/elements {"using": "xpath", "value": "//*[@text=\"Transactions\"]"}</msg>
<msg timestamp="20200630 20:06:47.803" level="DEBUG">http://127.0.0.1:4723 "POST /wd/hub/session/2954f18e-9e14-4d70-b84e-ef668fe57167/elements HTTP/1.1" 200 12</msg>
<msg timestamp="20200630 20:06:47.804" level="DEBUG">Finished Request</msg>
<msg timestamp="20200630 20:06:48.004" level="DEBUG">POST http://127.0.0.1:4723/wd/hub/session/2954f18e-9e14-4d70-b84e-ef668fe57167/elements {"using": "xpath", "value": "//*[@text=\"Transactions\"]"}</msg>
<msg timestamp="20200630 20:06:49.023" level="DEBUG">http://127.0.0.1:4723 "POST /wd/hub/session/2954f18e-9e14-4d70-b84e-ef668fe57167/elements HTTP/1.1" 200 139</msg>
<msg timestamp="20200630 20:06:49.023" level="DEBUG">Finished Request</msg>
<msg timestamp="20200630 20:06:49.024" level="TRACE">Return: None</msg>
<status status="PASS" starttime="20200630 20:06:47.644" endtime="20200630 20:06:49.024"></status>
</kw>
<kw name="Wait Until Element Is Visible" library="AppiumLibrary">
<doc>Waits until element specified with `locator` is visible.</doc>
<arguments>
<arg>${locator}</arg>
<arg>timeout=${timeout}</arg>
<arg>error=${error}</arg>
</arguments>
<msg timestamp="20200630 20:06:49.025" level="TRACE">Arguments: [ '//*[@text="Transactions"]' | timeout='3s' | error='Transactions page should be visible.' ]</msg>
<msg timestamp="20200630 20:06:49.026" level="DEBUG">POST http://127.0.0.1:4723/wd/hub/session/2954f18e-9e14-4d70-b84e-ef668fe57167/elements {"using": "xpath", "value": "//*[@text=\"Transactions\"]"}</msg>
<msg timestamp="20200630 20:06:49.063" level="DEBUG">http://127.0.0.1:4723 "POST /wd/hub/session/2954f18e-9e14-4d70-b84e-ef668fe57167/elements HTTP/1.1" 200 139</msg>
<msg timestamp="20200630 20:06:49.063" level="DEBUG">Finished Request</msg>
<msg timestamp="20200630 20:06:49.064" level="DEBUG">GET http://127.0.0.1:4723/wd/hub/session/2954f18e-9e14-4d70-b84e-ef668fe57167/element/0173d1de-8d99-4418-a622-83e5ec815e12/displayed {"id": "0173d1de-8d99-4418-a622-83e5ec815e12"}</msg>
<msg timestamp="20200630 20:06:49.076" level="DEBUG">http://127.0.0.1:4723 "GET /wd/hub/session/2954f18e-9e14-4d70-b84e-ef668fe57167/element/0173d1de-8d99-4418-a622-83e5ec815e12/displayed HTTP/1.1" 200 14</msg>
<msg timestamp="20200630 20:06:49.077" level="DEBUG">Finished Request</msg>
<msg timestamp="20200630 20:06:49.077" level="TRACE">Return: None</msg>
<status status="PASS" starttime="20200630 20:06:49.025" endtime="20200630 20:06:49.077"></status>
</kw>
<msg timestamp="20200630 20:06:49.078" level="TRACE">Return: None</msg>
<status status="PASS" starttime="20200630 20:06:47.643" endtime="20200630 20:06:49.078"></status>
</kw>
<msg timestamp="20200630 20:06:49.078" level="TRACE">Return: None</msg>
<status status="PASS" starttime="20200630 20:06:46.215" endtime="20200630 20:06:49.078"></status>
</kw>
<msg timestamp="20200630 20:06:49.079" level="TRACE">Return: None</msg>
<status status="PASS" starttime="20200630 20:06:28.444" endtime="20200630 20:06:49.079"></status>
</kw>
<kw name="Click Element After It Is Visible" library="Keywords">
<arguments>
<arg>//*[@content-desc="Open"]</arg>
</arguments>
<msg timestamp="20200630 20:06:49.079" level="TRACE">Arguments: [ ${locator}='//*[@content-desc="Open"]' ]</msg>
<kw name="Wait Until Element Is Visible On Page" library="Keywords">
<arguments>
<arg>${locator}</arg>
<arg>timeout=3s</arg>
<arg>error=Element should be visible.</arg>
</arguments>
<msg timestamp="20200630 20:06:49.080" level="TRACE">Arguments: [ ${locator}='//*[@content-desc="Open"]' | ${timeout}='3s' | ${error}='Element should be visible.' ]</msg>
<kw name="Wait Until Page Contains Element" library="AppiumLibrary">
<doc>Waits until element specified with `locator` appears on current page.</doc>
<arguments>
<arg>${locator}</arg>
<arg>timeout=${timeout}</arg>
<arg>error=${error}</arg>
</arguments>
<msg timestamp="20200630 20:06:49.081" level="TRACE">Arguments: [ '//*[@content-desc="Open"]' | timeout='3s' | error='Element should be visible.' ]</msg>
<msg timestamp="20200630 20:06:49.081" level="DEBUG">POST http://127.0.0.1:4723/wd/hub/session/2954f18e-9e14-4d70-b84e-ef668fe57167/elements {"using": "xpath", "value": "//*[@content-desc=\"Open\"]"}</msg>
<msg timestamp="20200630 20:06:49.116" level="DEBUG">http://127.0.0.1:4723 "POST /wd/hub/session/2954f18e-9e14-4d70-b84e-ef668fe57167/elements HTTP/1.1" 200 139</msg>
<msg timestamp="20200630 20:06:49.117" level="DEBUG">Finished Request</msg>
<msg timestamp="20200630 20:06:49.117" level="TRACE">Return: None</msg>
<status status="PASS" starttime="20200630 20:06:49.080" endtime="20200630 20:06:49.117"></status>
</kw>
<kw name="Wait Until Element Is Visible" library="AppiumLibrary">
<doc>Waits until element specified with `locator` is visible.</doc>
<arguments>
<arg>${locator}</arg>
<arg>timeout=${timeout}</arg>
<arg>error=${error}</arg>
</arguments>
<msg timestamp="20200630 20:06:49.118" level="TRACE">Arguments: [ '//*[@content-desc="Open"]' | timeout='3s' | error='Element should be visible.' ]</msg>
<msg timestamp="20200630 20:06:49.118" level="DEBUG">POST http://127.0.0.1:4723/wd/hub/session/2954f18e-9e14-4d70-b84e-ef668fe57167/elements {"using": "xpath", "value": "//*[@content-desc=\"Open\"]"}</msg>
<msg timestamp="20200630 20:06:49.150" level="DEBUG">http://127.0.0.1:4723 "POST /wd/hub/session/2954f18e-9e14-4d70-b84e-ef668fe57167/elements HTTP/1.1" 200 139</msg>
<msg timestamp="20200630 20:06:49.151" level="DEBUG">Finished Request</msg>
<msg timestamp="20200630 20:06:49.151" level="DEBUG">GET http://127.0.0.1:4723/wd/hub/session/2954f18e-9e14-4d70-b84e-ef668fe57167/element/55263e2b-00a6-4a79-9a01-3015705cef80/displayed {"id": "55263e2b-00a6-4a79-9a01-3015705cef80"}</msg>
<msg timestamp="20200630 20:06:49.164" level="DEBUG">http://127.0.0.1:4723 "GET /wd/hub/session/2954f18e-9e14-4d70-b84e-ef668fe57167/element/55263e2b-00a6-4a79-9a01-3015705cef80/displayed HTTP/1.1" 200 14</msg>
<msg timestamp="20200630 20:06:49.165" level="DEBUG">Finished Request</msg>
<msg timestamp="20200630 20:06:49.165" level="TRACE">Return: None</msg>
<status status="PASS" starttime="20200630 20:06:49.117" endtime="20200630 20:06:49.166"></status>
</kw>
<msg timestamp="20200630 20:06:49.166" level="TRACE">Return: None</msg>
<status status="PASS" starttime="20200630 20:06:49.080" endtime="20200630 20:06:49.166"></status>
</kw>
<kw name="Click Element" library="AppiumLibrary">
<doc>Click element identified by `locator`.</doc>
<arguments>
<arg>${locator}</arg>
</arguments>
<msg timestamp="20200630 20:06:49.167" level="TRACE">Arguments: [ '//*[@content-desc="Open"]' ]</msg>
<msg timestamp="20200630 20:06:49.168" level="INFO">Clicking element '//*[@content-desc="Open"]'.</msg>
<msg timestamp="20200630 20:06:49.168" level="DEBUG">POST http://127.0.0.1:4723/wd/hub/session/2954f18e-9e14-4d70-b84e-ef668fe57167/elements {"using": "xpath", "value": "//*[@content-desc=\"Open\"]"}</msg>
<msg timestamp="20200630 20:06:49.200" level="DEBUG">http://127.0.0.1:4723 "POST /wd/hub/session/2954f18e-9e14-4d70-b84e-ef668fe57167/elements HTTP/1.1" 200 139</msg>
<msg timestamp="20200630 20:06:49.200" level="DEBUG">Finished Request</msg>
<msg timestamp="20200630 20:06:49.201" level="DEBUG">POST http://127.0.0.1:4723/wd/hub/session/2954f18e-9e14-4d70-b84e-ef668fe57167/element/50807b9b-39b8-4fcc-aa41-381d17c9d2b3/click {"id": "50807b9b-39b8-4fcc-aa41-381d17c9d2b3"}</msg>
<msg timestamp="20200630 20:06:49.218" level="DEBUG">http://127.0.0.1:4723 "POST /wd/hub/session/2954f18e-9e14-4d70-b84e-ef668fe57167/element/50807b9b-39b8-4fcc-aa41-381d17c9d2b3/click HTTP/1.1" 200 14</msg>
<msg timestamp="20200630 20:06:49.219" level="DEBUG">Finished Request</msg>
<msg timestamp="20200630 20:06:49.219" level="TRACE">Return: None</msg>
<status status="PASS" starttime="20200630 20:06:49.167" endtime="20200630 20:06:49.219"></status>
</kw>
<msg timestamp="20200630 20:06:49.220" level="TRACE">Return: None</msg>
<status status="PASS" starttime="20200630 20:06:49.079" endtime="20200630 20:06:49.220"></status>
</kw>
<kw name="Get Text After It Is Visible" library="Keywords">
<arguments>
<arg>id=material_drawer_account_header_name</arg>
</arguments>
<assign>
<var>${walletName}</var>
</assign>
<msg timestamp="20200630 20:06:49.220" level="TRACE">Arguments: [ ${locator}='id=material_drawer_account_header_name' ]</msg>
<kw name="Wait Until Element Is Visible On Page" library="Keywords">
<arguments>
<arg>${locator}</arg>
<arg>timeout=3s</arg>
<arg>error=Element should be visible.</arg>
</arguments>
<msg timestamp="20200630 20:06:49.221" level="TRACE">Arguments: [ ${locator}='id=material_drawer_account_header_name' | ${timeout}='3s' | ${error}='Element should be visible.' ]</msg>
<kw name="Wait Until Page Contains Element" library="AppiumLibrary">
<doc>Waits until element specified with `locator` appears on current page.</doc>
<arguments>
<arg>${locator}</arg>
<arg>timeout=${timeout}</arg>
<arg>error=${error}</arg>
</arguments>
<msg timestamp="20200630 20:06:49.222" level="TRACE">Arguments: [ 'id=material_drawer_account_header_name' | timeout='3s' | error='Element should be visible.' ]</msg>
<msg timestamp="20200630 20:06:49.222" level="DEBUG">POST http://127.0.0.1:4723/wd/hub/session/2954f18e-9e14-4d70-b84e-ef668fe57167/elements {"using": "id", "value": "material_drawer_account_header_name"}</msg>
<msg timestamp="20200630 20:06:49.531" level="DEBUG">http://127.0.0.1:4723 "POST /wd/hub/session/2954f18e-9e14-4d70-b84e-ef668fe57167/elements HTTP/1.1" 200 139</msg>
<msg timestamp="20200630 20:06:49.532" level="DEBUG">Finished Request</msg>
<msg timestamp="20200630 20:06:49.533" level="TRACE">Return: None</msg>
<status status="PASS" starttime="20200630 20:06:49.222" endtime="20200630 20:06:49.533"></status>
</kw>
<kw name="Wait Until Element Is Visible" library="AppiumLibrary">
<doc>Waits until element specified with `locator` is visible.</doc>
<arguments>
<arg>${locator}</arg>
<arg>timeout=${timeout}</arg>
<arg>error=${error}</arg>
</arguments>
<msg timestamp="20200630 20:06:49.534" level="TRACE">Arguments: [ 'id=material_drawer_account_header_name' | timeout='3s' | error='Element should be visible.' ]</msg>
<msg timestamp="20200630 20:06:49.535" level="DEBUG">POST http://127.0.0.1:4723/wd/hub/session/2954f18e-9e14-4d70-b84e-ef668fe57167/elements {"using": "id", "value": "material_drawer_account_header_name"}</msg>
<msg timestamp="20200630 20:06:50.221" level="DEBUG">http://127.0.0.1:4723 "POST /wd/hub/session/2954f18e-9e14-4d70-b84e-ef668fe57167/elements HTTP/1.1" 200 139</msg>
<msg timestamp="20200630 20:06:50.222" level="DEBUG">Finished Request</msg>
<msg timestamp="20200630 20:06:50.222" level="DEBUG">GET http://127.0.0.1:4723/wd/hub/session/2954f18e-9e14-4d70-b84e-ef668fe57167/element/be127631-be90-44e0-892c-34f9eeb08b0f/displayed {"id": "be127631-be90-44e0-892c-34f9eeb08b0f"}</msg>
<msg timestamp="20200630 20:06:50.235" level="DEBUG">http://127.0.0.1:4723 "GET /wd/hub/session/2954f18e-9e14-4d70-b84e-ef668fe57167/element/be127631-be90-44e0-892c-34f9eeb08b0f/displayed HTTP/1.1" 200 14</msg>
<msg timestamp="20200630 20:06:50.236" level="DEBUG">Finished Request</msg>
<msg timestamp="20200630 20:06:50.236" level="TRACE">Return: None</msg>
<status status="PASS" starttime="20200630 20:06:49.534" endtime="20200630 20:06:50.236"></status>
</kw>
<msg timestamp="20200630 20:06:50.237" level="TRACE">Return: None</msg>
<status status="PASS" starttime="20200630 20:06:49.221" endtime="20200630 20:06:50.237"></status>
</kw>
<kw name="Get Text" library="AppiumLibrary">
<doc>Get element text (for hybrid and mobile browser use `xpath` locator, others might cause problem)</doc>
<arguments>
<arg>${locator}</arg>
</arguments>
<assign>
<var>${text}</var>
</assign>
<msg timestamp="20200630 20:06:50.237" level="TRACE">Arguments: [ 'id=material_drawer_account_header_name' ]</msg>
<msg timestamp="20200630 20:06:50.238" level="DEBUG">POST http://127.0.0.1:4723/wd/hub/session/2954f18e-9e14-4d70-b84e-ef668fe57167/elements {"using": "id", "value": "material_drawer_account_header_name"}</msg>
<msg timestamp="20200630 20:06:50.283" level="DEBUG">http://127.0.0.1:4723 "POST /wd/hub/session/2954f18e-9e14-4d70-b84e-ef668fe57167/elements HTTP/1.1" 200 139</msg>
<msg timestamp="20200630 20:06:50.283" level="DEBUG">Finished Request</msg>
<msg timestamp="20200630 20:06:50.284" level="DEBUG">GET http://127.0.0.1:4723/wd/hub/session/2954f18e-9e14-4d70-b84e-ef668fe57167/element/be02763c-4315-4438-9f87-432f2d8e47ad/text {"id": "be02763c-4315-4438-9f87-432f2d8e47ad"}</msg>
<msg timestamp="20200630 20:06:50.297" level="DEBUG">http://127.0.0.1:4723 "GET /wd/hub/session/2954f18e-9e14-4d70-b84e-ef668fe57167/element/be02763c-4315-4438-9f87-432f2d8e47ad/text HTTP/1.1" 200 78</msg>
<msg timestamp="20200630 20:06:50.297" level="DEBUG">Finished Request</msg>
<msg timestamp="20200630 20:06:50.298" level="INFO">Element 'id=material_drawer_account_header_name' text is 'Living Expenses' </msg>
<msg timestamp="20200630 20:06:50.299" level="TRACE">Return: 'Living Expenses'</msg>
<msg timestamp="20200630 20:06:50.299" level="INFO">${text} = Living Expenses</msg>
<status status="PASS" starttime="20200630 20:06:50.237" endtime="20200630 20:06:50.299"></status>
</kw>
<msg timestamp="20200630 20:06:50.299" level="TRACE">Return: 'Living Expenses'</msg>
<msg timestamp="20200630 20:06:50.299" level="INFO">${walletName} = Living Expenses</msg>
<status status="PASS" starttime="20200630 20:06:49.220" endtime="20200630 20:06:50.299"></status>
</kw>
<kw name="Should Be Equal" library="BuiltIn">
<doc>Fails if the given objects are unequal.</doc>
<arguments>
<arg>Living Expenses</arg>
<arg>${walletName}</arg>
</arguments>
<msg timestamp="20200630 20:06:50.300" level="TRACE">Arguments: [ 'Living Expenses' | 'Living Expenses' ]</msg>
<msg timestamp="20200630 20:06:50.300" level="DEBUG">Argument types are:
&lt;type 'unicode'&gt;
&lt;type 'unicode'&gt;</msg>
<msg timestamp="20200630 20:06:50.301" level="TRACE">Return: None</msg>
<status status="PASS" starttime="20200630 20:06:50.300" endtime="20200630 20:06:50.301"></status>
</kw>
<kw name="Click Element After It Is Visible" library="Keywords">
<arguments>
<arg>id=material_drawer_account_header_text_section</arg>
</arguments>
<msg timestamp="20200630 20:06:50.301" level="TRACE">Arguments: [ ${locator}='id=material_drawer_account_header_text_section' ]</msg>
<kw name="Wait Until Element Is Visible On Page" library="Keywords">
<arguments>
<arg>${locator}</arg>
<arg>timeout=3s</arg>
<arg>error=Element should be visible.</arg>
</arguments>
<msg timestamp="20200630 20:06:50.302" level="TRACE">Arguments: [ ${locator}='id=material_drawer_account_header_text_section' | ${timeout}='3s' | ${error}='Element should be visible.' ]</msg>
<kw name="Wait Until Page Contains Element" library="AppiumLibrary">
<doc>Waits until element specified with `locator` appears on current page.</doc>
<arguments>
<arg>${locator}</arg>
<arg>timeout=${timeout}</arg>
<arg>error=${error}</arg>
</arguments>
<msg timestamp="20200630 20:06:50.303" level="TRACE">Arguments: [ 'id=material_drawer_account_header_text_section' | timeout='3s' | error='Element should be visible.' ]</msg>
<msg timestamp="20200630 20:06:50.303" level="DEBUG">POST http://127.0.0.1:4723/wd/hub/session/2954f18e-9e14-4d70-b84e-ef668fe57167/elements {"using": "id", "value": "material_drawer_account_header_text_section"}</msg>
<msg timestamp="20200630 20:06:50.339" level="DEBUG">http://127.0.0.1:4723 "POST /wd/hub/session/2954f18e-9e14-4d70-b84e-ef668fe57167/elements HTTP/1.1" 200 139</msg>
<msg timestamp="20200630 20:06:50.340" level="DEBUG">Finished Request</msg>
<msg timestamp="20200630 20:06:50.340" level="TRACE">Return: None</msg>
<status status="PASS" starttime="20200630 20:06:50.302" endtime="20200630 20:06:50.340"></status>
</kw>
<kw name="Wait Until Element Is Visible" library="AppiumLibrary">
<doc>Waits until element specified with `locator` is visible.</doc>
<arguments>
<arg>${locator}</arg>
<arg>timeout=${timeout}</arg>
<arg>error=${error}</arg>
</arguments>
<msg timestamp="20200630 20:06:50.341" level="TRACE">Arguments: [ 'id=material_drawer_account_header_text_section' | timeout='3s' | error='Element should be visible.' ]</msg>
<msg timestamp="20200630 20:06:50.342" level="DEBUG">POST http://127.0.0.1:4723/wd/hub/session/2954f18e-9e14-4d70-b84e-ef668fe57167/elements {"using": "id", "value": "material_drawer_account_header_text_section"}</msg>
<msg timestamp="20200630 20:06:50.378" level="DEBUG">http://127.0.0.1:4723 "POST /wd/hub/session/2954f18e-9e14-4d70-b84e-ef668fe57167/elements HTTP/1.1" 200 139</msg>
<msg timestamp="20200630 20:06:50.379" level="DEBUG">Finished Request</msg>
<msg timestamp="20200630 20:06:50.379" level="DEBUG">GET http://127.0.0.1:4723/wd/hub/session/2954f18e-9e14-4d70-b84e-ef668fe57167/element/a006c7c8-f581-40e1-ba17-a6afd2c89973/displayed {"id": "a006c7c8-f581-40e1-ba17-a6afd2c89973"}</msg>
<msg timestamp="20200630 20:06:50.393" level="DEBUG">http://127.0.0.1:4723 "GET /wd/hub/session/2954f18e-9e14-4d70-b84e-ef668fe57167/element/a006c7c8-f581-40e1-ba17-a6afd2c89973/displayed HTTP/1.1" 200 14</msg>
<msg timestamp="20200630 20:06:50.394" level="DEBUG">Finished Request</msg>
<msg timestamp="20200630 20:06:50.395" level="TRACE">Return: None</msg>
<status status="PASS" starttime="20200630 20:06:50.341" endtime="20200630 20:06:50.395"></status>
</kw>
<msg timestamp="20200630 20:06:50.395" level="TRACE">Return: None</msg>
<status status="PASS" starttime="20200630 20:06:50.301" endtime="20200630 20:06:50.395"></status>
</kw>
<kw name="Click Element" library="AppiumLibrary">
<doc>Click element identified by `locator`.</doc>
<arguments>
<arg>${locator}</arg>
</arguments>
<msg timestamp="20200630 20:06:50.396" level="TRACE">Arguments: [ 'id=material_drawer_account_header_text_section' ]</msg>
<msg timestamp="20200630 20:06:50.398" level="INFO">Clicking element 'id=material_drawer_account_header_text_section'.</msg>
<msg timestamp="20200630 20:06:50.398" level="DEBUG">POST http://127.0.0.1:4723/wd/hub/session/2954f18e-9e14-4d70-b84e-ef668fe57167/elements {"using": "id", "value": "material_drawer_account_header_text_section"}</msg>
<msg timestamp="20200630 20:06:50.432" level="DEBUG">http://127.0.0.1:4723 "POST /wd/hub/session/2954f18e-9e14-4d70-b84e-ef668fe57167/elements HTTP/1.1" 200 139</msg>
<msg timestamp="20200630 20:06:50.433" level="DEBUG">Finished Request</msg>
<msg timestamp="20200630 20:06:50.433" level="DEBUG">POST http://127.0.0.1:4723/wd/hub/session/2954f18e-9e14-4d70-b84e-ef668fe57167/element/6cebd774-6014-4d6c-a5de-a1d63d496e60/click {"id": "6cebd774-6014-4d6c-a5de-a1d63d496e60"}</msg>
<msg timestamp="20200630 20:06:50.451" level="DEBUG">http://127.0.0.1:4723 "POST /wd/hub/session/2954f18e-9e14-4d70-b84e-ef668fe57167/element/6cebd774-6014-4d6c-a5de-a1d63d496e60/click HTTP/1.1" 200 14</msg>
<msg timestamp="20200630 20:06:50.452" level="DEBUG">Finished Request</msg>
<msg timestamp="20200630 20:06:50.452" level="TRACE">Return: None</msg>
<status status="PASS" starttime="20200630 20:06:50.396" endtime="20200630 20:06:50.452"></status>
</kw>
<msg timestamp="20200630 20:06:50.453" level="TRACE">Return: None</msg>
<status status="PASS" starttime="20200630 20:06:50.301" endtime="20200630 20:06:50.453"></status>
</kw>
<kw name="Click Element After It Is Visible" library="Keywords">
<arguments>
<arg>//*[@text="Manage wallets"]</arg>
</arguments>
<msg timestamp="20200630 20:06:50.454" level="TRACE">Arguments: [ ${locator}='//*[@text="Manage wallets"]' ]</msg>
<kw name="Wait Until Element Is Visible On Page" library="Keywords">
<arguments>
<arg>${locator}</arg>
<arg>timeout=3s</arg>
<arg>error=Element should be visible.</arg>
</arguments>
<msg timestamp="20200630 20:06:50.454" level="TRACE">Arguments: [ ${locator}='//*[@text="Manage wallets"]' | ${timeout}='3s' | ${error}='Element should be visible.' ]</msg>
<kw name="Wait Until Page Contains Element" library="AppiumLibrary">
<doc>Waits until element specified with `locator` appears on current page.</doc>
<arguments>
<arg>${locator}</arg>
<arg>timeout=${timeout}</arg>
<arg>error=${error}</arg>
</arguments>
<msg timestamp="20200630 20:06:50.455" level="TRACE">Arguments: [ '//*[@text="Manage wallets"]' | timeout='3s' | error='Element should be visible.' ]</msg>
<msg timestamp="20200630 20:06:50.456" level="DEBUG">POST http://127.0.0.1:4723/wd/hub/session/2954f18e-9e14-4d70-b84e-ef668fe57167/elements {"using": "xpath", "value": "//*[@text=\"Manage wallets\"]"}</msg>
<msg timestamp="20200630 20:06:50.567" level="DEBUG">http://127.0.0.1:4723 "POST /wd/hub/session/2954f18e-9e14-4d70-b84e-ef668fe57167/elements HTTP/1.1" 200 139</msg>
<msg timestamp="20200630 20:06:50.567" level="DEBUG">Finished Request</msg>
<msg timestamp="20200630 20:06:50.568" level="TRACE">Return: None</msg>
<status status="PASS" starttime="20200630 20:06:50.454" endtime="20200630 20:06:50.568"></status>
</kw>
<kw name="Wait Until Element Is Visible" library="AppiumLibrary">
<doc>Waits until element specified with `locator` is visible.</doc>
<arguments>
<arg>${locator}</arg>
<arg>timeout=${timeout}</arg>
<arg>error=${error}</arg>
</arguments>
<msg timestamp="20200630 20:06:50.569" level="TRACE">Arguments: [ '//*[@text="Manage wallets"]' | timeout='3s' | error='Element should be visible.' ]</msg>
<msg timestamp="20200630 20:06:50.570" level="DEBUG">POST http://127.0.0.1:4723/wd/hub/session/2954f18e-9e14-4d70-b84e-ef668fe57167/elements {"using": "xpath", "value": "//*[@text=\"Manage wallets\"]"}</msg>
<msg timestamp="20200630 20:06:51.170" level="DEBUG">http://127.0.0.1:4723 "POST /wd/hub/session/2954f18e-9e14-4d70-b84e-ef668fe57167/elements HTTP/1.1" 200 139</msg>
<msg timestamp="20200630 20:06:51.170" level="DEBUG">Finished Request</msg>
<msg timestamp="20200630 20:06:51.171" level="DEBUG">GET http://127.0.0.1:4723/wd/hub/session/2954f18e-9e14-4d70-b84e-ef668fe57167/element/50a886f4-13f1-43c6-9f34-319d2f70cbb4/displayed {"id": "50a886f4-13f1-43c6-9f34-319d2f70cbb4"}</msg>
<msg timestamp="20200630 20:06:51.186" level="DEBUG">http://127.0.0.1:4723 "GET /wd/hub/session/2954f18e-9e14-4d70-b84e-ef668fe57167/element/50a886f4-13f1-43c6-9f34-319d2f70cbb4/displayed HTTP/1.1" 200 14</msg>
<msg timestamp="20200630 20:06:51.186" level="DEBUG">Finished Request</msg>
<msg timestamp="20200630 20:06:51.186" level="TRACE">Return: None</msg>
<status status="PASS" starttime="20200630 20:06:50.568" endtime="20200630 20:06:51.187"></status>
</kw>
<msg timestamp="20200630 20:06:51.187" level="TRACE">Return: None</msg>
<status status="PASS" starttime="20200630 20:06:50.454" endtime="20200630 20:06:51.187"></status>
</kw>
<kw name="Click Element" library="AppiumLibrary">
<doc>Click element identified by `locator`.</doc>
<arguments>
<arg>${locator}</arg>
</arguments>
<msg timestamp="20200630 20:06:51.188" level="TRACE">Arguments: [ '//*[@text="Manage wallets"]' ]</msg>
<msg timestamp="20200630 20:06:51.189" level="INFO">Clicking element '//*[@text="Manage wallets"]'.</msg>
<msg timestamp="20200630 20:06:51.189" level="DEBUG">POST http://127.0.0.1:4723/wd/hub/session/2954f18e-9e14-4d70-b84e-ef668fe57167/elements {"using": "xpath", "value": "//*[@text=\"Manage wallets\"]"}</msg>
<msg timestamp="20200630 20:06:51.243" level="DEBUG">http://127.0.0.1:4723 "POST /wd/hub/session/2954f18e-9e14-4d70-b84e-ef668fe57167/elements HTTP/1.1" 200 139</msg>
<msg timestamp="20200630 20:06:51.243" level="DEBUG">Finished Request</msg>
<msg timestamp="20200630 20:06:51.243" level="DEBUG">POST http://127.0.0.1:4723/wd/hub/session/2954f18e-9e14-4d70-b84e-ef668fe57167/element/4104aa7c-7649-46fc-a2c6-584c27ecc276/click {"id": "4104aa7c-7649-46fc-a2c6-584c27ecc276"}</msg>
<msg timestamp="20200630 20:06:51.260" level="DEBUG">http://127.0.0.1:4723 "POST /wd/hub/session/2954f18e-9e14-4d70-b84e-ef668fe57167/element/4104aa7c-7649-46fc-a2c6-584c27ecc276/click HTTP/1.1" 200 14</msg>
<msg timestamp="20200630 20:06:51.261" level="DEBUG">Finished Request</msg>
<msg timestamp="20200630 20:06:51.261" level="TRACE">Return: None</msg>
<status status="PASS" starttime="20200630 20:06:51.187" endtime="20200630 20:06:51.261"></status>
</kw>
<msg timestamp="20200630 20:06:51.262" level="TRACE">Return: None</msg>
<status status="PASS" starttime="20200630 20:06:50.453" endtime="20200630 20:06:51.262"></status>
</kw>
<kw name="Click Element After It Is Visible" library="Keywords">
<arguments>
<arg>//*[@text="Living Expenses"]</arg>
</arguments>
<msg timestamp="20200630 20:06:51.262" level="TRACE">Arguments: [ ${locator}='//*[@text="Living Expenses"]' ]</msg>
<kw name="Wait Until Element Is Visible On Page" library="Keywords">
<arguments>
<arg>${locator}</arg>
<arg>timeout=3s</arg>
<arg>error=Element should be visible.</arg>
</arguments>
<msg timestamp="20200630 20:06:51.263" level="TRACE">Arguments: [ ${locator}='//*[@text="Living Expenses"]' | ${timeout}='3s' | ${error}='Element should be visible.' ]</msg>
<kw name="Wait Until Page Contains Element" library="AppiumLibrary">
<doc>Waits until element specified with `locator` appears on current page.</doc>
<arguments>
<arg>${locator}</arg>
<arg>timeout=${timeout}</arg>
<arg>error=${error}</arg>
</arguments>
<msg timestamp="20200630 20:06:51.264" level="TRACE">Arguments: [ '//*[@text="Living Expenses"]' | timeout='3s' | error='Element should be visible.' ]</msg>
<msg timestamp="20200630 20:06:51.264" level="DEBUG">POST http://127.0.0.1:4723/wd/hub/session/2954f18e-9e14-4d70-b84e-ef668fe57167/elements {"using": "xpath", "value": "//*[@text=\"Living Expenses\"]"}</msg>
<msg timestamp="20200630 20:06:51.504" level="DEBUG">http://127.0.0.1:4723 "POST /wd/hub/session/2954f18e-9e14-4d70-b84e-ef668fe57167/elements HTTP/1.1" 200 139</msg>
<msg timestamp="20200630 20:06:51.505" level="DEBUG">Finished Request</msg>
<msg timestamp="20200630 20:06:51.506" level="TRACE">Return: None</msg>
<status status="PASS" starttime="20200630 20:06:51.263" endtime="20200630 20:06:51.506"></status>
</kw>
<kw name="Wait Until Element Is Visible" library="AppiumLibrary">
<doc>Waits until element specified with `locator` is visible.</doc>
<arguments>
<arg>${locator}</arg>
<arg>timeout=${timeout}</arg>
<arg>error=${error}</arg>
</arguments>
<msg timestamp="20200630 20:06:51.507" level="TRACE">Arguments: [ '//*[@text="Living Expenses"]' | timeout='3s' | error='Element should be visible.' ]</msg>
<msg timestamp="20200630 20:06:51.508" level="DEBUG">POST http://127.0.0.1:4723/wd/hub/session/2954f18e-9e14-4d70-b84e-ef668fe57167/elements {"using": "xpath", "value": "//*[@text=\"Living Expenses\"]"}</msg>
<msg timestamp="20200630 20:06:52.380" level="DEBUG">http://127.0.0.1:4723 "POST /wd/hub/session/2954f18e-9e14-4d70-b84e-ef668fe57167/elements HTTP/1.1" 200 139</msg>
<msg timestamp="20200630 20:06:52.381" level="DEBUG">Finished Request</msg>
<msg timestamp="20200630 20:06:52.382" level="DEBUG">GET http://127.0.0.1:4723/wd/hub/session/2954f18e-9e14-4d70-b84e-ef668fe57167/element/62fbfe24-525f-41ac-82d1-e12bb07e08a6/displayed {"id": "62fbfe24-525f-41ac-82d1-e12bb07e08a6"}</msg>
<msg timestamp="20200630 20:06:52.397" level="DEBUG">http://127.0.0.1:4723 "GET /wd/hub/session/2954f18e-9e14-4d70-b84e-ef668fe57167/element/62fbfe24-525f-41ac-82d1-e12bb07e08a6/displayed HTTP/1.1" 200 14</msg>
<msg timestamp="20200630 20:06:52.398" level="DEBUG">Finished Request</msg>
<msg timestamp="20200630 20:06:52.398" level="TRACE">Return: None</msg>
<status status="PASS" starttime="20200630 20:06:51.506" endtime="20200630 20:06:52.398"></status>
</kw>
<msg timestamp="20200630 20:06:52.399" level="TRACE">Return: None</msg>
<status status="PASS" starttime="20200630 20:06:51.263" endtime="20200630 20:06:52.399"></status>
</kw>
<kw name="Click Element" library="AppiumLibrary">
<doc>Click element identified by `locator`.</doc>
<arguments>
<arg>${locator}</arg>
</arguments>
<msg timestamp="20200630 20:06:52.400" level="TRACE">Arguments: [ '//*[@text="Living Expenses"]' ]</msg>
<msg timestamp="20200630 20:06:52.401" level="INFO">Clicking element '//*[@text="Living Expenses"]'.</msg>
<msg timestamp="20200630 20:06:52.401" level="DEBUG">POST http://127.0.0.1:4723/wd/hub/session/2954f18e-9e14-4d70-b84e-ef668fe57167/elements {"using": "xpath", "value": "//*[@text=\"Living Expenses\"]"}</msg>
<msg timestamp="20200630 20:06:52.428" level="DEBUG">http://127.0.0.1:4723 "POST /wd/hub/session/2954f18e-9e14-4d70-b84e-ef668fe57167/elements HTTP/1.1" 200 139</msg>
<msg timestamp="20200630 20:06:52.429" level="DEBUG">Finished Request</msg>
<msg timestamp="20200630 20:06:52.429" level="DEBUG">POST http://127.0.0.1:4723/wd/hub/session/2954f18e-9e14-4d70-b84e-ef668fe57167/element/2a8fa313-c97e-47de-9b83-24acd2759997/click {"id": "2a8fa313-c97e-47de-9b83-24acd2759997"}</msg>
<msg timestamp="20200630 20:06:52.448" level="DEBUG">http://127.0.0.1:4723 "POST /wd/hub/session/2954f18e-9e14-4d70-b84e-ef668fe57167/element/2a8fa313-c97e-47de-9b83-24acd2759997/click HTTP/1.1" 200 14</msg>
<msg timestamp="20200630 20:06:52.449" level="DEBUG">Finished Request</msg>
<msg timestamp="20200630 20:06:52.449" level="TRACE">Return: None</msg>
<status status="PASS" starttime="20200630 20:06:52.400" endtime="20200630 20:06:52.449"></status>
</kw>
<msg timestamp="20200630 20:06:52.450" level="TRACE">Return: None</msg>
<status status="PASS" starttime="20200630 20:06:51.262" endtime="20200630 20:06:52.450"></status>
</kw>
<kw name="Click Element After It Is Visible" library="Keywords">
<arguments>
<arg>id=action_edit_item</arg>
</arguments>
<msg timestamp="20200630 20:06:52.451" level="TRACE">Arguments: [ ${locator}='id=action_edit_item' ]</msg>
<kw name="Wait Until Element Is Visible On Page" library="Keywords">
<arguments>
<arg>${locator}</arg>
<arg>timeout=3s</arg>
<arg>error=Element should be visible.</arg>
</arguments>
<msg timestamp="20200630 20:06:52.451" level="TRACE">Arguments: [ ${locator}='id=action_edit_item' | ${timeout}='3s' | ${error}='Element should be visible.' ]</msg>
<kw name="Wait Until Page Contains Element" library="AppiumLibrary">
<doc>Waits until element specified with `locator` appears on current page.</doc>
<arguments>
<arg>${locator}</arg>
<arg>timeout=${timeout}</arg>
<arg>error=${error}</arg>
</arguments>
<msg timestamp="20200630 20:06:52.452" level="TRACE">Arguments: [ 'id=action_edit_item' | timeout='3s' | error='Element should be visible.' ]</msg>
<msg timestamp="20200630 20:06:52.452" level="DEBUG">POST http://127.0.0.1:4723/wd/hub/session/2954f18e-9e14-4d70-b84e-ef668fe57167/elements {"using": "id", "value": "action_edit_item"}</msg>
<msg timestamp="20200630 20:06:52.484" level="DEBUG">http://127.0.0.1:4723 "POST /wd/hub/session/2954f18e-9e14-4d70-b84e-ef668fe57167/elements HTTP/1.1" 200 139</msg>
<msg timestamp="20200630 20:06:52.485" level="DEBUG">Finished Request</msg>
<msg timestamp="20200630 20:06:52.485" level="TRACE">Return: None</msg>
<status status="PASS" starttime="20200630 20:06:52.451" endtime="20200630 20:06:52.485"></status>
</kw>
<kw name="Wait Until Element Is Visible" library="AppiumLibrary">
<doc>Waits until element specified with `locator` is visible.</doc>
<arguments>
<arg>${locator}</arg>
<arg>timeout=${timeout}</arg>
<arg>error=${error}</arg>
</arguments>
<msg timestamp="20200630 20:06:52.486" level="TRACE">Arguments: [ 'id=action_edit_item' | timeout='3s' | error='Element should be visible.' ]</msg>
<msg timestamp="20200630 20:06:52.486" level="DEBUG">POST http://127.0.0.1:4723/wd/hub/session/2954f18e-9e14-4d70-b84e-ef668fe57167/elements {"using": "id", "value": "action_edit_item"}</msg>
<msg timestamp="20200630 20:06:53.075" level="DEBUG">http://127.0.0.1:4723 "POST /wd/hub/session/2954f18e-9e14-4d70-b84e-ef668fe57167/elements HTTP/1.1" 200 139</msg>
<msg timestamp="20200630 20:06:53.075" level="DEBUG">Finished Request</msg>
<msg timestamp="20200630 20:06:53.076" level="DEBUG">GET http://127.0.0.1:4723/wd/hub/session/2954f18e-9e14-4d70-b84e-ef668fe57167/element/a526ee08-6483-41a3-98cd-793dbf10288e/displayed {"id": "a526ee08-6483-41a3-98cd-793dbf10288e"}</msg>
<msg timestamp="20200630 20:06:53.091" level="DEBUG">http://127.0.0.1:4723 "GET /wd/hub/session/2954f18e-9e14-4d70-b84e-ef668fe57167/element/a526ee08-6483-41a3-98cd-793dbf10288e/displayed HTTP/1.1" 200 14</msg>
<msg timestamp="20200630 20:06:53.091" level="DEBUG">Finished Request</msg>
<msg timestamp="20200630 20:06:53.092" level="TRACE">Return: None</msg>
<status status="PASS" starttime="20200630 20:06:52.486" endtime="20200630 20:06:53.092"></status>
</kw>
<msg timestamp="20200630 20:06:53.092" level="TRACE">Return: None</msg>
<status status="PASS" starttime="20200630 20:06:52.451" endtime="20200630 20:06:53.093"></status>
</kw>
<kw name="Click Element" library="AppiumLibrary">
<doc>Click element identified by `locator`.</doc>
<arguments>
<arg>${locator}</arg>
</arguments>
<msg timestamp="20200630 20:06:53.093" level="TRACE">Arguments: [ 'id=action_edit_item' ]</msg>
<msg timestamp="20200630 20:06:53.095" level="INFO">Clicking element 'id=action_edit_item'.</msg>
<msg timestamp="20200630 20:06:53.095" level="DEBUG">POST http://127.0.0.1:4723/wd/hub/session/2954f18e-9e14-4d70-b84e-ef668fe57167/elements {"using": "id", "value": "action_edit_item"}</msg>
<msg timestamp="20200630 20:06:53.112" level="DEBUG">http://127.0.0.1:4723 "POST /wd/hub/session/2954f18e-9e14-4d70-b84e-ef668fe57167/elements HTTP/1.1" 200 139</msg>
<msg timestamp="20200630 20:06:53.112" level="DEBUG">Finished Request</msg>
<msg timestamp="20200630 20:06:53.113" level="DEBUG">POST http://127.0.0.1:4723/wd/hub/session/2954f18e-9e14-4d70-b84e-ef668fe57167/element/f8590137-1918-4025-b4bd-eebdcbdde49f/click {"id": "f8590137-1918-4025-b4bd-eebdcbdde49f"}</msg>
<msg timestamp="20200630 20:06:53.131" level="DEBUG">http://127.0.0.1:4723 "POST /wd/hub/session/2954f18e-9e14-4d70-b84e-ef668fe57167/element/f8590137-1918-4025-b4bd-eebdcbdde49f/click HTTP/1.1" 200 14</msg>
<msg timestamp="20200630 20:06:53.132" level="DEBUG">Finished Request</msg>
<msg timestamp="20200630 20:06:53.132" level="TRACE">Return: None</msg>
<status status="PASS" starttime="20200630 20:06:53.093" endtime="20200630 20:06:53.132"></status>
</kw>
<msg timestamp="20200630 20:06:53.132" level="TRACE">Return: None</msg>
<status status="PASS" starttime="20200630 20:06:52.450" endtime="20200630 20:06:53.133"></status>
</kw>
<kw name="Wait Until Element Is Visible On Page" library="Keywords">
<arguments>
<arg>id=name_edit_text</arg>
<arg>timeout=3s</arg>
<arg>error=Wallet name field should be visible.</arg>
</arguments>
<msg timestamp="20200630 20:06:53.134" level="TRACE">Arguments: [ ${locator}='id=name_edit_text' | ${timeout}='3s' | ${error}='Wallet name field should be visible.' ]</msg>
<kw name="Wait Until Page Contains Element" library="AppiumLibrary">
<doc>Waits until element specified with `locator` appears on current page.</doc>
<arguments>
<arg>${locator}</arg>
<arg>timeout=${timeout}</arg>
<arg>error=${error}</arg>
</arguments>
<msg timestamp="20200630 20:06:53.134" level="TRACE">Arguments: [ 'id=name_edit_text' | timeout='3s' | error='Wallet name field should be visible.' ]</msg>
<msg timestamp="20200630 20:06:53.135" level="DEBUG">POST http://127.0.0.1:4723/wd/hub/session/2954f18e-9e14-4d70-b84e-ef668fe57167/elements {"using": "id", "value": "name_edit_text"}</msg>
<msg timestamp="20200630 20:06:53.158" level="DEBUG">http://127.0.0.1:4723 "POST /wd/hub/session/2954f18e-9e14-4d70-b84e-ef668fe57167/elements HTTP/1.1" 200 12</msg>
<msg timestamp="20200630 20:06:53.159" level="DEBUG">Finished Request</msg>
<msg timestamp="20200630 20:06:53.359" level="DEBUG">POST http://127.0.0.1:4723/wd/hub/session/2954f18e-9e14-4d70-b84e-ef668fe57167/elements {"using": "id", "value": "name_edit_text"}</msg>
<msg timestamp="20200630 20:06:54.250" level="DEBUG">http://127.0.0.1:4723 "POST /wd/hub/session/2954f18e-9e14-4d70-b84e-ef668fe57167/elements HTTP/1.1" 200 139</msg>
<msg timestamp="20200630 20:06:54.251" level="DEBUG">Finished Request</msg>
<msg timestamp="20200630 20:06:54.251" level="TRACE">Return: None</msg>
<status status="PASS" starttime="20200630 20:06:53.134" endtime="20200630 20:06:54.251"></status>
</kw>
<kw name="Wait Until Element Is Visible" library="AppiumLibrary">
<doc>Waits until element specified with `locator` is visible.</doc>
<arguments>
<arg>${locator}</arg>
<arg>timeout=${timeout}</arg>
<arg>error=${error}</arg>
</arguments>
<msg timestamp="20200630 20:06:54.252" level="TRACE">Arguments: [ 'id=name_edit_text' | timeout='3s' | error='Wallet name field should be visible.' ]</msg>
<msg timestamp="20200630 20:06:54.252" level="DEBUG">POST http://127.0.0.1:4723/wd/hub/session/2954f18e-9e14-4d70-b84e-ef668fe57167/elements {"using": "id", "value": "name_edit_text"}</msg>
<msg timestamp="20200630 20:06:54.269" level="DEBUG">http://127.0.0.1:4723 "POST /wd/hub/session/2954f18e-9e14-4d70-b84e-ef668fe57167/elements HTTP/1.1" 200 139</msg>
<msg timestamp="20200630 20:06:54.269" level="DEBUG">Finished Request</msg>
<msg timestamp="20200630 20:06:54.270" level="DEBUG">GET http://127.0.0.1:4723/wd/hub/session/2954f18e-9e14-4d70-b84e-ef668fe57167/element/570f5553-ae5f-4234-8d5d-634af01e5f5a/displayed {"id": "570f5553-ae5f-4234-8d5d-634af01e5f5a"}</msg>
<msg timestamp="20200630 20:06:54.283" level="DEBUG">http://127.0.0.1:4723 "GET /wd/hub/session/2954f18e-9e14-4d70-b84e-ef668fe57167/element/570f5553-ae5f-4234-8d5d-634af01e5f5a/displayed HTTP/1.1" 200 14</msg>
<msg timestamp="20200630 20:06:54.284" level="DEBUG">Finished Request</msg>
<msg timestamp="20200630 20:06:54.284" level="TRACE">Return: None</msg>
<status status="PASS" starttime="20200630 20:06:54.251" endtime="20200630 20:06:54.284"></status>
</kw>
<msg timestamp="20200630 20:06:54.284" level="TRACE">Return: None</msg>
<status status="PASS" starttime="20200630 20:06:53.133" endtime="20200630 20:06:54.284"></status>
</kw>
<kw name="Input Text After It Is Visible" library="Keywords">
<arguments>
<arg>id=name_edit_text</arg>
<arg>${EMPTY}</arg>
</arguments>
<msg timestamp="20200630 20:06:54.285" level="TRACE">Arguments: [ ${locator}='id=name_edit_text' | ${text}='' ]</msg>
<kw name="Wait Until Element Is Visible On Page" library="Keywords">
<arguments>
<arg>${locator}</arg>
<arg>timeout=3s</arg>
<arg>error=Element should be visible.</arg>
</arguments>
<msg timestamp="20200630 20:06:54.286" level="TRACE">Arguments: [ ${locator}='id=name_edit_text' | ${timeout}='3s' | ${error}='Element should be visible.' ]</msg>
<kw name="Wait Until Page Contains Element" library="AppiumLibrary">
<doc>Waits until element specified with `locator` appears on current page.</doc>
<arguments>
<arg>${locator}</arg>
<arg>timeout=${timeout}</arg>
<arg>error=${error}</arg>
</arguments>
<msg timestamp="20200630 20:06:54.286" level="TRACE">Arguments: [ 'id=name_edit_text' | timeout='3s' | error='Element should be visible.' ]</msg>
<msg timestamp="20200630 20:06:54.287" level="DEBUG">POST http://127.0.0.1:4723/wd/hub/session/2954f18e-9e14-4d70-b84e-ef668fe57167/elements {"using": "id", "value": "name_edit_text"}</msg>
<msg timestamp="20200630 20:06:54.315" level="DEBUG">http://127.0.0.1:4723 "POST /wd/hub/session/2954f18e-9e14-4d70-b84e-ef668fe57167/elements HTTP/1.1" 200 139</msg>
<msg timestamp="20200630 20:06:54.316" level="DEBUG">Finished Request</msg>
<msg timestamp="20200630 20:06:54.316" level="TRACE">Return: None</msg>
<status status="PASS" starttime="20200630 20:06:54.286" endtime="20200630 20:06:54.317"></status>
</kw>
<kw name="Wait Until Element Is Visible" library="AppiumLibrary">
<doc>Waits until element specified with `locator` is visible.</doc>
<arguments>
<arg>${locator}</arg>
<arg>timeout=${timeout}</arg>
<arg>error=${error}</arg>
</arguments>
<msg timestamp="20200630 20:06:54.317" level="TRACE">Arguments: [ 'id=name_edit_text' | timeout='3s' | error='Element should be visible.' ]</msg>
<msg timestamp="20200630 20:06:54.317" level="DEBUG">POST http://127.0.0.1:4723/wd/hub/session/2954f18e-9e14-4d70-b84e-ef668fe57167/elements {"using": "id", "value": "name_edit_text"}</msg>
<msg timestamp="20200630 20:06:54.336" level="DEBUG">http://127.0.0.1:4723 "POST /wd/hub/session/2954f18e-9e14-4d70-b84e-ef668fe57167/elements HTTP/1.1" 200 139</msg>
<msg timestamp="20200630 20:06:54.337" level="DEBUG">Finished Request</msg>
<msg timestamp="20200630 20:06:54.337" level="DEBUG">GET http://127.0.0.1:4723/wd/hub/session/2954f18e-9e14-4d70-b84e-ef668fe57167/element/fd887d57-8f1d-44f8-a90e-b34b8e5d0297/displayed {"id": "fd887d57-8f1d-44f8-a90e-b34b8e5d0297"}</msg>
<msg timestamp="20200630 20:06:54.350" level="DEBUG">http://127.0.0.1:4723 "GET /wd/hub/session/2954f18e-9e14-4d70-b84e-ef668fe57167/element/fd887d57-8f1d-44f8-a90e-b34b8e5d0297/displayed HTTP/1.1" 200 14</msg>
<msg timestamp="20200630 20:06:54.351" level="DEBUG">Finished Request</msg>
<msg timestamp="20200630 20:06:54.351" level="TRACE">Return: None</msg>
<status status="PASS" starttime="20200630 20:06:54.317" endtime="20200630 20:06:54.351"></status>
</kw>
<msg timestamp="20200630 20:06:54.352" level="TRACE">Return: None</msg>
<status status="PASS" starttime="20200630 20:06:54.285" endtime="20200630 20:06:54.352"></status>
</kw>
<kw name="Input Text" library="AppiumLibrary">
<doc>Types the given `text` into text field identified by `locator`.</doc>
<arguments>
<arg>${locator}</arg>
<arg>${text}</arg>
</arguments>
<msg timestamp="20200630 20:06:54.353" level="TRACE">Arguments: [ 'id=name_edit_text' | '' ]</msg>
<msg timestamp="20200630 20:06:54.353" level="INFO">Typing text '' into text field 'id=name_edit_text'</msg>
<msg timestamp="20200630 20:06:54.354" level="DEBUG">POST http://127.0.0.1:4723/wd/hub/session/2954f18e-9e14-4d70-b84e-ef668fe57167/elements {"using": "id", "value": "name_edit_text"}</msg>
<msg timestamp="20200630 20:06:54.372" level="DEBUG">http://127.0.0.1:4723 "POST /wd/hub/session/2954f18e-9e14-4d70-b84e-ef668fe57167/elements HTTP/1.1" 200 139</msg>
<msg timestamp="20200630 20:06:54.372" level="DEBUG">Finished Request</msg>
<msg timestamp="20200630 20:06:54.373" level="DEBUG">POST http://127.0.0.1:4723/wd/hub/session/2954f18e-9e14-4d70-b84e-ef668fe57167/element/f6a38c5d-07e1-4a92-af82-ba7a44af2abd/value {"text": "", "value": [], "id": "f6a38c5d-07e1-4a92-af82-ba7a44af2abd"}</msg>
<msg timestamp="20200630 20:06:55.051" level="DEBUG">http://127.0.0.1:4723 "POST /wd/hub/session/2954f18e-9e14-4d70-b84e-ef668fe57167/element/f6a38c5d-07e1-4a92-af82-ba7a44af2abd/value HTTP/1.1" 200 14</msg>
<msg timestamp="20200630 20:06:55.052" level="DEBUG">Finished Request</msg>
<msg timestamp="20200630 20:06:55.052" level="TRACE">Return: None</msg>
<status status="PASS" starttime="20200630 20:06:54.352" endtime="20200630 20:06:55.053"></status>
</kw>
<msg timestamp="20200630 20:06:55.053" level="TRACE">Return: None</msg>
<status status="PASS" starttime="20200630 20:06:54.285" endtime="20200630 20:06:55.054"></status>
</kw>
<kw name="Click Element After It Is Visible" library="Keywords">
<arguments>
<arg>id=action_save_changes</arg>
</arguments>
<msg timestamp="20200630 20:06:55.055" level="TRACE">Arguments: [ ${locator}='id=action_save_changes' ]</msg>
<kw name="Wait Until Element Is Visible On Page" library="Keywords">
<arguments>
<arg>${locator}</arg>
<arg>timeout=3s</arg>
<arg>error=Element should be visible.</arg>
</arguments>
<msg timestamp="20200630 20:06:55.056" level="TRACE">Arguments: [ ${locator}='id=action_save_changes' | ${timeout}='3s' | ${error}='Element should be visible.' ]</msg>
<kw name="Wait Until Page Contains Element" library="AppiumLibrary">
<doc>Waits until element specified with `locator` appears on current page.</doc>
<arguments>
<arg>${locator}</arg>
<arg>timeout=${timeout}</arg>
<arg>error=${error}</arg>
</arguments>
<msg timestamp="20200630 20:06:55.057" level="TRACE">Arguments: [ 'id=action_save_changes' | timeout='3s' | error='Element should be visible.' ]</msg>
<msg timestamp="20200630 20:06:55.057" level="DEBUG">POST http://127.0.0.1:4723/wd/hub/session/2954f18e-9e14-4d70-b84e-ef668fe57167/elements {"using": "id", "value": "action_save_changes"}</msg>
<msg timestamp="20200630 20:06:55.715" level="DEBUG">http://127.0.0.1:4723 "POST /wd/hub/session/2954f18e-9e14-4d70-b84e-ef668fe57167/elements HTTP/1.1" 200 139</msg>
<msg timestamp="20200630 20:06:55.715" level="DEBUG">Finished Request</msg>
<msg timestamp="20200630 20:06:55.716" level="TRACE">Return: None</msg>
<status status="PASS" starttime="20200630 20:06:55.056" endtime="20200630 20:06:55.716"></status>
</kw>
<kw name="Wait Until Element Is Visible" library="AppiumLibrary">
<doc>Waits until element specified with `locator` is visible.</doc>
<arguments>
<arg>${locator}</arg>
<arg>timeout=${timeout}</arg>
<arg>error=${error}</arg>
</arguments>
<msg timestamp="20200630 20:06:55.716" level="TRACE">Arguments: [ 'id=action_save_changes' | timeout='3s' | error='Element should be visible.' ]</msg>
<msg timestamp="20200630 20:06:55.717" level="DEBUG">POST http://127.0.0.1:4723/wd/hub/session/2954f18e-9e14-4d70-b84e-ef668fe57167/elements {"using": "id", "value": "action_save_changes"}</msg>
<msg timestamp="20200630 20:06:55.731" level="DEBUG">http://127.0.0.1:4723 "POST /wd/hub/session/2954f18e-9e14-4d70-b84e-ef668fe57167/elements HTTP/1.1" 200 139</msg>
<msg timestamp="20200630 20:06:55.732" level="DEBUG">Finished Request</msg>
<msg timestamp="20200630 20:06:55.732" level="DEBUG">GET http://127.0.0.1:4723/wd/hub/session/2954f18e-9e14-4d70-b84e-ef668fe57167/element/37f33745-6bbf-4808-b5aa-9fefaacd6d11/displayed {"id": "37f33745-6bbf-4808-b5aa-9fefaacd6d11"}</msg>
<msg timestamp="20200630 20:06:55.746" level="DEBUG">http://127.0.0.1:4723 "GET /wd/hub/session/2954f18e-9e14-4d70-b84e-ef668fe57167/element/37f33745-6bbf-4808-b5aa-9fefaacd6d11/displayed HTTP/1.1" 200 14</msg>
<msg timestamp="20200630 20:06:55.746" level="DEBUG">Finished Request</msg>
<msg timestamp="20200630 20:06:55.747" level="TRACE">Return: None</msg>
<status status="PASS" starttime="20200630 20:06:55.716" endtime="20200630 20:06:55.747"></status>
</kw>
<msg timestamp="20200630 20:06:55.747" level="TRACE">Return: None</msg>
<status status="PASS" starttime="20200630 20:06:55.055" endtime="20200630 20:06:55.747"></status>
</kw>
<kw name="Click Element" library="AppiumLibrary">
<doc>Click element identified by `locator`.</doc>
<arguments>
<arg>${locator}</arg>
</arguments>
<msg timestamp="20200630 20:06:55.748" level="TRACE">Arguments: [ 'id=action_save_changes' ]</msg>
<msg timestamp="20200630 20:06:55.749" level="INFO">Clicking element 'id=action_save_changes'.</msg>
<msg timestamp="20200630 20:06:55.749" level="DEBUG">POST http://127.0.0.1:4723/wd/hub/session/2954f18e-9e14-4d70-b84e-ef668fe57167/elements {"using": "id", "value": "action_save_changes"}</msg>
<msg timestamp="20200630 20:06:55.762" level="DEBUG">http://127.0.0.1:4723 "POST /wd/hub/session/2954f18e-9e14-4d70-b84e-ef668fe57167/elements HTTP/1.1" 200 139</msg>
<msg timestamp="20200630 20:06:55.763" level="DEBUG">Finished Request</msg>
<msg timestamp="20200630 20:06:55.763" level="DEBUG">POST http://127.0.0.1:4723/wd/hub/session/2954f18e-9e14-4d70-b84e-ef668fe57167/element/7255acda-20b0-44b3-b7c8-0811db2b4edc/click {"id": "7255acda-20b0-44b3-b7c8-0811db2b4edc"}</msg>
[...]
<msg timestamp="20200630 20:07:02.994" level="DEBUG">Finished Request</msg>
<msg timestamp="20200630 20:07:02.995" level="TRACE">Return: None</msg>
<status status="PASS" starttime="20200630 20:07:02.961" endtime="20200630 20:07:02.995"></status>
</kw>
<msg timestamp="20200630 20:07:02.995" level="TRACE">Return: None</msg>
<status status="PASS" starttime="20200630 20:07:02.942" endtime="20200630 20:07:02.995"></status>
</kw>
<kw name="Click Element" library="AppiumLibrary">
<doc>Click element identified by `locator`.</doc>
<arguments>
<arg>${locator}</arg>
</arguments>
<msg timestamp="20200630 20:07:02.996" level="TRACE">Arguments: [ 'id=action_delete_item' ]</msg>
<msg timestamp="20200630 20:07:02.997" level="INFO">Clicking element 'id=action_delete_item'.</msg>
<msg timestamp="20200630 20:07:02.998" level="DEBUG">POST http://127.0.0.1:4723/wd/hub/session/2954f18e-9e14-4d70-b84e-ef668fe57167/elements {"using": "id", "value": "action_delete_item"}</msg>
<msg timestamp="20200630 20:07:03.013" level="DEBUG">http://127.0.0.1:4723 "POST /wd/hub/session/2954f18e-9e14-4d70-b84e-ef668fe57167/elements HTTP/1.1" 200 139</msg>
<msg timestamp="20200630 20:07:03.014" level="DEBUG">Finished Request</msg>
<msg timestamp="20200630 20:07:03.014" level="DEBUG">POST http://127.0.0.1:4723/wd/hub/session/2954f18e-9e14-4d70-b84e-ef668fe57167/element/3db4490a-fc37-4d5d-8dac-95feef1d874d/click {"id": "3db4490a-fc37-4d5d-8dac-95feef1d874d"}</msg>
<msg timestamp="20200630 20:07:03.031" level="DEBUG">http://127.0.0.1:4723 "POST /wd/hub/session/2954f18e-9e14-4d70-b84e-ef668fe57167/element/3db4490a-fc37-4d5d-8dac-95feef1d874d/click HTTP/1.1" 200 14</msg>
<msg timestamp="20200630 20:07:03.032" level="DEBUG">Finished Request</msg>
<msg timestamp="20200630 20:07:03.032" level="TRACE">Return: None</msg>
<status status="PASS" starttime="20200630 20:07:02.996" endtime="20200630 20:07:03.033"></status>
</kw>
<msg timestamp="20200630 20:07:03.033" level="TRACE">Return: None</msg>
<status status="PASS" starttime="20200630 20:07:02.941" endtime="20200630 20:07:03.033"></status>
</kw>
<kw name="Wait Until Element Is Visible On Page" library="Keywords">
<arguments>
<arg>id=md_title</arg>
<arg>timeout=3s</arg>
<arg>error=Dialog should be visible.</arg>
</arguments>
<msg timestamp="20200630 20:07:03.034" level="TRACE">Arguments: [ ${locator}='id=md_title' | ${timeout}='3s' | ${error}='Dialog should be visible.' ]</msg>
<kw name="Wait Until Page Contains Element" library="AppiumLibrary">
<doc>Waits until element specified with `locator` appears on current page.</doc>
<arguments>
<arg>${locator}</arg>
<arg>timeout=${timeout}</arg>
<arg>error=${error}</arg>
</arguments>
<msg timestamp="20200630 20:07:03.035" level="TRACE">Arguments: [ 'id=md_title' | timeout='3s' | error='Dialog should be visible.' ]</msg>
<msg timestamp="20200630 20:07:03.035" level="DEBUG">POST http://127.0.0.1:4723/wd/hub/session/2954f18e-9e14-4d70-b84e-ef668fe57167/elements {"using": "id", "value": "md_title"}</msg>
<msg timestamp="20200630 20:07:03.062" level="DEBUG">http://127.0.0.1:4723 "POST /wd/hub/session/2954f18e-9e14-4d70-b84e-ef668fe57167/elements HTTP/1.1" 200 12</msg>
<msg timestamp="20200630 20:07:03.063" level="DEBUG">Finished Request</msg>
<msg timestamp="20200630 20:07:03.263" level="DEBUG">POST http://127.0.0.1:4723/wd/hub/session/2954f18e-9e14-4d70-b84e-ef668fe57167/elements {"using": "id", "value": "md_title"}</msg>
<msg timestamp="20200630 20:07:03.704" level="DEBUG">http://127.0.0.1:4723 "POST /wd/hub/session/2954f18e-9e14-4d70-b84e-ef668fe57167/elements HTTP/1.1" 200 139</msg>
<msg timestamp="20200630 20:07:03.704" level="DEBUG">Finished Request</msg>
<msg timestamp="20200630 20:07:03.705" level="TRACE">Return: None</msg>
<status status="PASS" starttime="20200630 20:07:03.034" endtime="20200630 20:07:03.705"></status>
</kw>
<kw name="Wait Until Element Is Visible" library="AppiumLibrary">
<doc>Waits until element specified with `locator` is visible.</doc>
<arguments>
<arg>${locator}</arg>
<arg>timeout=${timeout}</arg>
<arg>error=${error}</arg>
</arguments>
<msg timestamp="20200630 20:07:03.706" level="TRACE">Arguments: [ 'id=md_title' | timeout='3s' | error='Dialog should be visible.' ]</msg>
<msg timestamp="20200630 20:07:03.706" level="DEBUG">POST http://127.0.0.1:4723/wd/hub/session/2954f18e-9e14-4d70-b84e-ef668fe57167/elements {"using": "id", "value": "md_title"}</msg>
<msg timestamp="20200630 20:07:03.721" level="DEBUG">http://127.0.0.1:4723 "POST /wd/hub/session/2954f18e-9e14-4d70-b84e-ef668fe57167/elements HTTP/1.1" 200 139</msg>
<msg timestamp="20200630 20:07:03.721" level="DEBUG">Finished Request</msg>
<msg timestamp="20200630 20:07:03.722" level="DEBUG">GET http://127.0.0.1:4723/wd/hub/session/2954f18e-9e14-4d70-b84e-ef668fe57167/element/5b70d74e-f483-4016-98ff-b325d375330d/displayed {"id": "5b70d74e-f483-4016-98ff-b325d375330d"}</msg>
<msg timestamp="20200630 20:07:03.735" level="DEBUG">http://127.0.0.1:4723 "GET /wd/hub/session/2954f18e-9e14-4d70-b84e-ef668fe57167/element/5b70d74e-f483-4016-98ff-b325d375330d/displayed HTTP/1.1" 200 14</msg>
<msg timestamp="20200630 20:07:03.736" level="DEBUG">Finished Request</msg>
<msg timestamp="20200630 20:07:03.736" level="TRACE">Return: None</msg>
<status status="PASS" starttime="20200630 20:07:03.705" endtime="20200630 20:07:03.736"></status>
</kw>
<msg timestamp="20200630 20:07:03.737" level="TRACE">Return: None</msg>
<status status="PASS" starttime="20200630 20:07:03.034" endtime="20200630 20:07:03.737"></status>
</kw>
<kw name="Get Text" library="AppiumLibrary">
<doc>Get element text (for hybrid and mobile browser use `xpath` locator, others might cause problem)</doc>
<arguments>
<arg>id=md_title</arg>
</arguments>
<assign>
<var>${dialogTitle}</var>
</assign>
<msg timestamp="20200630 20:07:03.737" level="TRACE">Arguments: [ 'id=md_title' ]</msg>
<msg timestamp="20200630 20:07:03.737" level="DEBUG">POST http://127.0.0.1:4723/wd/hub/session/2954f18e-9e14-4d70-b84e-ef668fe57167/elements {"using": "id", "value": "md_title"}</msg>
<msg timestamp="20200630 20:07:03.751" level="DEBUG">http://127.0.0.1:4723 "POST /wd/hub/session/2954f18e-9e14-4d70-b84e-ef668fe57167/elements HTTP/1.1" 200 139</msg>
<msg timestamp="20200630 20:07:03.751" level="DEBUG">Finished Request</msg>
<msg timestamp="20200630 20:07:03.752" level="DEBUG">GET http://127.0.0.1:4723/wd/hub/session/2954f18e-9e14-4d70-b84e-ef668fe57167/element/f38fc228-51a3-45b4-be50-c42a2769e0da/text {"id": "f38fc228-51a3-45b4-be50-c42a2769e0da"}</msg>
<msg timestamp="20200630 20:07:03.766" level="DEBUG">http://127.0.0.1:4723 "GET /wd/hub/session/2954f18e-9e14-4d70-b84e-ef668fe57167/element/f38fc228-51a3-45b4-be50-c42a2769e0da/text HTTP/1.1" 200 70</msg>
<msg timestamp="20200630 20:07:03.767" level="DEBUG">Finished Request</msg>
<msg timestamp="20200630 20:07:03.768" level="INFO">Element 'id=md_title' text is 'Warning' </msg>
<msg timestamp="20200630 20:07:03.768" level="TRACE">Return: 'Warning'</msg>
<msg timestamp="20200630 20:07:03.768" level="INFO">${dialogTitle} = Warning</msg>
<status status="PASS" starttime="20200630 20:07:03.737" endtime="20200630 20:07:03.768"></status>
</kw>
<kw name="Should Be Equal" library="BuiltIn">
<doc>Fails if the given objects are unequal.</doc>
<arguments>
<arg>Warning</arg>
<arg>${dialogTitle}</arg>
</arguments>
<msg timestamp="20200630 20:07:03.769" level="TRACE">Arguments: [ 'Warning' | 'Warning' ]</msg>
<msg timestamp="20200630 20:07:03.769" level="DEBUG">Argument types are:
&lt;type 'unicode'&gt;
&lt;type 'unicode'&gt;</msg>
<msg timestamp="20200630 20:07:03.769" level="TRACE">Return: None</msg>
<status status="PASS" starttime="20200630 20:07:03.768" endtime="20200630 20:07:03.769"></status>
</kw>
<kw name="Get Text" library="AppiumLibrary">
<doc>Get element text (for hybrid and mobile browser use `xpath` locator, others might cause problem)</doc>
<arguments>
<arg>id=md_content</arg>
</arguments>
<assign>
<var>${dialogContent}</var>
</assign>
<msg timestamp="20200630 20:07:03.770" level="TRACE">Arguments: [ 'id=md_content' ]</msg>
<msg timestamp="20200630 20:07:03.770" level="DEBUG">POST http://127.0.0.1:4723/wd/hub/session/2954f18e-9e14-4d70-b84e-ef668fe57167/elements {"using": "id", "value": "md_content"}</msg>
<msg timestamp="20200630 20:07:03.785" level="DEBUG">http://127.0.0.1:4723 "POST /wd/hub/session/2954f18e-9e14-4d70-b84e-ef668fe57167/elements HTTP/1.1" 200 139</msg>
<msg timestamp="20200630 20:07:03.786" level="DEBUG">Finished Request</msg>
<msg timestamp="20200630 20:07:03.786" level="DEBUG">GET http://127.0.0.1:4723/wd/hub/session/2954f18e-9e14-4d70-b84e-ef668fe57167/element/4f0a115e-6c87-4a72-b828-e8ad988ecc75/text {"id": "4f0a115e-6c87-4a72-b828-e8ad988ecc75"}</msg>
<msg timestamp="20200630 20:07:03.799" level="DEBUG">http://127.0.0.1:4723 "GET /wd/hub/session/2954f18e-9e14-4d70-b84e-ef668fe57167/element/4f0a115e-6c87-4a72-b828-e8ad988ecc75/text HTTP/1.1" 200 145</msg>
<msg timestamp="20200630 20:07:03.800" level="DEBUG">Finished Request</msg>
<msg timestamp="20200630 20:07:03.801" level="INFO">Element 'id=md_content' text is 'Are you sure you want to delete this wallet? All the related data will be removed.' </msg>
<msg timestamp="20200630 20:07:03.801" level="TRACE">Return: 'Are you sure you want to delete this wallet? All the related data will be removed.'</msg>
<msg timestamp="20200630 20:07:03.801" level="INFO">${dialogContent} = Are you sure you want to delete this wallet? All the related data will be removed.</msg>
<status status="PASS" starttime="20200630 20:07:03.769" endtime="20200630 20:07:03.802"></status>
</kw>
<kw name="Should Be Equal" library="BuiltIn">
<doc>Fails if the given objects are unequal.</doc>
<arguments>
<arg>Are you sure you want to delete this wallet? All the related data will be removed.</arg>
<arg>${dialogContent}</arg>
</arguments>
<msg timestamp="20200630 20:07:03.802" level="TRACE">Arguments: [ 'Are you sure you want to delete this wallet? All the related data will be removed.' | 'Are you sure you want to delete this wallet? All the related data will be removed.' ]</msg>
<msg timestamp="20200630 20:07:03.803" level="DEBUG">Argument types are:
&lt;type 'unicode'&gt;
&lt;type 'unicode'&gt;</msg>
<msg timestamp="20200630 20:07:03.803" level="TRACE">Return: None</msg>
<status status="PASS" starttime="20200630 20:07:03.802" endtime="20200630 20:07:03.803"></status>
</kw>
<kw name="Click Element After It Is Visible" library="Keywords">
<arguments>
<arg>id=md_buttonDefaultPositive</arg>
</arguments>
<msg timestamp="20200630 20:07:03.803" level="TRACE">Arguments: [ ${locator}='id=md_buttonDefaultPositive' ]</msg>
<kw name="Wait Until Element Is Visible On Page" library="Keywords">
<arguments>
<arg>${locator}</arg>
<arg>timeout=3s</arg>
<arg>error=Element should be visible.</arg>
</arguments>
<msg timestamp="20200630 20:07:03.804" level="TRACE">Arguments: [ ${locator}='id=md_buttonDefaultPositive' | ${timeout}='3s' | ${error}='Element should be visible.' ]</msg>
<kw name="Wait Until Page Contains Element" library="AppiumLibrary">
<doc>Waits until element specified with `locator` appears on current page.</doc>
<arguments>
<arg>${locator}</arg>
<arg>timeout=${timeout}</arg>
<arg>error=${error}</arg>
</arguments>
<msg timestamp="20200630 20:07:03.805" level="TRACE">Arguments: [ 'id=md_buttonDefaultPositive' | timeout='3s' | error='Element should be visible.' ]</msg>
<msg timestamp="20200630 20:07:03.805" level="DEBUG">POST http://127.0.0.1:4723/wd/hub/session/2954f18e-9e14-4d70-b84e-ef668fe57167/elements {"using": "id", "value": "md_buttonDefaultPositive"}</msg>
<msg timestamp="20200630 20:07:03.818" level="DEBUG">http://127.0.0.1:4723 "POST /wd/hub/session/2954f18e-9e14-4d70-b84e-ef668fe57167/elements HTTP/1.1" 200 139</msg>
<msg timestamp="20200630 20:07:03.819" level="DEBUG">Finished Request</msg>
<msg timestamp="20200630 20:07:03.819" level="TRACE">Return: None</msg>
<status status="PASS" starttime="20200630 20:07:03.804" endtime="20200630 20:07:03.819"></status>
</kw>
<kw name="Wait Until Element Is Visible" library="AppiumLibrary">
<doc>Waits until element specified with `locator` is visible.</doc>
<arguments>
<arg>${locator}</arg>
<arg>timeout=${timeout}</arg>
<arg>error=${error}</arg>
</arguments>
<msg timestamp="20200630 20:07:03.820" level="TRACE">Arguments: [ 'id=md_buttonDefaultPositive' | timeout='3s' | error='Element should be visible.' ]</msg>
<msg timestamp="20200630 20:07:03.821" level="DEBUG">POST http://127.0.0.1:4723/wd/hub/session/2954f18e-9e14-4d70-b84e-ef668fe57167/elements {"using": "id", "value": "md_buttonDefaultPositive"}</msg>
<msg timestamp="20200630 20:07:03.834" level="DEBUG">http://127.0.0.1:4723 "POST /wd/hub/session/2954f18e-9e14-4d70-b84e-ef668fe57167/elements HTTP/1.1" 200 139</msg>
<msg timestamp="20200630 20:07:03.835" level="DEBUG">Finished Request</msg>
<msg timestamp="20200630 20:07:03.835" level="DEBUG">GET http://127.0.0.1:4723/wd/hub/session/2954f18e-9e14-4d70-b84e-ef668fe57167/element/fdc0ea5d-3c49-4804-8c6c-28fc3d70c383/displayed {"id": "fdc0ea5d-3c49-4804-8c6c-28fc3d70c383"}</msg>
<msg timestamp="20200630 20:07:03.850" level="DEBUG">http://127.0.0.1:4723 "GET /wd/hub/session/2954f18e-9e14-4d70-b84e-ef668fe57167/element/fdc0ea5d-3c49-4804-8c6c-28fc3d70c383/displayed HTTP/1.1" 200 14</msg>
<msg timestamp="20200630 20:07:03.851" level="DEBUG">Finished Request</msg>
<msg timestamp="20200630 20:07:03.851" level="TRACE">Return: None</msg>
<status status="PASS" starttime="20200630 20:07:03.820" endtime="20200630 20:07:03.852"></status>
</kw>
<msg timestamp="20200630 20:07:03.852" level="TRACE">Return: None</msg>
<status status="PASS" starttime="20200630 20:07:03.804" endtime="20200630 20:07:03.852"></status>
</kw>
<kw name="Click Element" library="AppiumLibrary">
<doc>Click element identified by `locator`.</doc>
<arguments>
<arg>${locator}</arg>
</arguments>
<msg timestamp="20200630 20:07:03.853" level="TRACE">Arguments: [ 'id=md_buttonDefaultPositive' ]</msg>
<msg timestamp="20200630 20:07:03.854" level="INFO">Clicking element 'id=md_buttonDefaultPositive'.</msg>
<msg timestamp="20200630 20:07:03.854" level="DEBUG">POST http://127.0.0.1:4723/wd/hub/session/2954f18e-9e14-4d70-b84e-ef668fe57167/elements {"using": "id", "value": "md_buttonDefaultPositive"}</msg>
<msg timestamp="20200630 20:07:03.868" level="DEBUG">http://127.0.0.1:4723 "POST /wd/hub/session/2954f18e-9e14-4d70-b84e-ef668fe57167/elements HTTP/1.1" 200 139</msg>
<msg timestamp="20200630 20:07:03.868" level="DEBUG">Finished Request</msg>
<msg timestamp="20200630 20:07:03.868" level="DEBUG">POST http://127.0.0.1:4723/wd/hub/session/2954f18e-9e14-4d70-b84e-ef668fe57167/element/f269a37d-5b8b-4215-9a0a-a35fab399da2/click {"id": "f269a37d-5b8b-4215-9a0a-a35fab399da2"}</msg>
<msg timestamp="20200630 20:07:03.886" level="DEBUG">http://127.0.0.1:4723 "POST /wd/hub/session/2954f18e-9e14-4d70-b84e-ef668fe57167/element/f269a37d-5b8b-4215-9a0a-a35fab399da2/click HTTP/1.1" 200 14</msg>
<msg timestamp="20200630 20:07:03.886" level="DEBUG">Finished Request</msg>
<msg timestamp="20200630 20:07:03.886" level="TRACE">Return: None</msg>
<status status="PASS" starttime="20200630 20:07:03.852" endtime="20200630 20:07:03.887"></status>
</kw>
<msg timestamp="20200630 20:07:03.887" level="TRACE">Return: None</msg>
<status status="PASS" starttime="20200630 20:07:03.803" endtime="20200630 20:07:03.887"></status>
</kw>
<kw name="Page Should Not Contain Element" library="AppiumLibrary">
<doc>Verifies that current page not contains `locator` element.</doc>
<arguments>
<arg>//*[@text="Living Expenses"]</arg>
</arguments>
<msg timestamp="20200630 20:07:03.888" level="TRACE">Arguments: [ '//*[@text="Living Expenses"]' ]</msg>
<msg timestamp="20200630 20:07:03.888" level="DEBUG">POST http://127.0.0.1:4723/wd/hub/session/2954f18e-9e14-4d70-b84e-ef668fe57167/elements {"using": "xpath", "value": "//*[@text=\"Living Expenses\"]"}</msg>
<msg timestamp="20200630 20:07:04.196" level="DEBUG">http://127.0.0.1:4723 "POST /wd/hub/session/2954f18e-9e14-4d70-b84e-ef668fe57167/elements HTTP/1.1" 200 12</msg>
<msg timestamp="20200630 20:07:04.196" level="DEBUG">Finished Request</msg>
<msg timestamp="20200630 20:07:04.197" level="INFO">Current page not contains element '//*[@text="Living Expenses"]'.</msg>
<msg timestamp="20200630 20:07:04.198" level="TRACE">Return: None</msg>
<status status="PASS" starttime="20200630 20:07:03.887" endtime="20200630 20:07:04.198"></status>
</kw>
<msg timestamp="20200630 20:07:04.198" level="TRACE">Return: None</msg>
<status status="PASS" starttime="20200630 20:06:58.867" endtime="20200630 20:07:04.198"></status>
</kw>
<kw name="Close Application" library="AppiumLibrary">
<doc>Closes the current application and also close webdriver session.</doc>
<msg timestamp="20200630 20:07:04.199" level="TRACE">Arguments: [  ]</msg>
<msg timestamp="20200630 20:07:04.200" level="DEBUG">Closing application with session id 2954f18e-9e14-4d70-b84e-ef668fe57167</msg>
<msg timestamp="20200630 20:07:04.200" level="DEBUG">DELETE http://127.0.0.1:4723/wd/hub/session/2954f18e-9e14-4d70-b84e-ef668fe57167 {}</msg>
<msg timestamp="20200630 20:07:04.680" level="DEBUG">http://127.0.0.1:4723 "DELETE /wd/hub/session/2954f18e-9e14-4d70-b84e-ef668fe57167 HTTP/1.1" 200 14</msg>
<msg timestamp="20200630 20:07:04.680" level="DEBUG">Finished Request</msg>
<msg timestamp="20200630 20:07:04.681" level="TRACE">Return: None</msg>
<status status="PASS" starttime="20200630 20:07:04.199" endtime="20200630 20:07:04.681"></status>
</kw>
<msg timestamp="20200630 20:07:04.682" level="TRACE">Return: None</msg>
<status status="PASS" starttime="20200630 20:06:56.462" endtime="20200630 20:07:04.682"></status>
</kw>
<status status="PASS" starttime="20200630 20:06:28.444" endtime="20200630 20:07:04.682" critical="yes"></status>
</test>
<status status="PASS" starttime="20200630 20:06:28.275" endtime="20200630 20:07:04.683"></status>
</suite>
<status status="PASS" starttime="20200630 20:06:28.273" endtime="20200630 20:07:04.687"></status>
</suite>
<status status="PASS" starttime="20200630 20:06:28.254" endtime="20200630 20:07:04.689"></status>
</suite>
<statistics>
<total>
<stat pass="1" fail="0">Critical Tests</stat>
<stat pass="1" fail="0">All Tests</stat>
</total>
<tag>
</tag>
<suite>
<stat pass="1" fail="0" id="s1" name="Moneywallet Test Automation">Moneywallet Test Automation</stat>
<stat pass="1" fail="0" id="s1-s1" name="Wallet">Moneywallet Test Automation.Wallet</stat>
<stat pass="1" fail="0" id="s1-s1-s1" name="Edit a Wallet">Moneywallet Test Automation.Wallet.Edit a Wallet</stat>
</suite>
</statistics>
<errors>
<msg timestamp="20200630 20:06:28.246" level="ERROR">Taking listener './dctlib/listeners/no_rush.py' into use failed: Importing listener 'dctlib\listeners\no_rush.py' failed: ModuleNotFoundError: No module named 'dctlib\\listeners\\no_rush'
Traceback (most recent call last):
  None
PYTHONPATH:
  C:\Program Files\Python36\Lib\site-packages
  C:\Program Files\Python36\python36.zip
  C:\Program Files\Python36\DLLs
  C:\Program Files\Python36\lib
  C:\Program Files\Python36
  C:\Users\lab1321\AppData\Roaming\Python\Python36\site-packages
  C:\Program Files\Python36\lib\site-packages</msg>
<msg timestamp="20200630 20:06:28.249" level="ERROR">Taking listener './dctlib/listeners/close_browser_listener.py' into use failed: Importing listener 'dctlib\listeners\close_browser_listener.py' failed: ModuleNotFoundError: No module named 'dctlib\\listeners\\close_browser_listener'
Traceback (most recent call last):
  None
PYTHONPATH:
  C:\Program Files\Python36\Lib\site-packages
  C:\Program Files\Python36\python36.zip
  C:\Program Files\Python36\DLLs
  C:\Program Files\Python36\lib
  C:\Program Files\Python36
  C:\Users\lab1321\AppData\Roaming\Python\Python36\site-packages
  C:\Program Files\Python36\lib\site-packages</msg>
</errors>
</robot>
